
*** Running vivado
    with args -log design_1_axi_dma_0_1.vds -m64 -product Vivado -mode batch -messageDb vivado.pb -notrace -source design_1_axi_dma_0_1.tcl


****** Vivado v2017.1 (64-bit)
  **** SW Build 1846317 on Fri Apr 14 18:54:47 MDT 2017
  **** IP Build 1846188 on Fri Apr 14 20:52:08 MDT 2017
    ** Copyright 1986-2017 Xilinx, Inc. All Rights Reserved.

source design_1_axi_dma_0_1.tcl -notrace
Starting RTL Elaboration : Time (s): cpu = 00:00:13 ; elapsed = 00:00:14 . Memory (MB): peak = 1199.938 ; gain = 77.996 ; free physical = 2822 ; free virtual = 5756
INFO: [Synth 8-638] synthesizing module 'design_1_axi_dma_0_1' [/home/akshat/Documents/Horus_VPU/Basics/PS_to_PL/PS_to_PL.srcs/sources_1/bd/design_1/ip/design_1_axi_dma_0_1/synth/design_1_axi_dma_0_1.vhd:128]
INFO: [Synth 8-638] synthesizing module 'axi_dma' [/home/akshat/Documents/Horus_VPU/Basics/PS_to_PL/PS_to_PL.srcs/sources_1/bd/design_1/ipshared/e8cb/hdl/axi_dma_v7_1_vh_rfs.vhd:21830]
INFO: [Synth 8-638] synthesizing module 'axi_dma_rst_module' [/home/akshat/Documents/Horus_VPU/Basics/PS_to_PL/PS_to_PL.srcs/sources_1/bd/design_1/ipshared/e8cb/hdl/axi_dma_v7_1_vh_rfs.vhd:1595]
INFO: [Synth 8-638] synthesizing module 'cdc_sync' [/home/akshat/Documents/Horus_VPU/Basics/PS_to_PL/PS_to_PL.srcs/sources_1/bd/design_1/ipshared/52cb/hdl/lib_cdc_v1_0_rfs.vhd:106]
INFO: [Synth 8-256] done synthesizing module 'cdc_sync' (1#1) [/home/akshat/Documents/Horus_VPU/Basics/PS_to_PL/PS_to_PL.srcs/sources_1/bd/design_1/ipshared/52cb/hdl/lib_cdc_v1_0_rfs.vhd:106]
INFO: [Synth 8-638] synthesizing module 'axi_dma_reset' [/home/akshat/Documents/Horus_VPU/Basics/PS_to_PL/PS_to_PL.srcs/sources_1/bd/design_1/ipshared/e8cb/hdl/axi_dma_v7_1_vh_rfs.vhd:603]
INFO: [Synth 8-256] done synthesizing module 'axi_dma_reset' (2#1) [/home/akshat/Documents/Horus_VPU/Basics/PS_to_PL/PS_to_PL.srcs/sources_1/bd/design_1/ipshared/e8cb/hdl/axi_dma_v7_1_vh_rfs.vhd:603]
INFO: [Synth 8-256] done synthesizing module 'axi_dma_rst_module' (3#1) [/home/akshat/Documents/Horus_VPU/Basics/PS_to_PL/PS_to_PL.srcs/sources_1/bd/design_1/ipshared/e8cb/hdl/axi_dma_v7_1_vh_rfs.vhd:1595]
INFO: [Synth 8-638] synthesizing module 'axi_dma_reg_module' [/home/akshat/Documents/Horus_VPU/Basics/PS_to_PL/PS_to_PL.srcs/sources_1/bd/design_1/ipshared/e8cb/hdl/axi_dma_v7_1_vh_rfs.vhd:8254]
INFO: [Synth 8-638] synthesizing module 'axi_dma_lite_if' [/home/akshat/Documents/Horus_VPU/Basics/PS_to_PL/PS_to_PL.srcs/sources_1/bd/design_1/ipshared/e8cb/hdl/axi_dma_v7_1_vh_rfs.vhd:2066]
INFO: [Synth 8-256] done synthesizing module 'axi_dma_lite_if' (4#1) [/home/akshat/Documents/Horus_VPU/Basics/PS_to_PL/PS_to_PL.srcs/sources_1/bd/design_1/ipshared/e8cb/hdl/axi_dma_v7_1_vh_rfs.vhd:2066]
INFO: [Synth 8-638] synthesizing module 'axi_dma_register' [/home/akshat/Documents/Horus_VPU/Basics/PS_to_PL/PS_to_PL.srcs/sources_1/bd/design_1/ipshared/e8cb/hdl/axi_dma_v7_1_vh_rfs.vhd:3604]
INFO: [Synth 8-256] done synthesizing module 'axi_dma_register' (5#1) [/home/akshat/Documents/Horus_VPU/Basics/PS_to_PL/PS_to_PL.srcs/sources_1/bd/design_1/ipshared/e8cb/hdl/axi_dma_v7_1_vh_rfs.vhd:3604]
INFO: [Synth 8-638] synthesizing module 'axi_dma_register_s2mm' [/home/akshat/Documents/Horus_VPU/Basics/PS_to_PL/PS_to_PL.srcs/sources_1/bd/design_1/ipshared/e8cb/hdl/axi_dma_v7_1_vh_rfs.vhd:4837]
INFO: [Synth 8-256] done synthesizing module 'axi_dma_register_s2mm' (6#1) [/home/akshat/Documents/Horus_VPU/Basics/PS_to_PL/PS_to_PL.srcs/sources_1/bd/design_1/ipshared/e8cb/hdl/axi_dma_v7_1_vh_rfs.vhd:4837]
INFO: [Synth 8-256] done synthesizing module 'axi_dma_reg_module' (7#1) [/home/akshat/Documents/Horus_VPU/Basics/PS_to_PL/PS_to_PL.srcs/sources_1/bd/design_1/ipshared/e8cb/hdl/axi_dma_v7_1_vh_rfs.vhd:8254]
INFO: [Synth 8-638] synthesizing module 'axi_dma_mm2s_mngr' [/home/akshat/Documents/Horus_VPU/Basics/PS_to_PL/PS_to_PL.srcs/sources_1/bd/design_1/ipshared/e8cb/hdl/axi_dma_v7_1_vh_rfs.vhd:14884]
INFO: [Synth 8-638] synthesizing module 'axi_dma_smple_sm' [/home/akshat/Documents/Horus_VPU/Basics/PS_to_PL/PS_to_PL.srcs/sources_1/bd/design_1/ipshared/e8cb/hdl/axi_dma_v7_1_vh_rfs.vhd:11685]
INFO: [Synth 8-256] done synthesizing module 'axi_dma_smple_sm' (8#1) [/home/akshat/Documents/Horus_VPU/Basics/PS_to_PL/PS_to_PL.srcs/sources_1/bd/design_1/ipshared/e8cb/hdl/axi_dma_v7_1_vh_rfs.vhd:11685]
INFO: [Synth 8-638] synthesizing module 'axi_dma_mm2s_cmdsts_if' [/home/akshat/Documents/Horus_VPU/Basics/PS_to_PL/PS_to_PL.srcs/sources_1/bd/design_1/ipshared/e8cb/hdl/axi_dma_v7_1_vh_rfs.vhd:13668]
INFO: [Synth 8-256] done synthesizing module 'axi_dma_mm2s_cmdsts_if' (9#1) [/home/akshat/Documents/Horus_VPU/Basics/PS_to_PL/PS_to_PL.srcs/sources_1/bd/design_1/ipshared/e8cb/hdl/axi_dma_v7_1_vh_rfs.vhd:13668]
INFO: [Synth 8-638] synthesizing module 'axi_dma_mm2s_sts_mngr' [/home/akshat/Documents/Horus_VPU/Basics/PS_to_PL/PS_to_PL.srcs/sources_1/bd/design_1/ipshared/e8cb/hdl/axi_dma_v7_1_vh_rfs.vhd:13983]
INFO: [Synth 8-256] done synthesizing module 'axi_dma_mm2s_sts_mngr' (10#1) [/home/akshat/Documents/Horus_VPU/Basics/PS_to_PL/PS_to_PL.srcs/sources_1/bd/design_1/ipshared/e8cb/hdl/axi_dma_v7_1_vh_rfs.vhd:13983]
INFO: [Synth 8-256] done synthesizing module 'axi_dma_mm2s_mngr' (11#1) [/home/akshat/Documents/Horus_VPU/Basics/PS_to_PL/PS_to_PL.srcs/sources_1/bd/design_1/ipshared/e8cb/hdl/axi_dma_v7_1_vh_rfs.vhd:14884]
INFO: [Synth 8-638] synthesizing module 'axi_dma_sofeof_gen' [/home/akshat/Documents/Horus_VPU/Basics/PS_to_PL/PS_to_PL.srcs/sources_1/bd/design_1/ipshared/e8cb/hdl/axi_dma_v7_1_vh_rfs.vhd:11155]
INFO: [Synth 8-256] done synthesizing module 'axi_dma_sofeof_gen' (12#1) [/home/akshat/Documents/Horus_VPU/Basics/PS_to_PL/PS_to_PL.srcs/sources_1/bd/design_1/ipshared/e8cb/hdl/axi_dma_v7_1_vh_rfs.vhd:11155]
INFO: [Synth 8-638] synthesizing module 'axi_dma_s2mm_mngr' [/home/akshat/Documents/Horus_VPU/Basics/PS_to_PL/PS_to_PL.srcs/sources_1/bd/design_1/ipshared/e8cb/hdl/axi_dma_v7_1_vh_rfs.vhd:20222]
INFO: [Synth 8-638] synthesizing module 'axi_dma_s2mm_cmdsts_if' [/home/akshat/Documents/Horus_VPU/Basics/PS_to_PL/PS_to_PL.srcs/sources_1/bd/design_1/ipshared/e8cb/hdl/axi_dma_v7_1_vh_rfs.vhd:18487]
INFO: [Synth 8-256] done synthesizing module 'axi_dma_s2mm_cmdsts_if' (13#1) [/home/akshat/Documents/Horus_VPU/Basics/PS_to_PL/PS_to_PL.srcs/sources_1/bd/design_1/ipshared/e8cb/hdl/axi_dma_v7_1_vh_rfs.vhd:18487]
INFO: [Synth 8-638] synthesizing module 'axi_dma_s2mm_sts_mngr' [/home/akshat/Documents/Horus_VPU/Basics/PS_to_PL/PS_to_PL.srcs/sources_1/bd/design_1/ipshared/e8cb/hdl/axi_dma_v7_1_vh_rfs.vhd:18917]
INFO: [Synth 8-256] done synthesizing module 'axi_dma_s2mm_sts_mngr' (14#1) [/home/akshat/Documents/Horus_VPU/Basics/PS_to_PL/PS_to_PL.srcs/sources_1/bd/design_1/ipshared/e8cb/hdl/axi_dma_v7_1_vh_rfs.vhd:18917]
INFO: [Synth 8-256] done synthesizing module 'axi_dma_s2mm_mngr' (15#1) [/home/akshat/Documents/Horus_VPU/Basics/PS_to_PL/PS_to_PL.srcs/sources_1/bd/design_1/ipshared/e8cb/hdl/axi_dma_v7_1_vh_rfs.vhd:20222]
INFO: [Synth 8-638] synthesizing module 'axi_datamover' [/home/akshat/Documents/Horus_VPU/Basics/PS_to_PL/PS_to_PL.srcs/sources_1/bd/design_1/ipshared/9afd/hdl/axi_datamover_v5_1_vh_rfs.vhd:55410]
INFO: [Synth 8-638] synthesizing module 'axi_datamover_mm2s_full_wrap' [/home/akshat/Documents/Horus_VPU/Basics/PS_to_PL/PS_to_PL.srcs/sources_1/bd/design_1/ipshared/9afd/hdl/axi_datamover_v5_1_vh_rfs.vhd:53548]
INFO: [Synth 8-638] synthesizing module 'axi_datamover_reset' [/home/akshat/Documents/Horus_VPU/Basics/PS_to_PL/PS_to_PL.srcs/sources_1/bd/design_1/ipshared/9afd/hdl/axi_datamover_v5_1_vh_rfs.vhd:153]
INFO: [Synth 8-256] done synthesizing module 'axi_datamover_reset' (16#1) [/home/akshat/Documents/Horus_VPU/Basics/PS_to_PL/PS_to_PL.srcs/sources_1/bd/design_1/ipshared/9afd/hdl/axi_datamover_v5_1_vh_rfs.vhd:153]
INFO: [Synth 8-638] synthesizing module 'axi_datamover_cmd_status' [/home/akshat/Documents/Horus_VPU/Basics/PS_to_PL/PS_to_PL.srcs/sources_1/bd/design_1/ipshared/9afd/hdl/axi_datamover_v5_1_vh_rfs.vhd:2693]
INFO: [Synth 8-638] synthesizing module 'axi_datamover_fifo' [/home/akshat/Documents/Horus_VPU/Basics/PS_to_PL/PS_to_PL.srcs/sources_1/bd/design_1/ipshared/9afd/hdl/axi_datamover_v5_1_vh_rfs.vhd:1881]
INFO: [Synth 8-256] done synthesizing module 'axi_datamover_fifo' (17#1) [/home/akshat/Documents/Horus_VPU/Basics/PS_to_PL/PS_to_PL.srcs/sources_1/bd/design_1/ipshared/9afd/hdl/axi_datamover_v5_1_vh_rfs.vhd:1881]
INFO: [Synth 8-638] synthesizing module 'axi_datamover_fifo__parameterized0' [/home/akshat/Documents/Horus_VPU/Basics/PS_to_PL/PS_to_PL.srcs/sources_1/bd/design_1/ipshared/9afd/hdl/axi_datamover_v5_1_vh_rfs.vhd:1881]
INFO: [Synth 8-256] done synthesizing module 'axi_datamover_fifo__parameterized0' (17#1) [/home/akshat/Documents/Horus_VPU/Basics/PS_to_PL/PS_to_PL.srcs/sources_1/bd/design_1/ipshared/9afd/hdl/axi_datamover_v5_1_vh_rfs.vhd:1881]
INFO: [Synth 8-256] done synthesizing module 'axi_datamover_cmd_status' (18#1) [/home/akshat/Documents/Horus_VPU/Basics/PS_to_PL/PS_to_PL.srcs/sources_1/bd/design_1/ipshared/9afd/hdl/axi_datamover_v5_1_vh_rfs.vhd:2693]
INFO: [Synth 8-638] synthesizing module 'axi_datamover_rd_status_cntl' [/home/akshat/Documents/Horus_VPU/Basics/PS_to_PL/PS_to_PL.srcs/sources_1/bd/design_1/ipshared/9afd/hdl/axi_datamover_v5_1_vh_rfs.vhd:13741]
INFO: [Synth 8-256] done synthesizing module 'axi_datamover_rd_status_cntl' (19#1) [/home/akshat/Documents/Horus_VPU/Basics/PS_to_PL/PS_to_PL.srcs/sources_1/bd/design_1/ipshared/9afd/hdl/axi_datamover_v5_1_vh_rfs.vhd:13741]
INFO: [Synth 8-638] synthesizing module 'axi_datamover_pcc' [/home/akshat/Documents/Horus_VPU/Basics/PS_to_PL/PS_to_PL.srcs/sources_1/bd/design_1/ipshared/9afd/hdl/axi_datamover_v5_1_vh_rfs.vhd:7411]
INFO: [Synth 8-638] synthesizing module 'axi_datamover_strb_gen2' [/home/akshat/Documents/Horus_VPU/Basics/PS_to_PL/PS_to_PL.srcs/sources_1/bd/design_1/ipshared/9afd/hdl/axi_datamover_v5_1_vh_rfs.vhd:4337]
INFO: [Synth 8-256] done synthesizing module 'axi_datamover_strb_gen2' (20#1) [/home/akshat/Documents/Horus_VPU/Basics/PS_to_PL/PS_to_PL.srcs/sources_1/bd/design_1/ipshared/9afd/hdl/axi_datamover_v5_1_vh_rfs.vhd:4337]
INFO: [Synth 8-638] synthesizing module 'axi_datamover_strb_gen2__parameterized0' [/home/akshat/Documents/Horus_VPU/Basics/PS_to_PL/PS_to_PL.srcs/sources_1/bd/design_1/ipshared/9afd/hdl/axi_datamover_v5_1_vh_rfs.vhd:4337]
INFO: [Synth 8-256] done synthesizing module 'axi_datamover_strb_gen2__parameterized0' (20#1) [/home/akshat/Documents/Horus_VPU/Basics/PS_to_PL/PS_to_PL.srcs/sources_1/bd/design_1/ipshared/9afd/hdl/axi_datamover_v5_1_vh_rfs.vhd:4337]
INFO: [Synth 8-256] done synthesizing module 'axi_datamover_pcc' (21#1) [/home/akshat/Documents/Horus_VPU/Basics/PS_to_PL/PS_to_PL.srcs/sources_1/bd/design_1/ipshared/9afd/hdl/axi_datamover_v5_1_vh_rfs.vhd:7411]
INFO: [Synth 8-638] synthesizing module 'axi_datamover_addr_cntl' [/home/akshat/Documents/Horus_VPU/Basics/PS_to_PL/PS_to_PL.srcs/sources_1/bd/design_1/ipshared/9afd/hdl/axi_datamover_v5_1_vh_rfs.vhd:9995]
INFO: [Synth 8-638] synthesizing module 'axi_datamover_fifo__parameterized1' [/home/akshat/Documents/Horus_VPU/Basics/PS_to_PL/PS_to_PL.srcs/sources_1/bd/design_1/ipshared/9afd/hdl/axi_datamover_v5_1_vh_rfs.vhd:1881]
INFO: [Synth 8-638] synthesizing module 'srl_fifo_f' [/home/akshat/Documents/Horus_VPU/Basics/PS_to_PL/PS_to_PL.srcs/sources_1/bd/design_1/ipshared/6039/hdl/lib_srl_fifo_v1_0_rfs.vhd:1000]
INFO: [Synth 8-638] synthesizing module 'srl_fifo_rbu_f' [/home/akshat/Documents/Horus_VPU/Basics/PS_to_PL/PS_to_PL.srcs/sources_1/bd/design_1/ipshared/6039/hdl/lib_srl_fifo_v1_0_rfs.vhd:697]
INFO: [Synth 8-638] synthesizing module 'cntr_incr_decr_addn_f' [/home/akshat/Documents/Horus_VPU/Basics/PS_to_PL/PS_to_PL.srcs/sources_1/bd/design_1/ipshared/6039/hdl/lib_srl_fifo_v1_0_rfs.vhd:143]
INFO: [Synth 8-256] done synthesizing module 'cntr_incr_decr_addn_f' (22#1) [/home/akshat/Documents/Horus_VPU/Basics/PS_to_PL/PS_to_PL.srcs/sources_1/bd/design_1/ipshared/6039/hdl/lib_srl_fifo_v1_0_rfs.vhd:143]
INFO: [Synth 8-638] synthesizing module 'dynshreg_f' [/home/akshat/Documents/Horus_VPU/Basics/PS_to_PL/PS_to_PL.srcs/sources_1/bd/design_1/ipshared/6039/hdl/lib_srl_fifo_v1_0_rfs.vhd:397]
INFO: [Synth 8-256] done synthesizing module 'dynshreg_f' (23#1) [/home/akshat/Documents/Horus_VPU/Basics/PS_to_PL/PS_to_PL.srcs/sources_1/bd/design_1/ipshared/6039/hdl/lib_srl_fifo_v1_0_rfs.vhd:397]
INFO: [Synth 8-256] done synthesizing module 'srl_fifo_rbu_f' (24#1) [/home/akshat/Documents/Horus_VPU/Basics/PS_to_PL/PS_to_PL.srcs/sources_1/bd/design_1/ipshared/6039/hdl/lib_srl_fifo_v1_0_rfs.vhd:697]
INFO: [Synth 8-256] done synthesizing module 'srl_fifo_f' (25#1) [/home/akshat/Documents/Horus_VPU/Basics/PS_to_PL/PS_to_PL.srcs/sources_1/bd/design_1/ipshared/6039/hdl/lib_srl_fifo_v1_0_rfs.vhd:1000]
INFO: [Synth 8-256] done synthesizing module 'axi_datamover_fifo__parameterized1' (25#1) [/home/akshat/Documents/Horus_VPU/Basics/PS_to_PL/PS_to_PL.srcs/sources_1/bd/design_1/ipshared/9afd/hdl/axi_datamover_v5_1_vh_rfs.vhd:1881]
INFO: [Synth 8-256] done synthesizing module 'axi_datamover_addr_cntl' (26#1) [/home/akshat/Documents/Horus_VPU/Basics/PS_to_PL/PS_to_PL.srcs/sources_1/bd/design_1/ipshared/9afd/hdl/axi_datamover_v5_1_vh_rfs.vhd:9995]
INFO: [Synth 8-638] synthesizing module 'axi_datamover_rddata_cntl' [/home/akshat/Documents/Horus_VPU/Basics/PS_to_PL/PS_to_PL.srcs/sources_1/bd/design_1/ipshared/9afd/hdl/axi_datamover_v5_1_vh_rfs.vhd:12180]
INFO: [Synth 8-638] synthesizing module 'axi_datamover_rdmux' [/home/akshat/Documents/Horus_VPU/Basics/PS_to_PL/PS_to_PL.srcs/sources_1/bd/design_1/ipshared/9afd/hdl/axi_datamover_v5_1_vh_rfs.vhd:10676]
INFO: [Synth 8-256] done synthesizing module 'axi_datamover_rdmux' (27#1) [/home/akshat/Documents/Horus_VPU/Basics/PS_to_PL/PS_to_PL.srcs/sources_1/bd/design_1/ipshared/9afd/hdl/axi_datamover_v5_1_vh_rfs.vhd:10676]
INFO: [Synth 8-638] synthesizing module 'axi_datamover_fifo__parameterized2' [/home/akshat/Documents/Horus_VPU/Basics/PS_to_PL/PS_to_PL.srcs/sources_1/bd/design_1/ipshared/9afd/hdl/axi_datamover_v5_1_vh_rfs.vhd:1881]
INFO: [Synth 8-638] synthesizing module 'srl_fifo_f__parameterized0' [/home/akshat/Documents/Horus_VPU/Basics/PS_to_PL/PS_to_PL.srcs/sources_1/bd/design_1/ipshared/6039/hdl/lib_srl_fifo_v1_0_rfs.vhd:1000]
INFO: [Synth 8-638] synthesizing module 'srl_fifo_rbu_f__parameterized0' [/home/akshat/Documents/Horus_VPU/Basics/PS_to_PL/PS_to_PL.srcs/sources_1/bd/design_1/ipshared/6039/hdl/lib_srl_fifo_v1_0_rfs.vhd:697]
INFO: [Synth 8-638] synthesizing module 'dynshreg_f__parameterized0' [/home/akshat/Documents/Horus_VPU/Basics/PS_to_PL/PS_to_PL.srcs/sources_1/bd/design_1/ipshared/6039/hdl/lib_srl_fifo_v1_0_rfs.vhd:397]
INFO: [Synth 8-256] done synthesizing module 'dynshreg_f__parameterized0' (27#1) [/home/akshat/Documents/Horus_VPU/Basics/PS_to_PL/PS_to_PL.srcs/sources_1/bd/design_1/ipshared/6039/hdl/lib_srl_fifo_v1_0_rfs.vhd:397]
INFO: [Synth 8-256] done synthesizing module 'srl_fifo_rbu_f__parameterized0' (27#1) [/home/akshat/Documents/Horus_VPU/Basics/PS_to_PL/PS_to_PL.srcs/sources_1/bd/design_1/ipshared/6039/hdl/lib_srl_fifo_v1_0_rfs.vhd:697]
INFO: [Synth 8-256] done synthesizing module 'srl_fifo_f__parameterized0' (27#1) [/home/akshat/Documents/Horus_VPU/Basics/PS_to_PL/PS_to_PL.srcs/sources_1/bd/design_1/ipshared/6039/hdl/lib_srl_fifo_v1_0_rfs.vhd:1000]
INFO: [Synth 8-256] done synthesizing module 'axi_datamover_fifo__parameterized2' (27#1) [/home/akshat/Documents/Horus_VPU/Basics/PS_to_PL/PS_to_PL.srcs/sources_1/bd/design_1/ipshared/9afd/hdl/axi_datamover_v5_1_vh_rfs.vhd:1881]
INFO: [Synth 8-256] done synthesizing module 'axi_datamover_rddata_cntl' (28#1) [/home/akshat/Documents/Horus_VPU/Basics/PS_to_PL/PS_to_PL.srcs/sources_1/bd/design_1/ipshared/9afd/hdl/axi_datamover_v5_1_vh_rfs.vhd:12180]
INFO: [Synth 8-638] synthesizing module 'axi_datamover_rd_sf' [/home/akshat/Documents/Horus_VPU/Basics/PS_to_PL/PS_to_PL.srcs/sources_1/bd/design_1/ipshared/9afd/hdl/axi_datamover_v5_1_vh_rfs.vhd:20200]
INFO: [Synth 8-638] synthesizing module 'axi_datamover_fifo__parameterized3' [/home/akshat/Documents/Horus_VPU/Basics/PS_to_PL/PS_to_PL.srcs/sources_1/bd/design_1/ipshared/9afd/hdl/axi_datamover_v5_1_vh_rfs.vhd:1881]
INFO: [Synth 8-638] synthesizing module 'srl_fifo_f__parameterized1' [/home/akshat/Documents/Horus_VPU/Basics/PS_to_PL/PS_to_PL.srcs/sources_1/bd/design_1/ipshared/6039/hdl/lib_srl_fifo_v1_0_rfs.vhd:1000]
INFO: [Synth 8-638] synthesizing module 'srl_fifo_rbu_f__parameterized1' [/home/akshat/Documents/Horus_VPU/Basics/PS_to_PL/PS_to_PL.srcs/sources_1/bd/design_1/ipshared/6039/hdl/lib_srl_fifo_v1_0_rfs.vhd:697]
INFO: [Synth 8-638] synthesizing module 'dynshreg_f__parameterized1' [/home/akshat/Documents/Horus_VPU/Basics/PS_to_PL/PS_to_PL.srcs/sources_1/bd/design_1/ipshared/6039/hdl/lib_srl_fifo_v1_0_rfs.vhd:397]
INFO: [Synth 8-256] done synthesizing module 'dynshreg_f__parameterized1' (28#1) [/home/akshat/Documents/Horus_VPU/Basics/PS_to_PL/PS_to_PL.srcs/sources_1/bd/design_1/ipshared/6039/hdl/lib_srl_fifo_v1_0_rfs.vhd:397]
INFO: [Synth 8-256] done synthesizing module 'srl_fifo_rbu_f__parameterized1' (28#1) [/home/akshat/Documents/Horus_VPU/Basics/PS_to_PL/PS_to_PL.srcs/sources_1/bd/design_1/ipshared/6039/hdl/lib_srl_fifo_v1_0_rfs.vhd:697]
INFO: [Synth 8-256] done synthesizing module 'srl_fifo_f__parameterized1' (28#1) [/home/akshat/Documents/Horus_VPU/Basics/PS_to_PL/PS_to_PL.srcs/sources_1/bd/design_1/ipshared/6039/hdl/lib_srl_fifo_v1_0_rfs.vhd:1000]
INFO: [Synth 8-256] done synthesizing module 'axi_datamover_fifo__parameterized3' (28#1) [/home/akshat/Documents/Horus_VPU/Basics/PS_to_PL/PS_to_PL.srcs/sources_1/bd/design_1/ipshared/9afd/hdl/axi_datamover_v5_1_vh_rfs.vhd:1881]
INFO: [Synth 8-638] synthesizing module 'axi_datamover_sfifo_autord' [/home/akshat/Documents/Horus_VPU/Basics/PS_to_PL/PS_to_PL.srcs/sources_1/bd/design_1/ipshared/9afd/hdl/axi_datamover_v5_1_vh_rfs.vhd:1294]
INFO: [Synth 8-638] synthesizing module 'sync_fifo_fg' [/home/akshat/Documents/Horus_VPU/Basics/PS_to_PL/PS_to_PL.srcs/sources_1/bd/design_1/ipshared/c387/hdl/lib_fifo_v1_0_rfs.vhd:2097]
INFO: [Synth 8-256] done synthesizing module 'sync_fifo_fg' (57#1) [/home/akshat/Documents/Horus_VPU/Basics/PS_to_PL/PS_to_PL.srcs/sources_1/bd/design_1/ipshared/c387/hdl/lib_fifo_v1_0_rfs.vhd:2097]
INFO: [Synth 8-256] done synthesizing module 'axi_datamover_sfifo_autord' (58#1) [/home/akshat/Documents/Horus_VPU/Basics/PS_to_PL/PS_to_PL.srcs/sources_1/bd/design_1/ipshared/9afd/hdl/axi_datamover_v5_1_vh_rfs.vhd:1294]
INFO: [Synth 8-256] done synthesizing module 'axi_datamover_rd_sf' (59#1) [/home/akshat/Documents/Horus_VPU/Basics/PS_to_PL/PS_to_PL.srcs/sources_1/bd/design_1/ipshared/9afd/hdl/axi_datamover_v5_1_vh_rfs.vhd:20200]
INFO: [Synth 8-638] synthesizing module 'axi_datamover_skid_buf' [/home/akshat/Documents/Horus_VPU/Basics/PS_to_PL/PS_to_PL.srcs/sources_1/bd/design_1/ipshared/9afd/hdl/axi_datamover_v5_1_vh_rfs.vhd:19492]
INFO: [Synth 8-256] done synthesizing module 'axi_datamover_skid_buf' (60#1) [/home/akshat/Documents/Horus_VPU/Basics/PS_to_PL/PS_to_PL.srcs/sources_1/bd/design_1/ipshared/9afd/hdl/axi_datamover_v5_1_vh_rfs.vhd:19492]
INFO: [Synth 8-256] done synthesizing module 'axi_datamover_mm2s_full_wrap' (61#1) [/home/akshat/Documents/Horus_VPU/Basics/PS_to_PL/PS_to_PL.srcs/sources_1/bd/design_1/ipshared/9afd/hdl/axi_datamover_v5_1_vh_rfs.vhd:53548]
INFO: [Synth 8-638] synthesizing module 'axi_datamover_s2mm_full_wrap' [/home/akshat/Documents/Horus_VPU/Basics/PS_to_PL/PS_to_PL.srcs/sources_1/bd/design_1/ipshared/9afd/hdl/axi_datamover_v5_1_vh_rfs.vhd:49982]
INFO: [Synth 8-638] synthesizing module 'axi_datamover_cmd_status__parameterized0' [/home/akshat/Documents/Horus_VPU/Basics/PS_to_PL/PS_to_PL.srcs/sources_1/bd/design_1/ipshared/9afd/hdl/axi_datamover_v5_1_vh_rfs.vhd:2693]
INFO: [Synth 8-638] synthesizing module 'axi_datamover_fifo__parameterized4' [/home/akshat/Documents/Horus_VPU/Basics/PS_to_PL/PS_to_PL.srcs/sources_1/bd/design_1/ipshared/9afd/hdl/axi_datamover_v5_1_vh_rfs.vhd:1881]
INFO: [Synth 8-256] done synthesizing module 'axi_datamover_fifo__parameterized4' (61#1) [/home/akshat/Documents/Horus_VPU/Basics/PS_to_PL/PS_to_PL.srcs/sources_1/bd/design_1/ipshared/9afd/hdl/axi_datamover_v5_1_vh_rfs.vhd:1881]
INFO: [Synth 8-256] done synthesizing module 'axi_datamover_cmd_status__parameterized0' (61#1) [/home/akshat/Documents/Horus_VPU/Basics/PS_to_PL/PS_to_PL.srcs/sources_1/bd/design_1/ipshared/9afd/hdl/axi_datamover_v5_1_vh_rfs.vhd:2693]
INFO: [Synth 8-638] synthesizing module 'axi_datamover_wr_status_cntl' [/home/akshat/Documents/Horus_VPU/Basics/PS_to_PL/PS_to_PL.srcs/sources_1/bd/design_1/ipshared/9afd/hdl/axi_datamover_v5_1_vh_rfs.vhd:17697]
INFO: [Synth 8-638] synthesizing module 'axi_datamover_fifo__parameterized5' [/home/akshat/Documents/Horus_VPU/Basics/PS_to_PL/PS_to_PL.srcs/sources_1/bd/design_1/ipshared/9afd/hdl/axi_datamover_v5_1_vh_rfs.vhd:1881]
INFO: [Synth 8-638] synthesizing module 'srl_fifo_f__parameterized2' [/home/akshat/Documents/Horus_VPU/Basics/PS_to_PL/PS_to_PL.srcs/sources_1/bd/design_1/ipshared/6039/hdl/lib_srl_fifo_v1_0_rfs.vhd:1000]
INFO: [Synth 8-638] synthesizing module 'srl_fifo_rbu_f__parameterized2' [/home/akshat/Documents/Horus_VPU/Basics/PS_to_PL/PS_to_PL.srcs/sources_1/bd/design_1/ipshared/6039/hdl/lib_srl_fifo_v1_0_rfs.vhd:697]
INFO: [Synth 8-638] synthesizing module 'cntr_incr_decr_addn_f__parameterized0' [/home/akshat/Documents/Horus_VPU/Basics/PS_to_PL/PS_to_PL.srcs/sources_1/bd/design_1/ipshared/6039/hdl/lib_srl_fifo_v1_0_rfs.vhd:143]
INFO: [Synth 8-256] done synthesizing module 'cntr_incr_decr_addn_f__parameterized0' (61#1) [/home/akshat/Documents/Horus_VPU/Basics/PS_to_PL/PS_to_PL.srcs/sources_1/bd/design_1/ipshared/6039/hdl/lib_srl_fifo_v1_0_rfs.vhd:143]
INFO: [Synth 8-638] synthesizing module 'dynshreg_f__parameterized2' [/home/akshat/Documents/Horus_VPU/Basics/PS_to_PL/PS_to_PL.srcs/sources_1/bd/design_1/ipshared/6039/hdl/lib_srl_fifo_v1_0_rfs.vhd:397]
INFO: [Synth 8-256] done synthesizing module 'dynshreg_f__parameterized2' (61#1) [/home/akshat/Documents/Horus_VPU/Basics/PS_to_PL/PS_to_PL.srcs/sources_1/bd/design_1/ipshared/6039/hdl/lib_srl_fifo_v1_0_rfs.vhd:397]
INFO: [Synth 8-256] done synthesizing module 'srl_fifo_rbu_f__parameterized2' (61#1) [/home/akshat/Documents/Horus_VPU/Basics/PS_to_PL/PS_to_PL.srcs/sources_1/bd/design_1/ipshared/6039/hdl/lib_srl_fifo_v1_0_rfs.vhd:697]
INFO: [Synth 8-256] done synthesizing module 'srl_fifo_f__parameterized2' (61#1) [/home/akshat/Documents/Horus_VPU/Basics/PS_to_PL/PS_to_PL.srcs/sources_1/bd/design_1/ipshared/6039/hdl/lib_srl_fifo_v1_0_rfs.vhd:1000]
INFO: [Synth 8-256] done synthesizing module 'axi_datamover_fifo__parameterized5' (61#1) [/home/akshat/Documents/Horus_VPU/Basics/PS_to_PL/PS_to_PL.srcs/sources_1/bd/design_1/ipshared/9afd/hdl/axi_datamover_v5_1_vh_rfs.vhd:1881]
INFO: [Synth 8-638] synthesizing module 'axi_datamover_fifo__parameterized6' [/home/akshat/Documents/Horus_VPU/Basics/PS_to_PL/PS_to_PL.srcs/sources_1/bd/design_1/ipshared/9afd/hdl/axi_datamover_v5_1_vh_rfs.vhd:1881]
INFO: [Synth 8-638] synthesizing module 'srl_fifo_f__parameterized3' [/home/akshat/Documents/Horus_VPU/Basics/PS_to_PL/PS_to_PL.srcs/sources_1/bd/design_1/ipshared/6039/hdl/lib_srl_fifo_v1_0_rfs.vhd:1000]
INFO: [Synth 8-638] synthesizing module 'srl_fifo_rbu_f__parameterized3' [/home/akshat/Documents/Horus_VPU/Basics/PS_to_PL/PS_to_PL.srcs/sources_1/bd/design_1/ipshared/6039/hdl/lib_srl_fifo_v1_0_rfs.vhd:697]
INFO: [Synth 8-638] synthesizing module 'dynshreg_f__parameterized3' [/home/akshat/Documents/Horus_VPU/Basics/PS_to_PL/PS_to_PL.srcs/sources_1/bd/design_1/ipshared/6039/hdl/lib_srl_fifo_v1_0_rfs.vhd:397]
INFO: [Synth 8-256] done synthesizing module 'dynshreg_f__parameterized3' (61#1) [/home/akshat/Documents/Horus_VPU/Basics/PS_to_PL/PS_to_PL.srcs/sources_1/bd/design_1/ipshared/6039/hdl/lib_srl_fifo_v1_0_rfs.vhd:397]
INFO: [Synth 8-256] done synthesizing module 'srl_fifo_rbu_f__parameterized3' (61#1) [/home/akshat/Documents/Horus_VPU/Basics/PS_to_PL/PS_to_PL.srcs/sources_1/bd/design_1/ipshared/6039/hdl/lib_srl_fifo_v1_0_rfs.vhd:697]
INFO: [Synth 8-256] done synthesizing module 'srl_fifo_f__parameterized3' (61#1) [/home/akshat/Documents/Horus_VPU/Basics/PS_to_PL/PS_to_PL.srcs/sources_1/bd/design_1/ipshared/6039/hdl/lib_srl_fifo_v1_0_rfs.vhd:1000]
INFO: [Synth 8-256] done synthesizing module 'axi_datamover_fifo__parameterized6' (61#1) [/home/akshat/Documents/Horus_VPU/Basics/PS_to_PL/PS_to_PL.srcs/sources_1/bd/design_1/ipshared/9afd/hdl/axi_datamover_v5_1_vh_rfs.vhd:1881]
INFO: [Synth 8-256] done synthesizing module 'axi_datamover_wr_status_cntl' (62#1) [/home/akshat/Documents/Horus_VPU/Basics/PS_to_PL/PS_to_PL.srcs/sources_1/bd/design_1/ipshared/9afd/hdl/axi_datamover_v5_1_vh_rfs.vhd:17697]
INFO: [Synth 8-638] synthesizing module 'axi_datamover_ibttcc' [/home/akshat/Documents/Horus_VPU/Basics/PS_to_PL/PS_to_PL.srcs/sources_1/bd/design_1/ipshared/9afd/hdl/axi_datamover_v5_1_vh_rfs.vhd:25723]
INFO: [Synth 8-256] done synthesizing module 'axi_datamover_ibttcc' (63#1) [/home/akshat/Documents/Horus_VPU/Basics/PS_to_PL/PS_to_PL.srcs/sources_1/bd/design_1/ipshared/9afd/hdl/axi_datamover_v5_1_vh_rfs.vhd:25723]
INFO: [Synth 8-638] synthesizing module 'axi_datamover_skid_buf__parameterized0' [/home/akshat/Documents/Horus_VPU/Basics/PS_to_PL/PS_to_PL.srcs/sources_1/bd/design_1/ipshared/9afd/hdl/axi_datamover_v5_1_vh_rfs.vhd:19492]
INFO: [Synth 8-256] done synthesizing module 'axi_datamover_skid_buf__parameterized0' (63#1) [/home/akshat/Documents/Horus_VPU/Basics/PS_to_PL/PS_to_PL.srcs/sources_1/bd/design_1/ipshared/9afd/hdl/axi_datamover_v5_1_vh_rfs.vhd:19492]
INFO: [Synth 8-638] synthesizing module 'axi_datamover_s2mm_realign' [/home/akshat/Documents/Horus_VPU/Basics/PS_to_PL/PS_to_PL.srcs/sources_1/bd/design_1/ipshared/9afd/hdl/axi_datamover_v5_1_vh_rfs.vhd:46998]
INFO: [Synth 8-638] synthesizing module 'axi_datamover_fifo__parameterized7' [/home/akshat/Documents/Horus_VPU/Basics/PS_to_PL/PS_to_PL.srcs/sources_1/bd/design_1/ipshared/9afd/hdl/axi_datamover_v5_1_vh_rfs.vhd:1881]
INFO: [Synth 8-638] synthesizing module 'srl_fifo_f__parameterized4' [/home/akshat/Documents/Horus_VPU/Basics/PS_to_PL/PS_to_PL.srcs/sources_1/bd/design_1/ipshared/6039/hdl/lib_srl_fifo_v1_0_rfs.vhd:1000]
INFO: [Synth 8-638] synthesizing module 'srl_fifo_rbu_f__parameterized4' [/home/akshat/Documents/Horus_VPU/Basics/PS_to_PL/PS_to_PL.srcs/sources_1/bd/design_1/ipshared/6039/hdl/lib_srl_fifo_v1_0_rfs.vhd:697]
INFO: [Synth 8-638] synthesizing module 'dynshreg_f__parameterized4' [/home/akshat/Documents/Horus_VPU/Basics/PS_to_PL/PS_to_PL.srcs/sources_1/bd/design_1/ipshared/6039/hdl/lib_srl_fifo_v1_0_rfs.vhd:397]
INFO: [Synth 8-256] done synthesizing module 'dynshreg_f__parameterized4' (63#1) [/home/akshat/Documents/Horus_VPU/Basics/PS_to_PL/PS_to_PL.srcs/sources_1/bd/design_1/ipshared/6039/hdl/lib_srl_fifo_v1_0_rfs.vhd:397]
INFO: [Synth 8-256] done synthesizing module 'srl_fifo_rbu_f__parameterized4' (63#1) [/home/akshat/Documents/Horus_VPU/Basics/PS_to_PL/PS_to_PL.srcs/sources_1/bd/design_1/ipshared/6039/hdl/lib_srl_fifo_v1_0_rfs.vhd:697]
INFO: [Synth 8-256] done synthesizing module 'srl_fifo_f__parameterized4' (63#1) [/home/akshat/Documents/Horus_VPU/Basics/PS_to_PL/PS_to_PL.srcs/sources_1/bd/design_1/ipshared/6039/hdl/lib_srl_fifo_v1_0_rfs.vhd:1000]
INFO: [Synth 8-256] done synthesizing module 'axi_datamover_fifo__parameterized7' (63#1) [/home/akshat/Documents/Horus_VPU/Basics/PS_to_PL/PS_to_PL.srcs/sources_1/bd/design_1/ipshared/9afd/hdl/axi_datamover_v5_1_vh_rfs.vhd:1881]
INFO: [Synth 8-638] synthesizing module 'axi_datamover_s2mm_dre' [/home/akshat/Documents/Horus_VPU/Basics/PS_to_PL/PS_to_PL.srcs/sources_1/bd/design_1/ipshared/9afd/hdl/axi_datamover_v5_1_vh_rfs.vhd:36555]
INFO: [Synth 8-638] synthesizing module 'axi_datamover_dre_mux2_1_x_n' [/home/akshat/Documents/Horus_VPU/Basics/PS_to_PL/PS_to_PL.srcs/sources_1/bd/design_1/ipshared/9afd/hdl/axi_datamover_v5_1_vh_rfs.vhd:29942]
INFO: [Synth 8-256] done synthesizing module 'axi_datamover_dre_mux2_1_x_n' (64#1) [/home/akshat/Documents/Horus_VPU/Basics/PS_to_PL/PS_to_PL.srcs/sources_1/bd/design_1/ipshared/9afd/hdl/axi_datamover_v5_1_vh_rfs.vhd:29942]
INFO: [Synth 8-638] synthesizing module 'axi_datamover_dre_mux4_1_x_n' [/home/akshat/Documents/Horus_VPU/Basics/PS_to_PL/PS_to_PL.srcs/sources_1/bd/design_1/ipshared/9afd/hdl/axi_datamover_v5_1_vh_rfs.vhd:30089]
INFO: [Synth 8-256] done synthesizing module 'axi_datamover_dre_mux4_1_x_n' (65#1) [/home/akshat/Documents/Horus_VPU/Basics/PS_to_PL/PS_to_PL.srcs/sources_1/bd/design_1/ipshared/9afd/hdl/axi_datamover_v5_1_vh_rfs.vhd:30089]
INFO: [Synth 8-256] done synthesizing module 'axi_datamover_s2mm_dre' (66#1) [/home/akshat/Documents/Horus_VPU/Basics/PS_to_PL/PS_to_PL.srcs/sources_1/bd/design_1/ipshared/9afd/hdl/axi_datamover_v5_1_vh_rfs.vhd:36555]
INFO: [Synth 8-638] synthesizing module 'axi_datamover_s2mm_scatter' [/home/akshat/Documents/Horus_VPU/Basics/PS_to_PL/PS_to_PL.srcs/sources_1/bd/design_1/ipshared/9afd/hdl/axi_datamover_v5_1_vh_rfs.vhd:45105]
INFO: [Synth 8-638] synthesizing module 'axi_datamover_mssai_skid_buf' [/home/akshat/Documents/Horus_VPU/Basics/PS_to_PL/PS_to_PL.srcs/sources_1/bd/design_1/ipshared/9afd/hdl/axi_datamover_v5_1_vh_rfs.vhd:44155]
INFO: [Synth 8-638] synthesizing module 'axi_datamover_ms_strb_set' [/home/akshat/Documents/Horus_VPU/Basics/PS_to_PL/PS_to_PL.srcs/sources_1/bd/design_1/ipshared/9afd/hdl/axi_datamover_v5_1_vh_rfs.vhd:42595]
INFO: [Synth 8-256] done synthesizing module 'axi_datamover_ms_strb_set' (67#1) [/home/akshat/Documents/Horus_VPU/Basics/PS_to_PL/PS_to_PL.srcs/sources_1/bd/design_1/ipshared/9afd/hdl/axi_datamover_v5_1_vh_rfs.vhd:42595]
INFO: [Synth 8-256] done synthesizing module 'axi_datamover_mssai_skid_buf' (68#1) [/home/akshat/Documents/Horus_VPU/Basics/PS_to_PL/PS_to_PL.srcs/sources_1/bd/design_1/ipshared/9afd/hdl/axi_datamover_v5_1_vh_rfs.vhd:44155]
INFO: [Synth 8-638] synthesizing module 'axi_datamover_slice' [/home/akshat/Documents/Horus_VPU/Basics/PS_to_PL/PS_to_PL.srcs/sources_1/bd/design_1/ipshared/9afd/hdl/axi_datamover_v5_1_vh_rfs.vhd:44844]
INFO: [Synth 8-256] done synthesizing module 'axi_datamover_slice' (69#1) [/home/akshat/Documents/Horus_VPU/Basics/PS_to_PL/PS_to_PL.srcs/sources_1/bd/design_1/ipshared/9afd/hdl/axi_datamover_v5_1_vh_rfs.vhd:44844]
INFO: [Synth 8-638] synthesizing module 'axi_datamover_fifo__parameterized8' [/home/akshat/Documents/Horus_VPU/Basics/PS_to_PL/PS_to_PL.srcs/sources_1/bd/design_1/ipshared/9afd/hdl/axi_datamover_v5_1_vh_rfs.vhd:1881]
INFO: [Synth 8-638] synthesizing module 'srl_fifo_f__parameterized5' [/home/akshat/Documents/Horus_VPU/Basics/PS_to_PL/PS_to_PL.srcs/sources_1/bd/design_1/ipshared/6039/hdl/lib_srl_fifo_v1_0_rfs.vhd:1000]
INFO: [Synth 8-638] synthesizing module 'srl_fifo_rbu_f__parameterized5' [/home/akshat/Documents/Horus_VPU/Basics/PS_to_PL/PS_to_PL.srcs/sources_1/bd/design_1/ipshared/6039/hdl/lib_srl_fifo_v1_0_rfs.vhd:697]
INFO: [Synth 8-638] synthesizing module 'cntr_incr_decr_addn_f__parameterized1' [/home/akshat/Documents/Horus_VPU/Basics/PS_to_PL/PS_to_PL.srcs/sources_1/bd/design_1/ipshared/6039/hdl/lib_srl_fifo_v1_0_rfs.vhd:143]
INFO: [Synth 8-256] done synthesizing module 'cntr_incr_decr_addn_f__parameterized1' (69#1) [/home/akshat/Documents/Horus_VPU/Basics/PS_to_PL/PS_to_PL.srcs/sources_1/bd/design_1/ipshared/6039/hdl/lib_srl_fifo_v1_0_rfs.vhd:143]
INFO: [Synth 8-638] synthesizing module 'dynshreg_f__parameterized5' [/home/akshat/Documents/Horus_VPU/Basics/PS_to_PL/PS_to_PL.srcs/sources_1/bd/design_1/ipshared/6039/hdl/lib_srl_fifo_v1_0_rfs.vhd:397]
INFO: [Synth 8-256] done synthesizing module 'dynshreg_f__parameterized5' (69#1) [/home/akshat/Documents/Horus_VPU/Basics/PS_to_PL/PS_to_PL.srcs/sources_1/bd/design_1/ipshared/6039/hdl/lib_srl_fifo_v1_0_rfs.vhd:397]
INFO: [Synth 8-256] done synthesizing module 'srl_fifo_rbu_f__parameterized5' (69#1) [/home/akshat/Documents/Horus_VPU/Basics/PS_to_PL/PS_to_PL.srcs/sources_1/bd/design_1/ipshared/6039/hdl/lib_srl_fifo_v1_0_rfs.vhd:697]
INFO: [Synth 8-256] done synthesizing module 'srl_fifo_f__parameterized5' (69#1) [/home/akshat/Documents/Horus_VPU/Basics/PS_to_PL/PS_to_PL.srcs/sources_1/bd/design_1/ipshared/6039/hdl/lib_srl_fifo_v1_0_rfs.vhd:1000]
INFO: [Synth 8-256] done synthesizing module 'axi_datamover_fifo__parameterized8' (69#1) [/home/akshat/Documents/Horus_VPU/Basics/PS_to_PL/PS_to_PL.srcs/sources_1/bd/design_1/ipshared/9afd/hdl/axi_datamover_v5_1_vh_rfs.vhd:1881]
INFO: [Synth 8-256] done synthesizing module 'axi_datamover_s2mm_scatter' (70#1) [/home/akshat/Documents/Horus_VPU/Basics/PS_to_PL/PS_to_PL.srcs/sources_1/bd/design_1/ipshared/9afd/hdl/axi_datamover_v5_1_vh_rfs.vhd:45105]
INFO: [Synth 8-256] done synthesizing module 'axi_datamover_s2mm_realign' (71#1) [/home/akshat/Documents/Horus_VPU/Basics/PS_to_PL/PS_to_PL.srcs/sources_1/bd/design_1/ipshared/9afd/hdl/axi_datamover_v5_1_vh_rfs.vhd:46998]
INFO: [Synth 8-638] synthesizing module 'axi_datamover_indet_btt' [/home/akshat/Documents/Horus_VPU/Basics/PS_to_PL/PS_to_PL.srcs/sources_1/bd/design_1/ipshared/9afd/hdl/axi_datamover_v5_1_vh_rfs.vhd:28422]
INFO: [Synth 8-638] synthesizing module 'axi_datamover_stbs_set' [/home/akshat/Documents/Horus_VPU/Basics/PS_to_PL/PS_to_PL.srcs/sources_1/bd/design_1/ipshared/9afd/hdl/axi_datamover_v5_1_vh_rfs.vhd:23402]
INFO: [Synth 8-256] done synthesizing module 'axi_datamover_stbs_set' (72#1) [/home/akshat/Documents/Horus_VPU/Basics/PS_to_PL/PS_to_PL.srcs/sources_1/bd/design_1/ipshared/9afd/hdl/axi_datamover_v5_1_vh_rfs.vhd:23402]
INFO: [Synth 8-638] synthesizing module 'axi_datamover_sfifo_autord__parameterized0' [/home/akshat/Documents/Horus_VPU/Basics/PS_to_PL/PS_to_PL.srcs/sources_1/bd/design_1/ipshared/9afd/hdl/axi_datamover_v5_1_vh_rfs.vhd:1294]
INFO: [Synth 8-638] synthesizing module 'sync_fifo_fg__parameterized0' [/home/akshat/Documents/Horus_VPU/Basics/PS_to_PL/PS_to_PL.srcs/sources_1/bd/design_1/ipshared/c387/hdl/lib_fifo_v1_0_rfs.vhd:2097]
INFO: [Synth 8-256] done synthesizing module 'sync_fifo_fg__parameterized0' (73#1) [/home/akshat/Documents/Horus_VPU/Basics/PS_to_PL/PS_to_PL.srcs/sources_1/bd/design_1/ipshared/c387/hdl/lib_fifo_v1_0_rfs.vhd:2097]
INFO: [Synth 8-256] done synthesizing module 'axi_datamover_sfifo_autord__parameterized0' (73#1) [/home/akshat/Documents/Horus_VPU/Basics/PS_to_PL/PS_to_PL.srcs/sources_1/bd/design_1/ipshared/9afd/hdl/axi_datamover_v5_1_vh_rfs.vhd:1294]
INFO: [Synth 8-638] synthesizing module 'axi_datamover_sfifo_autord__parameterized1' [/home/akshat/Documents/Horus_VPU/Basics/PS_to_PL/PS_to_PL.srcs/sources_1/bd/design_1/ipshared/9afd/hdl/axi_datamover_v5_1_vh_rfs.vhd:1294]
INFO: [Synth 8-638] synthesizing module 'sync_fifo_fg__parameterized1' [/home/akshat/Documents/Horus_VPU/Basics/PS_to_PL/PS_to_PL.srcs/sources_1/bd/design_1/ipshared/c387/hdl/lib_fifo_v1_0_rfs.vhd:2097]
INFO: [Synth 8-256] done synthesizing module 'sync_fifo_fg__parameterized1' (73#1) [/home/akshat/Documents/Horus_VPU/Basics/PS_to_PL/PS_to_PL.srcs/sources_1/bd/design_1/ipshared/c387/hdl/lib_fifo_v1_0_rfs.vhd:2097]
INFO: [Synth 8-256] done synthesizing module 'axi_datamover_sfifo_autord__parameterized1' (73#1) [/home/akshat/Documents/Horus_VPU/Basics/PS_to_PL/PS_to_PL.srcs/sources_1/bd/design_1/ipshared/9afd/hdl/axi_datamover_v5_1_vh_rfs.vhd:1294]
INFO: [Synth 8-638] synthesizing module 'axi_datamover_skid_buf__parameterized1' [/home/akshat/Documents/Horus_VPU/Basics/PS_to_PL/PS_to_PL.srcs/sources_1/bd/design_1/ipshared/9afd/hdl/axi_datamover_v5_1_vh_rfs.vhd:19492]
INFO: [Synth 8-256] done synthesizing module 'axi_datamover_skid_buf__parameterized1' (73#1) [/home/akshat/Documents/Horus_VPU/Basics/PS_to_PL/PS_to_PL.srcs/sources_1/bd/design_1/ipshared/9afd/hdl/axi_datamover_v5_1_vh_rfs.vhd:19492]
INFO: [Synth 8-256] done synthesizing module 'axi_datamover_indet_btt' (74#1) [/home/akshat/Documents/Horus_VPU/Basics/PS_to_PL/PS_to_PL.srcs/sources_1/bd/design_1/ipshared/9afd/hdl/axi_datamover_v5_1_vh_rfs.vhd:28422]
INFO: [Synth 8-638] synthesizing module 'axi_datamover_addr_cntl__parameterized0' [/home/akshat/Documents/Horus_VPU/Basics/PS_to_PL/PS_to_PL.srcs/sources_1/bd/design_1/ipshared/9afd/hdl/axi_datamover_v5_1_vh_rfs.vhd:9995]
INFO: [Synth 8-256] done synthesizing module 'axi_datamover_addr_cntl__parameterized0' (74#1) [/home/akshat/Documents/Horus_VPU/Basics/PS_to_PL/PS_to_PL.srcs/sources_1/bd/design_1/ipshared/9afd/hdl/axi_datamover_v5_1_vh_rfs.vhd:9995]
INFO: [Synth 8-638] synthesizing module 'axi_datamover_wrdata_cntl' [/home/akshat/Documents/Horus_VPU/Basics/PS_to_PL/PS_to_PL.srcs/sources_1/bd/design_1/ipshared/9afd/hdl/axi_datamover_v5_1_vh_rfs.vhd:15669]
INFO: [Synth 8-638] synthesizing module 'axi_datamover_fifo__parameterized9' [/home/akshat/Documents/Horus_VPU/Basics/PS_to_PL/PS_to_PL.srcs/sources_1/bd/design_1/ipshared/9afd/hdl/axi_datamover_v5_1_vh_rfs.vhd:1881]
INFO: [Synth 8-638] synthesizing module 'srl_fifo_f__parameterized6' [/home/akshat/Documents/Horus_VPU/Basics/PS_to_PL/PS_to_PL.srcs/sources_1/bd/design_1/ipshared/6039/hdl/lib_srl_fifo_v1_0_rfs.vhd:1000]
INFO: [Synth 8-638] synthesizing module 'srl_fifo_rbu_f__parameterized6' [/home/akshat/Documents/Horus_VPU/Basics/PS_to_PL/PS_to_PL.srcs/sources_1/bd/design_1/ipshared/6039/hdl/lib_srl_fifo_v1_0_rfs.vhd:697]
INFO: [Synth 8-638] synthesizing module 'dynshreg_f__parameterized6' [/home/akshat/Documents/Horus_VPU/Basics/PS_to_PL/PS_to_PL.srcs/sources_1/bd/design_1/ipshared/6039/hdl/lib_srl_fifo_v1_0_rfs.vhd:397]
INFO: [Synth 8-256] done synthesizing module 'dynshreg_f__parameterized6' (74#1) [/home/akshat/Documents/Horus_VPU/Basics/PS_to_PL/PS_to_PL.srcs/sources_1/bd/design_1/ipshared/6039/hdl/lib_srl_fifo_v1_0_rfs.vhd:397]
INFO: [Synth 8-256] done synthesizing module 'srl_fifo_rbu_f__parameterized6' (74#1) [/home/akshat/Documents/Horus_VPU/Basics/PS_to_PL/PS_to_PL.srcs/sources_1/bd/design_1/ipshared/6039/hdl/lib_srl_fifo_v1_0_rfs.vhd:697]
INFO: [Synth 8-256] done synthesizing module 'srl_fifo_f__parameterized6' (74#1) [/home/akshat/Documents/Horus_VPU/Basics/PS_to_PL/PS_to_PL.srcs/sources_1/bd/design_1/ipshared/6039/hdl/lib_srl_fifo_v1_0_rfs.vhd:1000]
INFO: [Synth 8-256] done synthesizing module 'axi_datamover_fifo__parameterized9' (74#1) [/home/akshat/Documents/Horus_VPU/Basics/PS_to_PL/PS_to_PL.srcs/sources_1/bd/design_1/ipshared/9afd/hdl/axi_datamover_v5_1_vh_rfs.vhd:1881]
INFO: [Synth 8-256] done synthesizing module 'axi_datamover_wrdata_cntl' (75#1) [/home/akshat/Documents/Horus_VPU/Basics/PS_to_PL/PS_to_PL.srcs/sources_1/bd/design_1/ipshared/9afd/hdl/axi_datamover_v5_1_vh_rfs.vhd:15669]
INFO: [Synth 8-638] synthesizing module 'axi_datamover_skid2mm_buf' [/home/akshat/Documents/Horus_VPU/Basics/PS_to_PL/PS_to_PL.srcs/sources_1/bd/design_1/ipshared/9afd/hdl/axi_datamover_v5_1_vh_rfs.vhd:18990]
INFO: [Synth 8-638] synthesizing module 'axi_datamover_wr_demux' [/home/akshat/Documents/Horus_VPU/Basics/PS_to_PL/PS_to_PL.srcs/sources_1/bd/design_1/ipshared/9afd/hdl/axi_datamover_v5_1_vh_rfs.vhd:14112]
INFO: [Synth 8-256] done synthesizing module 'axi_datamover_wr_demux' (76#1) [/home/akshat/Documents/Horus_VPU/Basics/PS_to_PL/PS_to_PL.srcs/sources_1/bd/design_1/ipshared/9afd/hdl/axi_datamover_v5_1_vh_rfs.vhd:14112]
INFO: [Synth 8-256] done synthesizing module 'axi_datamover_skid2mm_buf' (77#1) [/home/akshat/Documents/Horus_VPU/Basics/PS_to_PL/PS_to_PL.srcs/sources_1/bd/design_1/ipshared/9afd/hdl/axi_datamover_v5_1_vh_rfs.vhd:18990]
INFO: [Synth 8-256] done synthesizing module 'axi_datamover_s2mm_full_wrap' (78#1) [/home/akshat/Documents/Horus_VPU/Basics/PS_to_PL/PS_to_PL.srcs/sources_1/bd/design_1/ipshared/9afd/hdl/axi_datamover_v5_1_vh_rfs.vhd:49982]
INFO: [Synth 8-256] done synthesizing module 'axi_datamover' (79#1) [/home/akshat/Documents/Horus_VPU/Basics/PS_to_PL/PS_to_PL.srcs/sources_1/bd/design_1/ipshared/9afd/hdl/axi_datamover_v5_1_vh_rfs.vhd:55410]
INFO: [Synth 8-256] done synthesizing module 'axi_dma' (80#1) [/home/akshat/Documents/Horus_VPU/Basics/PS_to_PL/PS_to_PL.srcs/sources_1/bd/design_1/ipshared/e8cb/hdl/axi_dma_v7_1_vh_rfs.vhd:21830]
INFO: [Synth 8-256] done synthesizing module 'design_1_axi_dma_0_1' (81#1) [/home/akshat/Documents/Horus_VPU/Basics/PS_to_PL/PS_to_PL.srcs/sources_1/bd/design_1/ip/design_1_axi_dma_0_1/synth/design_1_axi_dma_0_1.vhd:128]
Finished RTL Elaboration : Time (s): cpu = 00:05:55 ; elapsed = 00:05:58 . Memory (MB): peak = 1483.906 ; gain = 361.965 ; free physical = 3704 ; free virtual = 6661
Finished RTL Optimization Phase 1 : Time (s): cpu = 00:05:56 ; elapsed = 00:05:59 . Memory (MB): peak = 1483.906 ; gain = 361.965 ; free physical = 3726 ; free virtual = 6683
INFO: [Device 21-403] Loading part xc7z020clg484-1
Constraint Validation Runtime : Time (s): cpu = 00:00:00.30 ; elapsed = 00:00:00.14 . Memory (MB): peak = 1678.734 ; gain = 0.000 ; free physical = 3452 ; free virtual = 6409
Finished Constraint Validation : Time (s): cpu = 00:06:17 ; elapsed = 00:06:20 . Memory (MB): peak = 1678.734 ; gain = 556.793 ; free physical = 3555 ; free virtual = 6512
Finished Loading Part and Timing Information : Time (s): cpu = 00:06:17 ; elapsed = 00:06:20 . Memory (MB): peak = 1678.734 ; gain = 556.793 ; free physical = 3555 ; free virtual = 6512
Finished applying 'set_property' XDC Constraints : Time (s): cpu = 00:06:17 ; elapsed = 00:06:20 . Memory (MB): peak = 1678.734 ; gain = 556.793 ; free physical = 3555 ; free virtual = 6512
Finished RTL Optimization Phase 2 : Time (s): cpu = 00:06:23 ; elapsed = 00:06:27 . Memory (MB): peak = 1678.734 ; gain = 556.793 ; free physical = 3545 ; free virtual = 6501
Finished Cross Boundary and Area Optimization : Time (s): cpu = 00:06:34 ; elapsed = 00:06:40 . Memory (MB): peak = 1678.734 ; gain = 556.793 ; free physical = 3512 ; free virtual = 6469
---------------------------------------------------------------------------------
Start ROM, RAM, DSP and Shift Register Reporting
---------------------------------------------------------------------------------

Distributed RAM: Preliminary Mapping  Report (see note below)
+---------------------+---------------------------------------------------------------------------------------------------------------------------------------------------------------------------------------------------------------------------------+----------------+----------------------+--------------+
|Module Name          | RTL Object                                                                                                                                                                                                                      | Inference      | Size (Depth x Width) | Primitives   | 
+---------------------+---------------------------------------------------------------------------------------------------------------------------------------------------------------------------------------------------------------------------------+----------------+----------------------+--------------+
|U0/I_PRMRY_DATAMOVER | GEN_S2MM_FULL.I_S2MM_FULL_WRAPPER/GEN_ENABLE_INDET_BTT_SF.I_INDET_BTT/I_XD_FIFO/NON_BLK_MEM.I_SYNC_FIFOGEN_FIFO/FAMILY_SUPPORTED.I_SYNC_FIFO_BRAM/inst_fifo_gen/gconvfifo.rf/grf.rf/gntv_or_sync_fifo.mem/gdm.dm_gen.dm/RAM_reg | User Attribute | 8 x 13               | RAM32M x 3   | 
+---------------------+---------------------------------------------------------------------------------------------------------------------------------------------------------------------------------------------------------------------------------+----------------+----------------------+--------------+

Note: The table above is a preliminary report that shows the Distributed RAMs at the current stage of the synthesis flow. Some Distributed RAMs may be reimplemented as non Distributed RAM primitives later in the synthesis flow. Multiple instantiated RAMs are reported only once.
---------------------------------------------------------------------------------
Finished ROM, RAM, DSP and Shift Register Reporting
---------------------------------------------------------------------------------
Finished Applying XDC Timing Constraints : Time (s): cpu = 00:06:45 ; elapsed = 00:06:51 . Memory (MB): peak = 1678.734 ; gain = 556.793 ; free physical = 3390 ; free virtual = 6346
Finished Timing Optimization : Time (s): cpu = 00:06:50 ; elapsed = 00:06:56 . Memory (MB): peak = 1708.430 ; gain = 586.488 ; free physical = 3347 ; free virtual = 6304
Finished Technology Mapping : Time (s): cpu = 00:06:52 ; elapsed = 00:06:58 . Memory (MB): peak = 1726.492 ; gain = 604.551 ; free physical = 3343 ; free virtual = 6300
Finished IO Insertion : Time (s): cpu = 00:06:53 ; elapsed = 00:06:59 . Memory (MB): peak = 1726.492 ; gain = 604.551 ; free physical = 3343 ; free virtual = 6300
Finished Renaming Generated Instances : Time (s): cpu = 00:06:54 ; elapsed = 00:07:00 . Memory (MB): peak = 1726.492 ; gain = 604.551 ; free physical = 3343 ; free virtual = 6300
Finished Rebuilding User Hierarchy : Time (s): cpu = 00:06:54 ; elapsed = 00:07:00 . Memory (MB): peak = 1726.492 ; gain = 604.551 ; free physical = 3343 ; free virtual = 6300
Finished Renaming Generated Ports : Time (s): cpu = 00:06:54 ; elapsed = 00:07:00 . Memory (MB): peak = 1726.492 ; gain = 604.551 ; free physical = 3343 ; free virtual = 6300
Finished Handling Custom Attributes : Time (s): cpu = 00:06:55 ; elapsed = 00:07:01 . Memory (MB): peak = 1726.492 ; gain = 604.551 ; free physical = 3343 ; free virtual = 6300
Finished Renaming Generated Nets : Time (s): cpu = 00:06:55 ; elapsed = 00:07:01 . Memory (MB): peak = 1726.492 ; gain = 604.551 ; free physical = 3343 ; free virtual = 6300

Report Cell Usage: 
+------+---------+------+
|      |Cell     |Count |
+------+---------+------+
|1     |CARRY4   |    65|
|2     |LUT1     |   100|
|3     |LUT2     |   224|
|4     |LUT3     |   417|
|5     |LUT4     |   316|
|6     |LUT5     |   238|
|7     |LUT6     |   438|
|8     |MUXCY    |    48|
|9     |MUXF7    |     1|
|10    |RAM32M   |     3|
|11    |RAMB18E1 |     2|
|12    |RAMB36E1 |     4|
|13    |SRL16E   |   186|
|14    |FDR      |     8|
|15    |FDRE     |  2069|
|16    |FDSE     |    61|
+------+---------+------+
Finished Writing Synthesis Report : Time (s): cpu = 00:06:55 ; elapsed = 00:07:01 . Memory (MB): peak = 1726.492 ; gain = 604.551 ; free physical = 3343 ; free virtual = 6300
synth_design: Time (s): cpu = 00:06:58 ; elapsed = 00:07:04 . Memory (MB): peak = 1726.500 ; gain = 618.145 ; free physical = 3414 ; free virtual = 6371
