INFO: [VRFC 10-2263] Analyzing Verilog file "/home/akshat/Documents/Horus_VPU/Basics/PS_to_PL/PS_to_PL.sim/sim_1/impl/func/design_1_wrapper_func_impl.v" into library xil_defaultlib
INFO: [VRFC 10-311] analyzing module design_1
INFO: [VRFC 10-311] analyzing module design_1_Image_Data_Buffer_0_0
INFO: [VRFC 10-311] analyzing module design_1_Image_Data_Buffer_0_0_Image_Data_Buffer
INFO: [VRFC 10-311] analyzing module design_1_auto_pc_0
INFO: [VRFC 10-311] analyzing module design_1_auto_pc_0_axi_protocol_converter_v2_1_12_axi_protocol_converter
INFO: [VRFC 10-311] analyzing module design_1_auto_pc_0_axi_protocol_converter_v2_1_12_b2s
INFO: [VRFC 10-311] analyzing module design_1_auto_pc_0_axi_protocol_converter_v2_1_12_b2s_ar_channel
INFO: [VRFC 10-311] analyzing module design_1_auto_pc_0_axi_protocol_converter_v2_1_12_b2s_aw_channel
INFO: [VRFC 10-311] analyzing module design_1_auto_pc_0_axi_protocol_converter_v2_1_12_b2s_b_channel
INFO: [VRFC 10-311] analyzing module design_1_auto_pc_0_axi_protocol_converter_v2_1_12_b2s_cmd_translator
INFO: [VRFC 10-311] analyzing module design_1_auto_pc_0_axi_protocol_converter_v2_1_12_b2s_cmd_translator_1
INFO: [VRFC 10-311] analyzing module design_1_auto_pc_0_axi_protocol_converter_v2_1_12_b2s_incr_cmd
INFO: [VRFC 10-311] analyzing module design_1_auto_pc_0_axi_protocol_converter_v2_1_12_b2s_incr_cmd_2
INFO: [VRFC 10-311] analyzing module design_1_auto_pc_0_axi_protocol_converter_v2_1_12_b2s_r_channel
INFO: [VRFC 10-311] analyzing module design_1_auto_pc_0_axi_protocol_converter_v2_1_12_b2s_rd_cmd_fsm
INFO: [VRFC 10-311] analyzing module design_1_auto_pc_0_axi_protocol_converter_v2_1_12_b2s_simple_fifo
INFO: [VRFC 10-311] analyzing module design_1_auto_pc_0_axi_protocol_converter_v2_1_12_b2s_simple_fifo__parameterized0
INFO: [VRFC 10-311] analyzing module design_1_auto_pc_0_axi_protocol_converter_v2_1_12_b2s_simple_fifo__parameterized1
INFO: [VRFC 10-311] analyzing module design_1_auto_pc_0_axi_protocol_converter_v2_1_12_b2s_simple_fifo__parameterized2
INFO: [VRFC 10-311] analyzing module design_1_auto_pc_0_axi_protocol_converter_v2_1_12_b2s_wr_cmd_fsm
INFO: [VRFC 10-311] analyzing module design_1_auto_pc_0_axi_protocol_converter_v2_1_12_b2s_wrap_cmd
INFO: [VRFC 10-311] analyzing module design_1_auto_pc_0_axi_protocol_converter_v2_1_12_b2s_wrap_cmd_3
INFO: [VRFC 10-311] analyzing module design_1_auto_pc_0_axi_register_slice_v2_1_12_axi_register_slice
INFO: [VRFC 10-311] analyzing module design_1_auto_pc_0_axi_register_slice_v2_1_12_axic_register_slice
INFO: [VRFC 10-311] analyzing module design_1_auto_pc_0_axi_register_slice_v2_1_12_axic_register_slice_0
INFO: [VRFC 10-311] analyzing module design_1_auto_pc_0_axi_register_slice_v2_1_12_axic_register_slice__parameterized1
INFO: [VRFC 10-311] analyzing module design_1_auto_pc_0_axi_register_slice_v2_1_12_axic_register_slice__parameterized2
INFO: [VRFC 10-311] analyzing module design_1_axi_dma_0_1
INFO: [VRFC 10-311] analyzing module design_1_axi_dma_0_1_axi_datamover
INFO: [VRFC 10-311] analyzing module design_1_axi_dma_0_1_axi_datamover_addr_cntl
INFO: [VRFC 10-311] analyzing module design_1_axi_dma_0_1_axi_datamover_addr_cntl__parameterized0
INFO: [VRFC 10-311] analyzing module design_1_axi_dma_0_1_axi_datamover_cmd_status
INFO: [VRFC 10-311] analyzing module design_1_axi_dma_0_1_axi_datamover_cmd_status__parameterized0
INFO: [VRFC 10-311] analyzing module design_1_axi_dma_0_1_axi_datamover_fifo
INFO: [VRFC 10-311] analyzing module design_1_axi_dma_0_1_axi_datamover_fifo_11
INFO: [VRFC 10-311] analyzing module design_1_axi_dma_0_1_axi_datamover_fifo__parameterized0
INFO: [VRFC 10-311] analyzing module design_1_axi_dma_0_1_axi_datamover_fifo__parameterized1
INFO: [VRFC 10-311] analyzing module design_1_axi_dma_0_1_axi_datamover_fifo__parameterized1_12
INFO: [VRFC 10-311] analyzing module design_1_axi_dma_0_1_axi_datamover_fifo__parameterized2
INFO: [VRFC 10-311] analyzing module design_1_axi_dma_0_1_axi_datamover_fifo__parameterized3
INFO: [VRFC 10-311] analyzing module design_1_axi_dma_0_1_axi_datamover_fifo__parameterized4
INFO: [VRFC 10-311] analyzing module design_1_axi_dma_0_1_axi_datamover_fifo__parameterized5
INFO: [VRFC 10-311] analyzing module design_1_axi_dma_0_1_axi_datamover_fifo__parameterized6
INFO: [VRFC 10-311] analyzing module design_1_axi_dma_0_1_axi_datamover_fifo__parameterized7
INFO: [VRFC 10-311] analyzing module design_1_axi_dma_0_1_axi_datamover_fifo__parameterized8
INFO: [VRFC 10-311] analyzing module design_1_axi_dma_0_1_axi_datamover_fifo__parameterized9
INFO: [VRFC 10-311] analyzing module design_1_axi_dma_0_1_axi_datamover_ibttcc
INFO: [VRFC 10-311] analyzing module design_1_axi_dma_0_1_axi_datamover_indet_btt
INFO: [VRFC 10-311] analyzing module design_1_axi_dma_0_1_axi_datamover_mm2s_full_wrap
INFO: [VRFC 10-311] analyzing module design_1_axi_dma_0_1_axi_datamover_mssai_skid_buf
INFO: [VRFC 10-311] analyzing module design_1_axi_dma_0_1_axi_datamover_pcc
INFO: [VRFC 10-311] analyzing module design_1_axi_dma_0_1_axi_datamover_rd_sf
INFO: [VRFC 10-311] analyzing module design_1_axi_dma_0_1_axi_datamover_rd_status_cntl
INFO: [VRFC 10-311] analyzing module design_1_axi_dma_0_1_axi_datamover_rddata_cntl
INFO: [VRFC 10-311] analyzing module design_1_axi_dma_0_1_axi_datamover_reset
INFO: [VRFC 10-311] analyzing module design_1_axi_dma_0_1_axi_datamover_reset_9
INFO: [VRFC 10-311] analyzing module design_1_axi_dma_0_1_axi_datamover_s2mm_dre
INFO: [VRFC 10-311] analyzing module design_1_axi_dma_0_1_axi_datamover_s2mm_full_wrap
INFO: [VRFC 10-311] analyzing module design_1_axi_dma_0_1_axi_datamover_s2mm_realign
INFO: [VRFC 10-311] analyzing module design_1_axi_dma_0_1_axi_datamover_s2mm_scatter
INFO: [VRFC 10-311] analyzing module design_1_axi_dma_0_1_axi_datamover_sfifo_autord
INFO: [VRFC 10-311] analyzing module design_1_axi_dma_0_1_axi_datamover_sfifo_autord__parameterized0
INFO: [VRFC 10-311] analyzing module design_1_axi_dma_0_1_axi_datamover_sfifo_autord__parameterized1
INFO: [VRFC 10-311] analyzing module design_1_axi_dma_0_1_axi_datamover_skid2mm_buf
INFO: [VRFC 10-311] analyzing module design_1_axi_dma_0_1_axi_datamover_skid_buf
INFO: [VRFC 10-311] analyzing module design_1_axi_dma_0_1_axi_datamover_skid_buf__parameterized0
INFO: [VRFC 10-311] analyzing module design_1_axi_dma_0_1_axi_datamover_skid_buf__parameterized1
INFO: [VRFC 10-311] analyzing module design_1_axi_dma_0_1_axi_datamover_slice
INFO: [VRFC 10-311] analyzing module design_1_axi_dma_0_1_axi_datamover_wr_status_cntl
INFO: [VRFC 10-311] analyzing module design_1_axi_dma_0_1_axi_datamover_wrdata_cntl
INFO: [VRFC 10-311] analyzing module design_1_axi_dma_0_1_axi_dma
INFO: [VRFC 10-311] analyzing module design_1_axi_dma_0_1_axi_dma_lite_if
INFO: [VRFC 10-311] analyzing module design_1_axi_dma_0_1_axi_dma_mm2s_cmdsts_if
INFO: [VRFC 10-311] analyzing module design_1_axi_dma_0_1_axi_dma_mm2s_mngr
INFO: [VRFC 10-311] analyzing module design_1_axi_dma_0_1_axi_dma_mm2s_sts_mngr
INFO: [VRFC 10-311] analyzing module design_1_axi_dma_0_1_axi_dma_reg_module
INFO: [VRFC 10-311] analyzing module design_1_axi_dma_0_1_axi_dma_register
INFO: [VRFC 10-311] analyzing module design_1_axi_dma_0_1_axi_dma_register_s2mm
INFO: [VRFC 10-311] analyzing module design_1_axi_dma_0_1_axi_dma_reset
INFO: [VRFC 10-311] analyzing module design_1_axi_dma_0_1_axi_dma_reset_1
INFO: [VRFC 10-311] analyzing module design_1_axi_dma_0_1_axi_dma_rst_module
INFO: [VRFC 10-311] analyzing module design_1_axi_dma_0_1_axi_dma_s2mm_cmdsts_if
INFO: [VRFC 10-311] analyzing module design_1_axi_dma_0_1_axi_dma_s2mm_mngr
INFO: [VRFC 10-311] analyzing module design_1_axi_dma_0_1_axi_dma_s2mm_sts_mngr
INFO: [VRFC 10-311] analyzing module design_1_axi_dma_0_1_axi_dma_smple_sm
INFO: [VRFC 10-311] analyzing module design_1_axi_dma_0_1_axi_dma_smple_sm_29
INFO: [VRFC 10-311] analyzing module design_1_axi_dma_0_1_cdc_sync
INFO: [VRFC 10-311] analyzing module design_1_axi_dma_0_1_cdc_sync_2
INFO: [VRFC 10-311] analyzing module design_1_axi_dma_0_1_cntr_incr_decr_addn_f
INFO: [VRFC 10-311] analyzing module design_1_axi_dma_0_1_cntr_incr_decr_addn_f_10
INFO: [VRFC 10-311] analyzing module design_1_axi_dma_0_1_cntr_incr_decr_addn_f_15
INFO: [VRFC 10-311] analyzing module design_1_axi_dma_0_1_cntr_incr_decr_addn_f_17
INFO: [VRFC 10-311] analyzing module design_1_axi_dma_0_1_cntr_incr_decr_addn_f_4
INFO: [VRFC 10-311] analyzing module design_1_axi_dma_0_1_cntr_incr_decr_addn_f_5
INFO: [VRFC 10-311] analyzing module design_1_axi_dma_0_1_cntr_incr_decr_addn_f__parameterized0
INFO: [VRFC 10-311] analyzing module design_1_axi_dma_0_1_cntr_incr_decr_addn_f__parameterized0_3
INFO: [VRFC 10-311] analyzing module design_1_axi_dma_0_1_cntr_incr_decr_addn_f__parameterized1
INFO: [VRFC 10-311] analyzing module design_1_axi_dma_0_1_dynshreg_f
INFO: [VRFC 10-311] analyzing module design_1_axi_dma_0_1_dynshreg_f_16
INFO: [VRFC 10-311] analyzing module design_1_axi_dma_0_1_dynshreg_f__parameterized0
INFO: [VRFC 10-311] analyzing module design_1_axi_dma_0_1_dynshreg_f__parameterized1
INFO: [VRFC 10-311] analyzing module design_1_axi_dma_0_1_dynshreg_f__parameterized2
INFO: [VRFC 10-311] analyzing module design_1_axi_dma_0_1_dynshreg_f__parameterized3
INFO: [VRFC 10-311] analyzing module design_1_axi_dma_0_1_dynshreg_f__parameterized4
INFO: [VRFC 10-311] analyzing module design_1_axi_dma_0_1_dynshreg_f__parameterized5
INFO: [VRFC 10-311] analyzing module design_1_axi_dma_0_1_dynshreg_f__parameterized6
INFO: [VRFC 10-311] analyzing module design_1_axi_dma_0_1_srl_fifo_f
INFO: [VRFC 10-311] analyzing module design_1_axi_dma_0_1_srl_fifo_f_13
INFO: [VRFC 10-311] analyzing module design_1_axi_dma_0_1_srl_fifo_f__parameterized0
INFO: [VRFC 10-311] analyzing module design_1_axi_dma_0_1_srl_fifo_f__parameterized1
INFO: [VRFC 10-311] analyzing module design_1_axi_dma_0_1_srl_fifo_f__parameterized2
INFO: [VRFC 10-311] analyzing module design_1_axi_dma_0_1_srl_fifo_f__parameterized3
INFO: [VRFC 10-311] analyzing module design_1_axi_dma_0_1_srl_fifo_f__parameterized4
INFO: [VRFC 10-311] analyzing module design_1_axi_dma_0_1_srl_fifo_f__parameterized5
INFO: [VRFC 10-311] analyzing module design_1_axi_dma_0_1_srl_fifo_f__parameterized6
INFO: [VRFC 10-311] analyzing module design_1_axi_dma_0_1_srl_fifo_rbu_f
INFO: [VRFC 10-311] analyzing module design_1_axi_dma_0_1_srl_fifo_rbu_f_14
INFO: [VRFC 10-311] analyzing module design_1_axi_dma_0_1_srl_fifo_rbu_f__parameterized0
INFO: [VRFC 10-311] analyzing module design_1_axi_dma_0_1_srl_fifo_rbu_f__parameterized1
INFO: [VRFC 10-311] analyzing module design_1_axi_dma_0_1_srl_fifo_rbu_f__parameterized2
INFO: [VRFC 10-311] analyzing module design_1_axi_dma_0_1_srl_fifo_rbu_f__parameterized3
INFO: [VRFC 10-311] analyzing module design_1_axi_dma_0_1_srl_fifo_rbu_f__parameterized4
INFO: [VRFC 10-311] analyzing module design_1_axi_dma_0_1_srl_fifo_rbu_f__parameterized5
INFO: [VRFC 10-311] analyzing module design_1_axi_dma_0_1_srl_fifo_rbu_f__parameterized6
INFO: [VRFC 10-311] analyzing module design_1_axi_dma_0_1_sync_fifo_fg
INFO: [VRFC 10-311] analyzing module design_1_axi_dma_0_1_sync_fifo_fg__parameterized0
INFO: [VRFC 10-311] analyzing module design_1_axi_dma_0_1_sync_fifo_fg__parameterized1
INFO: [VRFC 10-311] analyzing module design_1_axi_smc_0
INFO: [VRFC 10-311] analyzing module design_1_axi_smc_0_bd_afc3
INFO: [VRFC 10-311] analyzing module design_1_axi_smc_0_bd_afc3_arsw_0
INFO: [VRFC 10-311] analyzing module design_1_axi_smc_0_bd_afc3_awsw_0
INFO: [VRFC 10-311] analyzing module design_1_axi_smc_0_bd_afc3_bsw_0
INFO: [VRFC 10-311] analyzing module design_1_axi_smc_0_bd_afc3_m00arn_0
INFO: [VRFC 10-311] analyzing module design_1_axi_smc_0_bd_afc3_m00awn_0
INFO: [VRFC 10-311] analyzing module design_1_axi_smc_0_bd_afc3_m00bn_0
INFO: [VRFC 10-311] analyzing module design_1_axi_smc_0_bd_afc3_m00e_0
INFO: [VRFC 10-311] analyzing module design_1_axi_smc_0_bd_afc3_m00rn_0
INFO: [VRFC 10-311] analyzing module design_1_axi_smc_0_bd_afc3_m00wn_0
INFO: [VRFC 10-311] analyzing module design_1_axi_smc_0_bd_afc3_psr_aclk_0
INFO: [VRFC 10-311] analyzing module design_1_axi_smc_0_bd_afc3_rsw_0
INFO: [VRFC 10-311] analyzing module design_1_axi_smc_0_bd_afc3_s00mmu_0
INFO: [VRFC 10-311] analyzing module design_1_axi_smc_0_bd_afc3_s00sic_0
INFO: [VRFC 10-311] analyzing module design_1_axi_smc_0_bd_afc3_s00tr_0
INFO: [VRFC 10-311] analyzing module design_1_axi_smc_0_bd_afc3_s01mmu_0
INFO: [VRFC 10-311] analyzing module design_1_axi_smc_0_bd_afc3_s01sic_0
INFO: [VRFC 10-311] analyzing module design_1_axi_smc_0_bd_afc3_s01tr_0
INFO: [VRFC 10-311] analyzing module design_1_axi_smc_0_bd_afc3_sarn_0
INFO: [VRFC 10-311] analyzing module design_1_axi_smc_0_bd_afc3_sawn_0
INFO: [VRFC 10-311] analyzing module design_1_axi_smc_0_bd_afc3_sbn_0
INFO: [VRFC 10-311] analyzing module design_1_axi_smc_0_bd_afc3_srn_0
INFO: [VRFC 10-311] analyzing module design_1_axi_smc_0_bd_afc3_swn_0
INFO: [VRFC 10-311] analyzing module design_1_axi_smc_0_bd_afc3_wsw_0
INFO: [VRFC 10-311] analyzing module design_1_axi_smc_0_cdc_sync
INFO: [VRFC 10-311] analyzing module design_1_axi_smc_0_clk_map_imp_5Y9LOC
INFO: [VRFC 10-311] analyzing module design_1_axi_smc_0_lpf
INFO: [VRFC 10-311] analyzing module design_1_axi_smc_0_m00_exit_pipeline_imp_1TZX5BB
INFO: [VRFC 10-311] analyzing module design_1_axi_smc_0_m00_nodes_imp_1GOYQYZ
INFO: [VRFC 10-311] analyzing module design_1_axi_smc_0_proc_sys_reset
INFO: [VRFC 10-311] analyzing module design_1_axi_smc_0_s00_entry_pipeline_imp_USCCV8
INFO: [VRFC 10-311] analyzing module design_1_axi_smc_0_s00_nodes_imp_Y7M43I
INFO: [VRFC 10-311] analyzing module design_1_axi_smc_0_s01_entry_pipeline_imp_1W4H5O0
INFO: [VRFC 10-311] analyzing module design_1_axi_smc_0_s01_nodes_imp_1RW0SI0
INFO: [VRFC 10-311] analyzing module design_1_axi_smc_0_sequence_psr
INFO: [VRFC 10-311] analyzing module design_1_axi_smc_0_switchboards_imp_4N4PBE
INFO: [VRFC 10-311] analyzing module design_1_axi_smc_0_upcnt_n
INFO: [VRFC 10-311] analyzing module design_1_axi_smc_0_xpm_memory_base__parameterized0
INFO: [VRFC 10-311] analyzing module design_1_axi_smc_0_xpm_memory_base__parameterized0__1
INFO: [VRFC 10-311] analyzing module design_1_axi_smc_0_xpm_memory_base__parameterized1
INFO: [VRFC 10-311] analyzing module design_1_axi_smc_0_xpm_memory_base__parameterized10
INFO: [VRFC 10-311] analyzing module design_1_axi_smc_0_xpm_memory_base__parameterized1__1
INFO: [VRFC 10-311] analyzing module design_1_axi_smc_0_xpm_memory_base__parameterized2
INFO: [VRFC 10-311] analyzing module design_1_axi_smc_0_xpm_memory_base__parameterized3
INFO: [VRFC 10-311] analyzing module design_1_axi_smc_0_xpm_memory_base__parameterized4
INFO: [VRFC 10-311] analyzing module design_1_axi_smc_0_xpm_memory_base__parameterized5
INFO: [VRFC 10-311] analyzing module design_1_axi_smc_0_xpm_memory_base__parameterized6__1
INFO: [VRFC 10-311] analyzing module design_1_axi_smc_0_xpm_memory_base__parameterized7
INFO: [VRFC 10-311] analyzing module design_1_axi_smc_0_xpm_memory_base__parameterized7__1
INFO: [VRFC 10-311] analyzing module design_1_axi_smc_0_xpm_memory_base__parameterized8
INFO: [VRFC 10-311] analyzing module design_1_axi_smc_0_xpm_memory_base__parameterized9
INFO: [VRFC 10-311] analyzing module design_1_axis_dwidth_converter_0_0
INFO: [VRFC 10-311] analyzing module design_1_axis_dwidth_converter_0_0_axis_dwidth_converter_v1_1_11_axis_dwidth_converter
INFO: [VRFC 10-311] analyzing module design_1_axis_dwidth_converter_0_0_axis_dwidth_converter_v1_1_11_axisc_upsizer
INFO: [VRFC 10-311] analyzing module design_1_processing_system7_0_0
INFO: [VRFC 10-311] analyzing module design_1_processing_system7_0_0_processing_system7_v5_5_processing_system7
INFO: [VRFC 10-311] analyzing module design_1_ps7_0_axi_periph_0
INFO: [VRFC 10-311] analyzing module design_1_rst_ps7_0_100M_0
INFO: [VRFC 10-311] analyzing module design_1_rst_ps7_0_100M_0_cdc_sync_0
INFO: [VRFC 10-311] analyzing module design_1_rst_ps7_0_100M_0_lpf
INFO: [VRFC 10-311] analyzing module design_1_rst_ps7_0_100M_0_proc_sys_reset
INFO: [VRFC 10-311] analyzing module design_1_rst_ps7_0_100M_0_sequence_psr
INFO: [VRFC 10-311] analyzing module design_1_rst_ps7_0_100M_0_upcnt_n
INFO: [VRFC 10-311] analyzing module design_1_wrapper
INFO: [VRFC 10-311] analyzing module design_1_xlconcat_0_0
INFO: [VRFC 10-311] analyzing module s00_couplers_imp_UYSKKA
INFO: [VRFC 10-311] analyzing module design_1_axi_dma_0_1_blk_mem_gen_generic_cstr
INFO: [VRFC 10-311] analyzing module design_1_axi_dma_0_1_blk_mem_gen_generic_cstr__parameterized0
INFO: [VRFC 10-311] analyzing module design_1_axi_dma_0_1_blk_mem_gen_prim_width__parameterized1
INFO: [VRFC 10-311] analyzing module design_1_axi_dma_0_1_blk_mem_gen_prim_width__parameterized2
INFO: [VRFC 10-311] analyzing module design_1_axi_dma_0_1_blk_mem_gen_prim_width__parameterized3
INFO: [VRFC 10-311] analyzing module design_1_axi_dma_0_1_blk_mem_gen_prim_width__parameterized4
INFO: [VRFC 10-311] analyzing module design_1_axi_dma_0_1_blk_mem_gen_prim_wrapper__parameterized1
INFO: [VRFC 10-311] analyzing module design_1_axi_dma_0_1_blk_mem_gen_prim_wrapper__parameterized2
INFO: [VRFC 10-311] analyzing module design_1_axi_dma_0_1_blk_mem_gen_prim_wrapper__parameterized3
INFO: [VRFC 10-311] analyzing module design_1_axi_dma_0_1_blk_mem_gen_prim_wrapper__parameterized4
INFO: [VRFC 10-311] analyzing module design_1_axi_dma_0_1_blk_mem_gen_top
INFO: [VRFC 10-311] analyzing module design_1_axi_dma_0_1_blk_mem_gen_top__parameterized0
INFO: [VRFC 10-311] analyzing module design_1_axi_dma_0_1_blk_mem_gen_v8_3_6
INFO: [VRFC 10-311] analyzing module design_1_axi_dma_0_1_blk_mem_gen_v8_3_6__parameterized1
INFO: [VRFC 10-311] analyzing module design_1_axi_dma_0_1_blk_mem_gen_v8_3_6_synth
INFO: [VRFC 10-311] analyzing module design_1_axi_dma_0_1_blk_mem_gen_v8_3_6_synth__parameterized0
INFO: [VRFC 10-311] analyzing module design_1_axi_dma_0_1_compare
INFO: [VRFC 10-311] analyzing module design_1_axi_dma_0_1_compare_22
INFO: [VRFC 10-311] analyzing module design_1_axi_dma_0_1_compare_23
INFO: [VRFC 10-311] analyzing module design_1_axi_dma_0_1_compare_27
INFO: [VRFC 10-311] analyzing module design_1_axi_dma_0_1_compare_28
INFO: [VRFC 10-311] analyzing module design_1_axi_dma_0_1_compare_6
INFO: [VRFC 10-311] analyzing module design_1_axi_dma_0_1_compare_7
INFO: [VRFC 10-311] analyzing module design_1_axi_dma_0_1_compare_8
INFO: [VRFC 10-311] analyzing module design_1_axi_dma_0_1_dc_ss
INFO: [VRFC 10-311] analyzing module design_1_axi_dma_0_1_dc_ss__parameterized0
INFO: [VRFC 10-311] analyzing module design_1_axi_dma_0_1_dmem
INFO: [VRFC 10-311] analyzing module design_1_axi_dma_0_1_fifo_generator_ramfifo
INFO: [VRFC 10-311] analyzing module design_1_axi_dma_0_1_fifo_generator_ramfifo__parameterized0
INFO: [VRFC 10-311] analyzing module design_1_axi_dma_0_1_fifo_generator_ramfifo__parameterized1
INFO: [VRFC 10-311] analyzing module design_1_axi_dma_0_1_fifo_generator_top
INFO: [VRFC 10-311] analyzing module design_1_axi_dma_0_1_fifo_generator_top__parameterized0
INFO: [VRFC 10-311] analyzing module design_1_axi_dma_0_1_fifo_generator_top__parameterized1
INFO: [VRFC 10-311] analyzing module design_1_axi_dma_0_1_fifo_generator_v13_1_4
INFO: [VRFC 10-311] analyzing module design_1_axi_dma_0_1_fifo_generator_v13_1_4__parameterized0
INFO: [VRFC 10-311] analyzing module design_1_axi_dma_0_1_fifo_generator_v13_1_4__parameterized1
INFO: [VRFC 10-311] analyzing module design_1_axi_dma_0_1_fifo_generator_v13_1_4_synth
INFO: [VRFC 10-311] analyzing module design_1_axi_dma_0_1_fifo_generator_v13_1_4_synth__parameterized0
INFO: [VRFC 10-311] analyzing module design_1_axi_dma_0_1_fifo_generator_v13_1_4_synth__parameterized1
INFO: [VRFC 10-311] analyzing module design_1_axi_dma_0_1_memory
INFO: [VRFC 10-311] analyzing module design_1_axi_dma_0_1_memory__parameterized0
INFO: [VRFC 10-311] analyzing module design_1_axi_dma_0_1_memory__parameterized1
INFO: [VRFC 10-311] analyzing module design_1_axi_dma_0_1_rd_bin_cntr
INFO: [VRFC 10-311] analyzing module design_1_axi_dma_0_1_rd_bin_cntr_26
INFO: [VRFC 10-311] analyzing module design_1_axi_dma_0_1_rd_bin_cntr__parameterized0
INFO: [VRFC 10-311] analyzing module design_1_axi_dma_0_1_rd_fwft
INFO: [VRFC 10-311] analyzing module design_1_axi_dma_0_1_rd_fwft_24
INFO: [VRFC 10-311] analyzing module design_1_axi_dma_0_1_rd_handshaking_flags__parameterized0
INFO: [VRFC 10-311] analyzing module design_1_axi_dma_0_1_rd_logic
INFO: [VRFC 10-311] analyzing module design_1_axi_dma_0_1_rd_logic_18
INFO: [VRFC 10-311] analyzing module design_1_axi_dma_0_1_rd_logic__parameterized0
INFO: [VRFC 10-311] analyzing module design_1_axi_dma_0_1_rd_status_flags_ss
INFO: [VRFC 10-311] analyzing module design_1_axi_dma_0_1_rd_status_flags_ss_25
INFO: [VRFC 10-311] analyzing module design_1_axi_dma_0_1_rd_status_flags_ss__parameterized0
INFO: [VRFC 10-311] analyzing module design_1_axi_dma_0_1_updn_cntr
INFO: [VRFC 10-311] analyzing module design_1_axi_dma_0_1_updn_cntr__parameterized0
INFO: [VRFC 10-311] analyzing module design_1_axi_dma_0_1_wr_bin_cntr
INFO: [VRFC 10-311] analyzing module design_1_axi_dma_0_1_wr_bin_cntr_21
INFO: [VRFC 10-311] analyzing module design_1_axi_dma_0_1_wr_bin_cntr__parameterized0
INFO: [VRFC 10-311] analyzing module design_1_axi_dma_0_1_wr_logic
INFO: [VRFC 10-311] analyzing module design_1_axi_dma_0_1_wr_logic_19
INFO: [VRFC 10-311] analyzing module design_1_axi_dma_0_1_wr_logic__parameterized0
INFO: [VRFC 10-311] analyzing module design_1_axi_dma_0_1_wr_status_flags_ss
INFO: [VRFC 10-311] analyzing module design_1_axi_dma_0_1_wr_status_flags_ss_20
INFO: [VRFC 10-311] analyzing module design_1_axi_dma_0_1_wr_status_flags_ss__parameterized0
INFO: [VRFC 10-311] analyzing module design_1_axi_smc_0_sc_exit_v1_0_4_a_axi3_conv
INFO: [VRFC 10-311] analyzing module design_1_axi_smc_0_sc_exit_v1_0_4_a_axi3_conv__parameterized0
INFO: [VRFC 10-311] analyzing module design_1_axi_smc_0_sc_exit_v1_0_4_axi3_conv
INFO: [VRFC 10-311] analyzing module design_1_axi_smc_0_sc_exit_v1_0_4_b_downsizer
INFO: [VRFC 10-311] analyzing module design_1_axi_smc_0_sc_exit_v1_0_4_exit
INFO: [VRFC 10-311] analyzing module design_1_axi_smc_0_sc_exit_v1_0_4_splitter
INFO: [VRFC 10-311] analyzing module design_1_axi_smc_0_sc_exit_v1_0_4_top
INFO: [VRFC 10-311] analyzing module design_1_axi_smc_0_sc_exit_v1_0_4_w_axi3_conv
INFO: [VRFC 10-311] analyzing module design_1_axi_smc_0_sc_mmu_v1_0_4_decerr_slave
INFO: [VRFC 10-311] analyzing module design_1_axi_smc_0_sc_mmu_v1_0_4_decerr_slave_66
INFO: [VRFC 10-311] analyzing module design_1_axi_smc_0_sc_mmu_v1_0_4_top
INFO: [VRFC 10-311] analyzing module design_1_axi_smc_0_sc_mmu_v1_0_4_top__1
INFO: [VRFC 10-311] analyzing module design_1_axi_smc_0_sc_node_v1_0_4_arb_alg_rr
INFO: [VRFC 10-311] analyzing module design_1_axi_smc_0_sc_node_v1_0_4_arb_alg_rr_111
INFO: [VRFC 10-311] analyzing module design_1_axi_smc_0_sc_node_v1_0_4_downsizer
INFO: [VRFC 10-311] analyzing module design_1_axi_smc_0_sc_node_v1_0_4_fi_regulator
INFO: [VRFC 10-311] analyzing module design_1_axi_smc_0_sc_node_v1_0_4_fifo
INFO: [VRFC 10-311] analyzing module design_1_axi_smc_0_sc_node_v1_0_4_fifo_101
INFO: [VRFC 10-311] analyzing module design_1_axi_smc_0_sc_node_v1_0_4_fifo_113
INFO: [VRFC 10-311] analyzing module design_1_axi_smc_0_sc_node_v1_0_4_fifo_39
INFO: [VRFC 10-311] analyzing module design_1_axi_smc_0_sc_node_v1_0_4_fifo_72
INFO: [VRFC 10-311] analyzing module design_1_axi_smc_0_sc_node_v1_0_4_fifo__parameterized0
INFO: [VRFC 10-311] analyzing module design_1_axi_smc_0_sc_node_v1_0_4_fifo__parameterized0_114
INFO: [VRFC 10-311] analyzing module design_1_axi_smc_0_sc_node_v1_0_4_fifo__parameterized1
INFO: [VRFC 10-311] analyzing module design_1_axi_smc_0_sc_node_v1_0_4_fifo__parameterized10
INFO: [VRFC 10-311] analyzing module design_1_axi_smc_0_sc_node_v1_0_4_fifo__parameterized11
INFO: [VRFC 10-311] analyzing module design_1_axi_smc_0_sc_node_v1_0_4_fifo__parameterized1_91
INFO: [VRFC 10-311] analyzing module design_1_axi_smc_0_sc_node_v1_0_4_fifo__parameterized2
INFO: [VRFC 10-311] analyzing module design_1_axi_smc_0_sc_node_v1_0_4_fifo__parameterized3
INFO: [VRFC 10-311] analyzing module design_1_axi_smc_0_sc_node_v1_0_4_fifo__parameterized4_69
INFO: [VRFC 10-311] analyzing module design_1_axi_smc_0_sc_node_v1_0_4_fifo__parameterized5
INFO: [VRFC 10-311] analyzing module design_1_axi_smc_0_sc_node_v1_0_4_fifo__parameterized6
INFO: [VRFC 10-311] analyzing module design_1_axi_smc_0_sc_node_v1_0_4_fifo__parameterized6_49
INFO: [VRFC 10-311] analyzing module design_1_axi_smc_0_sc_node_v1_0_4_fifo__parameterized7
INFO: [VRFC 10-311] analyzing module design_1_axi_smc_0_sc_node_v1_0_4_fifo__parameterized7_50
INFO: [VRFC 10-311] analyzing module design_1_axi_smc_0_sc_node_v1_0_4_fifo__parameterized8
INFO: [VRFC 10-311] analyzing module design_1_axi_smc_0_sc_node_v1_0_4_fifo__parameterized9
INFO: [VRFC 10-311] analyzing module design_1_axi_smc_0_sc_node_v1_0_4_ingress
INFO: [VRFC 10-311] analyzing module design_1_axi_smc_0_sc_node_v1_0_4_ingress__parameterized0
INFO: [VRFC 10-311] analyzing module design_1_axi_smc_0_sc_node_v1_0_4_ingress__parameterized3
INFO: [VRFC 10-311] analyzing module design_1_axi_smc_0_sc_node_v1_0_4_ingress__parameterized5
INFO: [VRFC 10-311] analyzing module design_1_axi_smc_0_sc_node_v1_0_4_ingress__parameterized7
INFO: [VRFC 10-311] analyzing module design_1_axi_smc_0_sc_node_v1_0_4_mi_handler
INFO: [VRFC 10-311] analyzing module design_1_axi_smc_0_sc_node_v1_0_4_mi_handler__parameterized0
INFO: [VRFC 10-311] analyzing module design_1_axi_smc_0_sc_node_v1_0_4_mi_handler__parameterized1
INFO: [VRFC 10-311] analyzing module design_1_axi_smc_0_sc_node_v1_0_4_mi_handler__parameterized2
INFO: [VRFC 10-311] analyzing module design_1_axi_smc_0_sc_node_v1_0_4_mi_handler__parameterized3
INFO: [VRFC 10-311] analyzing module design_1_axi_smc_0_sc_node_v1_0_4_mi_handler__parameterized4
INFO: [VRFC 10-311] analyzing module design_1_axi_smc_0_sc_node_v1_0_4_mi_handler__parameterized5
INFO: [VRFC 10-311] analyzing module design_1_axi_smc_0_sc_node_v1_0_4_mi_handler__parameterized6
INFO: [VRFC 10-311] analyzing module design_1_axi_smc_0_sc_node_v1_0_4_mi_handler__parameterized7
INFO: [VRFC 10-311] analyzing module design_1_axi_smc_0_sc_node_v1_0_4_mi_handler__parameterized8
INFO: [VRFC 10-311] analyzing module design_1_axi_smc_0_sc_node_v1_0_4_reg_slice3__parameterized0
INFO: [VRFC 10-311] analyzing module design_1_axi_smc_0_sc_node_v1_0_4_reg_slice3__parameterized0_92
INFO: [VRFC 10-311] analyzing module design_1_axi_smc_0_sc_node_v1_0_4_reg_slice3__parameterized1
INFO: [VRFC 10-311] analyzing module design_1_axi_smc_0_sc_node_v1_0_4_reg_slice3__parameterized1_14
INFO: [VRFC 10-311] analyzing module design_1_axi_smc_0_sc_node_v1_0_4_reg_slice3__parameterized1_51
INFO: [VRFC 10-311] analyzing module design_1_axi_smc_0_sc_node_v1_0_4_si_handler
INFO: [VRFC 10-311] analyzing module design_1_axi_smc_0_sc_node_v1_0_4_si_handler__parameterized0
INFO: [VRFC 10-311] analyzing module design_1_axi_smc_0_sc_node_v1_0_4_si_handler__parameterized1
INFO: [VRFC 10-311] analyzing module design_1_axi_smc_0_sc_node_v1_0_4_si_handler__parameterized1_89
INFO: [VRFC 10-311] analyzing module design_1_axi_smc_0_sc_node_v1_0_4_si_handler__parameterized2
INFO: [VRFC 10-311] analyzing module design_1_axi_smc_0_sc_node_v1_0_4_si_handler__parameterized2_81
INFO: [VRFC 10-311] analyzing module design_1_axi_smc_0_sc_node_v1_0_4_si_handler__parameterized3
INFO: [VRFC 10-311] analyzing module design_1_axi_smc_0_sc_node_v1_0_4_si_handler__parameterized4
INFO: [VRFC 10-311] analyzing module design_1_axi_smc_0_sc_node_v1_0_4_si_handler__parameterized5
INFO: [VRFC 10-311] analyzing module design_1_axi_smc_0_sc_node_v1_0_4_si_handler__parameterized6
INFO: [VRFC 10-311] analyzing module design_1_axi_smc_0_sc_node_v1_0_4_top
INFO: [VRFC 10-311] analyzing module design_1_axi_smc_0_sc_node_v1_0_4_top__parameterized0
INFO: [VRFC 10-311] analyzing module design_1_axi_smc_0_sc_node_v1_0_4_top__parameterized1
INFO: [VRFC 10-311] analyzing module design_1_axi_smc_0_sc_node_v1_0_4_top__parameterized2
INFO: [VRFC 10-311] analyzing module design_1_axi_smc_0_sc_node_v1_0_4_top__parameterized3
INFO: [VRFC 10-311] analyzing module design_1_axi_smc_0_sc_node_v1_0_4_top__parameterized4
INFO: [VRFC 10-311] analyzing module design_1_axi_smc_0_sc_node_v1_0_4_top__parameterized5
INFO: [VRFC 10-311] analyzing module design_1_axi_smc_0_sc_node_v1_0_4_top__parameterized6
INFO: [VRFC 10-311] analyzing module design_1_axi_smc_0_sc_node_v1_0_4_top__parameterized7
INFO: [VRFC 10-311] analyzing module design_1_axi_smc_0_sc_node_v1_0_4_top__parameterized8
INFO: [VRFC 10-311] analyzing module design_1_axi_smc_0_sc_node_v1_0_4_upsizer
INFO: [VRFC 10-311] analyzing module design_1_axi_smc_0_sc_si_converter_v1_0_4_splitter
INFO: [VRFC 10-311] analyzing module design_1_axi_smc_0_sc_si_converter_v1_0_4_top
INFO: [VRFC 10-311] analyzing module design_1_axi_smc_0_sc_si_converter_v1_0_4_top__1
INFO: [VRFC 10-311] analyzing module design_1_axi_smc_0_sc_switchboard_v1_0_4_top
INFO: [VRFC 10-311] analyzing module design_1_axi_smc_0_sc_switchboard_v1_0_4_top__1
INFO: [VRFC 10-311] analyzing module design_1_axi_smc_0_sc_switchboard_v1_0_4_top__parameterized0
INFO: [VRFC 10-311] analyzing module design_1_axi_smc_0_sc_switchboard_v1_0_4_top__parameterized1
INFO: [VRFC 10-311] analyzing module design_1_axi_smc_0_sc_switchboard_v1_0_4_top__parameterized2
INFO: [VRFC 10-311] analyzing module design_1_axi_smc_0_sc_transaction_regulator_v1_0_4_singleorder__parameterized0
INFO: [VRFC 10-311] analyzing module design_1_axi_smc_0_sc_transaction_regulator_v1_0_4_singleorder__parameterized0_60
INFO: [VRFC 10-311] analyzing module design_1_axi_smc_0_sc_transaction_regulator_v1_0_4_top
INFO: [VRFC 10-311] analyzing module design_1_axi_smc_0_sc_transaction_regulator_v1_0_4_top__parameterized0
INFO: [VRFC 10-311] analyzing module design_1_axi_smc_0_sc_util_v1_0_2_axi_reg_stall
INFO: [VRFC 10-311] analyzing module design_1_axi_smc_0_sc_util_v1_0_2_axi_reg_stall_124
INFO: [VRFC 10-311] analyzing module design_1_axi_smc_0_sc_util_v1_0_2_axi_reg_stall_125
INFO: [VRFC 10-311] analyzing module design_1_axi_smc_0_sc_util_v1_0_2_axi_reg_stall_126
INFO: [VRFC 10-311] analyzing module design_1_axi_smc_0_sc_util_v1_0_2_axi_reg_stall_127
INFO: [VRFC 10-311] analyzing module design_1_axi_smc_0_sc_util_v1_0_2_axi_reg_stall_128
INFO: [VRFC 10-311] analyzing module design_1_axi_smc_0_sc_util_v1_0_2_axi_reg_stall_34
INFO: [VRFC 10-311] analyzing module design_1_axi_smc_0_sc_util_v1_0_2_axi_reg_stall_35
INFO: [VRFC 10-311] analyzing module design_1_axi_smc_0_sc_util_v1_0_2_axi_reg_stall_36
INFO: [VRFC 10-311] analyzing module design_1_axi_smc_0_sc_util_v1_0_2_axi_reg_stall_37
INFO: [VRFC 10-311] analyzing module design_1_axi_smc_0_sc_util_v1_0_2_axi_reg_stall_61
INFO: [VRFC 10-311] analyzing module design_1_axi_smc_0_sc_util_v1_0_2_axi_reg_stall_64
INFO: [VRFC 10-311] analyzing module design_1_axi_smc_0_sc_util_v1_0_2_axi_reg_stall_65
INFO: [VRFC 10-311] analyzing module design_1_axi_smc_0_sc_util_v1_0_2_axi_reg_stall_67
INFO: [VRFC 10-311] analyzing module design_1_axi_smc_0_sc_util_v1_0_2_axi_splitter
INFO: [VRFC 10-311] analyzing module design_1_axi_smc_0_sc_util_v1_0_2_axi_splitter_139
INFO: [VRFC 10-311] analyzing module design_1_axi_smc_0_sc_util_v1_0_2_axic_reg_srl_fifo
INFO: [VRFC 10-311] analyzing module design_1_axi_smc_0_sc_util_v1_0_2_axic_reg_srl_fifo__parameterized0
INFO: [VRFC 10-311] analyzing module design_1_axi_smc_0_sc_util_v1_0_2_axic_reg_srl_fifo__parameterized1
INFO: [VRFC 10-311] analyzing module design_1_axi_smc_0_sc_util_v1_0_2_axic_reg_srl_fifo__parameterized2
INFO: [VRFC 10-311] analyzing module design_1_axi_smc_0_sc_util_v1_0_2_axic_reg_srl_fifo__parameterized3
INFO: [VRFC 10-311] analyzing module design_1_axi_smc_0_sc_util_v1_0_2_axic_reg_srl_fifo__parameterized4
INFO: [VRFC 10-311] analyzing module design_1_axi_smc_0_sc_util_v1_0_2_axic_reg_srl_fifo__parameterized5
INFO: [VRFC 10-311] analyzing module design_1_axi_smc_0_sc_util_v1_0_2_counter
INFO: [VRFC 10-311] analyzing module design_1_axi_smc_0_sc_util_v1_0_2_counter_112
INFO: [VRFC 10-311] analyzing module design_1_axi_smc_0_sc_util_v1_0_2_counter__parameterized0
INFO: [VRFC 10-311] analyzing module design_1_axi_smc_0_sc_util_v1_0_2_counter__parameterized0_1
INFO: [VRFC 10-311] analyzing module design_1_axi_smc_0_sc_util_v1_0_2_counter__parameterized0_10
INFO: [VRFC 10-311] analyzing module design_1_axi_smc_0_sc_util_v1_0_2_counter__parameterized0_104
INFO: [VRFC 10-311] analyzing module design_1_axi_smc_0_sc_util_v1_0_2_counter__parameterized0_105
INFO: [VRFC 10-311] analyzing module design_1_axi_smc_0_sc_util_v1_0_2_counter__parameterized0_108
INFO: [VRFC 10-311] analyzing module design_1_axi_smc_0_sc_util_v1_0_2_counter__parameterized0_109
INFO: [VRFC 10-311] analyzing module design_1_axi_smc_0_sc_util_v1_0_2_counter__parameterized0_11
INFO: [VRFC 10-311] analyzing module design_1_axi_smc_0_sc_util_v1_0_2_counter__parameterized0_117
INFO: [VRFC 10-311] analyzing module design_1_axi_smc_0_sc_util_v1_0_2_counter__parameterized0_118
INFO: [VRFC 10-311] analyzing module design_1_axi_smc_0_sc_util_v1_0_2_counter__parameterized0_121
INFO: [VRFC 10-311] analyzing module design_1_axi_smc_0_sc_util_v1_0_2_counter__parameterized0_122
INFO: [VRFC 10-311] analyzing module design_1_axi_smc_0_sc_util_v1_0_2_counter__parameterized0_15
INFO: [VRFC 10-311] analyzing module design_1_axi_smc_0_sc_util_v1_0_2_counter__parameterized0_16
INFO: [VRFC 10-311] analyzing module design_1_axi_smc_0_sc_util_v1_0_2_counter__parameterized0_18
INFO: [VRFC 10-311] analyzing module design_1_axi_smc_0_sc_util_v1_0_2_counter__parameterized0_19
INFO: [VRFC 10-311] analyzing module design_1_axi_smc_0_sc_util_v1_0_2_counter__parameterized0_2
INFO: [VRFC 10-311] analyzing module design_1_axi_smc_0_sc_util_v1_0_2_counter__parameterized0_3
INFO: [VRFC 10-311] analyzing module design_1_axi_smc_0_sc_util_v1_0_2_counter__parameterized0_41
INFO: [VRFC 10-311] analyzing module design_1_axi_smc_0_sc_util_v1_0_2_counter__parameterized0_42
INFO: [VRFC 10-311] analyzing module design_1_axi_smc_0_sc_util_v1_0_2_counter__parameterized0_45
INFO: [VRFC 10-311] analyzing module design_1_axi_smc_0_sc_util_v1_0_2_counter__parameterized0_53
INFO: [VRFC 10-311] analyzing module design_1_axi_smc_0_sc_util_v1_0_2_counter__parameterized0_54
INFO: [VRFC 10-311] analyzing module design_1_axi_smc_0_sc_util_v1_0_2_counter__parameterized0_57
INFO: [VRFC 10-311] analyzing module design_1_axi_smc_0_sc_util_v1_0_2_counter__parameterized0_58
INFO: [VRFC 10-311] analyzing module design_1_axi_smc_0_sc_util_v1_0_2_counter__parameterized0_7
INFO: [VRFC 10-311] analyzing module design_1_axi_smc_0_sc_util_v1_0_2_counter__parameterized0_74
INFO: [VRFC 10-311] analyzing module design_1_axi_smc_0_sc_util_v1_0_2_counter__parameterized0_75
INFO: [VRFC 10-311] analyzing module design_1_axi_smc_0_sc_util_v1_0_2_counter__parameterized0_78
INFO: [VRFC 10-311] analyzing module design_1_axi_smc_0_sc_util_v1_0_2_counter__parameterized0_79
INFO: [VRFC 10-311] analyzing module design_1_axi_smc_0_sc_util_v1_0_2_counter__parameterized0_8
INFO: [VRFC 10-311] analyzing module design_1_axi_smc_0_sc_util_v1_0_2_counter__parameterized0_83
INFO: [VRFC 10-311] analyzing module design_1_axi_smc_0_sc_util_v1_0_2_counter__parameterized0_84
INFO: [VRFC 10-311] analyzing module design_1_axi_smc_0_sc_util_v1_0_2_counter__parameterized0_86
INFO: [VRFC 10-311] analyzing module design_1_axi_smc_0_sc_util_v1_0_2_counter__parameterized0_87
INFO: [VRFC 10-311] analyzing module design_1_axi_smc_0_sc_util_v1_0_2_counter__parameterized0_93
INFO: [VRFC 10-311] analyzing module design_1_axi_smc_0_sc_util_v1_0_2_counter__parameterized0_94
INFO: [VRFC 10-311] analyzing module design_1_axi_smc_0_sc_util_v1_0_2_counter__parameterized0_97
INFO: [VRFC 10-311] analyzing module design_1_axi_smc_0_sc_util_v1_0_2_counter__parameterized0_98
INFO: [VRFC 10-311] analyzing module design_1_axi_smc_0_sc_util_v1_0_2_counter__parameterized1
INFO: [VRFC 10-311] analyzing module design_1_axi_smc_0_sc_util_v1_0_2_counter__parameterized1_106
INFO: [VRFC 10-311] analyzing module design_1_axi_smc_0_sc_util_v1_0_2_counter__parameterized1_110
INFO: [VRFC 10-311] analyzing module design_1_axi_smc_0_sc_util_v1_0_2_counter__parameterized1_119
INFO: [VRFC 10-311] analyzing module design_1_axi_smc_0_sc_util_v1_0_2_counter__parameterized1_12
INFO: [VRFC 10-311] analyzing module design_1_axi_smc_0_sc_util_v1_0_2_counter__parameterized1_123
INFO: [VRFC 10-311] analyzing module design_1_axi_smc_0_sc_util_v1_0_2_counter__parameterized1_17
INFO: [VRFC 10-311] analyzing module design_1_axi_smc_0_sc_util_v1_0_2_counter__parameterized1_20
INFO: [VRFC 10-311] analyzing module design_1_axi_smc_0_sc_util_v1_0_2_counter__parameterized1_4
INFO: [VRFC 10-311] analyzing module design_1_axi_smc_0_sc_util_v1_0_2_counter__parameterized1_43
INFO: [VRFC 10-311] analyzing module design_1_axi_smc_0_sc_util_v1_0_2_counter__parameterized1_47
INFO: [VRFC 10-311] analyzing module design_1_axi_smc_0_sc_util_v1_0_2_counter__parameterized1_55
INFO: [VRFC 10-311] analyzing module design_1_axi_smc_0_sc_util_v1_0_2_counter__parameterized1_59
INFO: [VRFC 10-311] analyzing module design_1_axi_smc_0_sc_util_v1_0_2_counter__parameterized1_76
INFO: [VRFC 10-311] analyzing module design_1_axi_smc_0_sc_util_v1_0_2_counter__parameterized1_80
INFO: [VRFC 10-311] analyzing module design_1_axi_smc_0_sc_util_v1_0_2_counter__parameterized1_85
INFO: [VRFC 10-311] analyzing module design_1_axi_smc_0_sc_util_v1_0_2_counter__parameterized1_88
INFO: [VRFC 10-311] analyzing module design_1_axi_smc_0_sc_util_v1_0_2_counter__parameterized1_9
INFO: [VRFC 10-311] analyzing module design_1_axi_smc_0_sc_util_v1_0_2_counter__parameterized1_95
INFO: [VRFC 10-311] analyzing module design_1_axi_smc_0_sc_util_v1_0_2_counter__parameterized1_99
INFO: [VRFC 10-311] analyzing module design_1_axi_smc_0_sc_util_v1_0_2_counter__parameterized3
INFO: [VRFC 10-311] analyzing module design_1_axi_smc_0_sc_util_v1_0_2_counter__parameterized3_70
INFO: [VRFC 10-311] analyzing module design_1_axi_smc_0_sc_util_v1_0_2_counter__parameterized4
INFO: [VRFC 10-311] analyzing module design_1_axi_smc_0_sc_util_v1_0_2_pipeline
INFO: [VRFC 10-311] analyzing module design_1_axi_smc_0_sc_util_v1_0_2_pipeline_103
INFO: [VRFC 10-311] analyzing module design_1_axi_smc_0_sc_util_v1_0_2_pipeline_115
INFO: [VRFC 10-311] analyzing module design_1_axi_smc_0_sc_util_v1_0_2_pipeline_13
INFO: [VRFC 10-311] analyzing module design_1_axi_smc_0_sc_util_v1_0_2_pipeline_38
INFO: [VRFC 10-311] analyzing module design_1_axi_smc_0_sc_util_v1_0_2_pipeline_40
INFO: [VRFC 10-311] analyzing module design_1_axi_smc_0_sc_util_v1_0_2_pipeline_48
INFO: [VRFC 10-311] analyzing module design_1_axi_smc_0_sc_util_v1_0_2_pipeline_5
INFO: [VRFC 10-311] analyzing module design_1_axi_smc_0_sc_util_v1_0_2_pipeline_6
INFO: [VRFC 10-311] analyzing module design_1_axi_smc_0_sc_util_v1_0_2_pipeline_68
INFO: [VRFC 10-311] analyzing module design_1_axi_smc_0_sc_util_v1_0_2_pipeline_73
INFO: [VRFC 10-311] analyzing module design_1_axi_smc_0_sc_util_v1_0_2_pipeline_82
INFO: [VRFC 10-311] analyzing module design_1_axi_smc_0_sc_util_v1_0_2_pipeline_90
INFO: [VRFC 10-311] analyzing module design_1_axi_smc_0_sc_util_v1_0_2_pipeline__parameterized11
INFO: [VRFC 10-311] analyzing module design_1_axi_smc_0_sc_util_v1_0_2_pipeline__parameterized11_0
INFO: [VRFC 10-311] analyzing module design_1_axi_smc_0_sc_util_v1_0_2_pipeline__parameterized13
INFO: [VRFC 10-311] analyzing module design_1_axi_smc_0_sc_util_v1_0_2_pipeline__parameterized15
INFO: [VRFC 10-311] analyzing module design_1_axi_smc_0_sc_util_v1_0_2_pipeline__parameterized17
INFO: [VRFC 10-311] analyzing module design_1_axi_smc_0_sc_util_v1_0_2_pipeline__parameterized3_102
INFO: [VRFC 10-311] analyzing module design_1_axi_smc_0_sc_util_v1_0_2_pipeline__parameterized8
INFO: [VRFC 10-311] analyzing module design_1_axi_smc_0_sc_util_v1_0_2_srl_rtl
INFO: [VRFC 10-311] analyzing module design_1_axi_smc_0_sc_util_v1_0_2_srl_rtl_100
INFO: [VRFC 10-311] analyzing module design_1_axi_smc_0_sc_util_v1_0_2_srl_rtl_129
INFO: [VRFC 10-311] analyzing module design_1_axi_smc_0_sc_util_v1_0_2_srl_rtl_130
INFO: [VRFC 10-311] analyzing module design_1_axi_smc_0_sc_util_v1_0_2_srl_rtl_131
INFO: [VRFC 10-311] analyzing module design_1_axi_smc_0_sc_util_v1_0_2_srl_rtl_132
INFO: [VRFC 10-311] analyzing module design_1_axi_smc_0_sc_util_v1_0_2_srl_rtl_133
INFO: [VRFC 10-311] analyzing module design_1_axi_smc_0_sc_util_v1_0_2_srl_rtl_134
INFO: [VRFC 10-311] analyzing module design_1_axi_smc_0_sc_util_v1_0_2_srl_rtl_135
INFO: [VRFC 10-311] analyzing module design_1_axi_smc_0_sc_util_v1_0_2_srl_rtl_136
INFO: [VRFC 10-311] analyzing module design_1_axi_smc_0_sc_util_v1_0_2_srl_rtl_137
INFO: [VRFC 10-311] analyzing module design_1_axi_smc_0_sc_util_v1_0_2_srl_rtl_138
INFO: [VRFC 10-311] analyzing module design_1_axi_smc_0_sc_util_v1_0_2_srl_rtl_140
INFO: [VRFC 10-311] analyzing module design_1_axi_smc_0_sc_util_v1_0_2_srl_rtl_141
INFO: [VRFC 10-311] analyzing module design_1_axi_smc_0_sc_util_v1_0_2_srl_rtl_142
INFO: [VRFC 10-311] analyzing module design_1_axi_smc_0_sc_util_v1_0_2_srl_rtl_147
INFO: [VRFC 10-311] analyzing module design_1_axi_smc_0_sc_util_v1_0_2_srl_rtl_148
INFO: [VRFC 10-311] analyzing module design_1_axi_smc_0_sc_util_v1_0_2_srl_rtl_149
INFO: [VRFC 10-311] analyzing module design_1_axi_smc_0_sc_util_v1_0_2_srl_rtl_150
INFO: [VRFC 10-311] analyzing module design_1_axi_smc_0_sc_util_v1_0_2_srl_rtl_151
INFO: [VRFC 10-311] analyzing module design_1_axi_smc_0_sc_util_v1_0_2_srl_rtl_152
INFO: [VRFC 10-311] analyzing module design_1_axi_smc_0_sc_util_v1_0_2_srl_rtl_153
INFO: [VRFC 10-311] analyzing module design_1_axi_smc_0_sc_util_v1_0_2_srl_rtl_154
INFO: [VRFC 10-311] analyzing module design_1_axi_smc_0_sc_util_v1_0_2_srl_rtl_155
INFO: [VRFC 10-311] analyzing module design_1_axi_smc_0_sc_util_v1_0_2_srl_rtl_156
INFO: [VRFC 10-311] analyzing module design_1_axi_smc_0_sc_util_v1_0_2_srl_rtl_157
INFO: [VRFC 10-311] analyzing module design_1_axi_smc_0_sc_util_v1_0_2_srl_rtl_24
INFO: [VRFC 10-311] analyzing module design_1_axi_smc_0_sc_util_v1_0_2_srl_rtl_26
INFO: [VRFC 10-311] analyzing module design_1_axi_smc_0_sc_util_v1_0_2_srl_rtl_28
INFO: [VRFC 10-311] analyzing module design_1_axi_smc_0_sc_util_v1_0_2_srl_rtl_29
INFO: [VRFC 10-311] analyzing module design_1_axi_smc_0_sc_util_v1_0_2_srl_rtl_30
INFO: [VRFC 10-311] analyzing module design_1_axi_smc_0_sc_util_v1_0_2_srl_rtl_31
INFO: [VRFC 10-311] analyzing module design_1_axi_smc_0_sc_util_v1_0_2_srl_rtl_33
INFO: [VRFC 10-311] analyzing module design_1_axi_smc_0_sc_util_v1_0_2_xpm_memory_fifo
INFO: [VRFC 10-311] analyzing module design_1_axi_smc_0_sc_util_v1_0_2_xpm_memory_fifo_107
INFO: [VRFC 10-311] analyzing module design_1_axi_smc_0_sc_util_v1_0_2_xpm_memory_fifo_120
INFO: [VRFC 10-311] analyzing module design_1_axi_smc_0_sc_util_v1_0_2_xpm_memory_fifo_44
INFO: [VRFC 10-311] analyzing module design_1_axi_smc_0_sc_util_v1_0_2_xpm_memory_fifo_77
INFO: [VRFC 10-311] analyzing module design_1_axi_smc_0_sc_util_v1_0_2_xpm_memory_fifo__parameterized0
INFO: [VRFC 10-311] analyzing module design_1_axi_smc_0_sc_util_v1_0_2_xpm_memory_fifo__parameterized0_116
INFO: [VRFC 10-311] analyzing module design_1_axi_smc_0_sc_util_v1_0_2_xpm_memory_fifo__parameterized1
INFO: [VRFC 10-311] analyzing module design_1_axi_smc_0_sc_util_v1_0_2_xpm_memory_fifo__parameterized10
INFO: [VRFC 10-311] analyzing module design_1_axi_smc_0_sc_util_v1_0_2_xpm_memory_fifo__parameterized11
INFO: [VRFC 10-311] analyzing module design_1_axi_smc_0_sc_util_v1_0_2_xpm_memory_fifo__parameterized1_96
INFO: [VRFC 10-311] analyzing module design_1_axi_smc_0_sc_util_v1_0_2_xpm_memory_fifo__parameterized2
INFO: [VRFC 10-311] analyzing module design_1_axi_smc_0_sc_util_v1_0_2_xpm_memory_fifo__parameterized3
INFO: [VRFC 10-311] analyzing module design_1_axi_smc_0_sc_util_v1_0_2_xpm_memory_fifo__parameterized4
INFO: [VRFC 10-311] analyzing module design_1_axi_smc_0_sc_util_v1_0_2_xpm_memory_fifo__parameterized5
INFO: [VRFC 10-311] analyzing module design_1_axi_smc_0_sc_util_v1_0_2_xpm_memory_fifo__parameterized6
INFO: [VRFC 10-311] analyzing module design_1_axi_smc_0_sc_util_v1_0_2_xpm_memory_fifo__parameterized6_56
INFO: [VRFC 10-311] analyzing module design_1_axi_smc_0_sc_util_v1_0_2_xpm_memory_fifo__parameterized7
INFO: [VRFC 10-311] analyzing module design_1_axi_smc_0_sc_util_v1_0_2_xpm_memory_fifo__parameterized7_52
INFO: [VRFC 10-311] analyzing module design_1_axi_smc_0_sc_util_v1_0_2_xpm_memory_fifo__parameterized8
INFO: [VRFC 10-311] analyzing module design_1_axi_smc_0_sc_util_v1_0_2_xpm_memory_fifo__parameterized9
INFO: [VRFC 10-311] analyzing module glbl
