Vivado Simulator 2017.1
Copyright 1986-1999, 2001-2016 Xilinx, Inc. All Rights Reserved.
Running: /opt/Xilinx/Vivado/2017.1/bin/unwrapped/lnx64.o/xelab -wto 3d08e3e465324e78bb1f4ef72765cf29 --debug typical --relax --mt 8 -L xil_defaultlib -L unisims_ver -L secureip --snapshot design_1_wrapper_func_impl xil_defaultlib.design_1_wrapper xil_defaultlib.glbl -log elaborate.log 
Using 8 slave threads.
Starting static elaboration
Completed static elaboration
Starting simulation data flow analysis
Completed simulation data flow analysis
Time Resolution for simulation is 1ps
Compiling module unisims_ver.GND
Compiling module unisims_ver.x_lut1_mux2
Compiling module unisims_ver.LUT1
Compiling module unisims_ver.x_lut2_mux4
Compiling module unisims_ver.LUT2
Compiling module unisims_ver.x_lut3_mux8
Compiling module unisims_ver.LUT3
Compiling module unisims_ver.LUT4
Compiling module unisims_ver.LUT5
Compiling module unisims_ver.LUT6
Compiling module unisims_ver.FDRE_default
Compiling module xil_defaultlib.design_1_Image_Data_Buffer_0_0_I...
Compiling module xil_defaultlib.design_1_Image_Data_Buffer_0_0
Compiling module unisims_ver.RAM32M
Compiling module xil_defaultlib.design_1_axi_dma_0_1_axi_dma_smp...
Compiling module xil_defaultlib.design_1_axi_dma_0_1_axi_dma_mm2...
Compiling module xil_defaultlib.design_1_axi_dma_0_1_axi_dma_mm2...
Compiling module xil_defaultlib.design_1_axi_dma_0_1_axi_dma_mm2...
Compiling module xil_defaultlib.design_1_axi_dma_0_1_axi_dma_smp...
Compiling module xil_defaultlib.design_1_axi_dma_0_1_axi_dma_s2m...
Compiling module xil_defaultlib.design_1_axi_dma_0_1_axi_dma_s2m...
Compiling module xil_defaultlib.design_1_axi_dma_0_1_axi_dma_s2m...
Compiling module xil_defaultlib.design_1_axi_dma_0_1_axi_dma_lit...
Compiling module unisims_ver.FDSE(INIT=1'b0)
Compiling module xil_defaultlib.design_1_axi_dma_0_1_axi_dma_reg...
Compiling module xil_defaultlib.design_1_axi_dma_0_1_axi_dma_reg...
Compiling module xil_defaultlib.design_1_axi_dma_0_1_axi_dma_reg...
Compiling module xil_defaultlib.design_1_axi_dma_0_1_axi_datamov...
Compiling module unisims_ver.FDRE(INIT=1'b1)
Compiling module unisims_ver.FDSE_default
Compiling module xil_defaultlib.design_1_axi_dma_0_1_rd_fwft_24
Compiling module unisims_ver.CARRY4
Compiling module xil_defaultlib.design_1_axi_dma_0_1_updn_cntr
Compiling module xil_defaultlib.design_1_axi_dma_0_1_dc_ss
Compiling module xil_defaultlib.design_1_axi_dma_0_1_compare_27
Compiling module xil_defaultlib.design_1_axi_dma_0_1_compare_28
Compiling module xil_defaultlib.design_1_axi_dma_0_1_rd_status_f...
Compiling module xil_defaultlib.design_1_axi_dma_0_1_rd_bin_cntr...
Compiling module xil_defaultlib.design_1_axi_dma_0_1_rd_logic_18
Compiling module xil_defaultlib.design_1_axi_dma_0_1_compare_22
Compiling module xil_defaultlib.design_1_axi_dma_0_1_compare_23
Compiling module xil_defaultlib.design_1_axi_dma_0_1_wr_status_f...
Compiling module xil_defaultlib.design_1_axi_dma_0_1_wr_bin_cntr...
Compiling module xil_defaultlib.design_1_axi_dma_0_1_wr_logic_19
Compiling module unisims_ver.RB36_INTERNAL_VLOG(DOA_REG=1,DOB...
Compiling module unisims_ver.RAMB36E1(DOA_REG=1,DOB_REG=1,IS_...
Compiling module xil_defaultlib.design_1_axi_dma_0_1_blk_mem_gen...
Compiling module xil_defaultlib.design_1_axi_dma_0_1_blk_mem_gen...
Compiling module xil_defaultlib.design_1_axi_dma_0_1_blk_mem_gen...
Compiling module xil_defaultlib.design_1_axi_dma_0_1_blk_mem_gen...
Compiling module xil_defaultlib.design_1_axi_dma_0_1_blk_mem_gen...
Compiling module xil_defaultlib.design_1_axi_dma_0_1_blk_mem_gen...
Compiling module xil_defaultlib.design_1_axi_dma_0_1_memory
Compiling module xil_defaultlib.design_1_axi_dma_0_1_fifo_genera...
Compiling module xil_defaultlib.design_1_axi_dma_0_1_fifo_genera...
Compiling module xil_defaultlib.design_1_axi_dma_0_1_fifo_genera...
Compiling module xil_defaultlib.design_1_axi_dma_0_1_fifo_genera...
Compiling module xil_defaultlib.design_1_axi_dma_0_1_sync_fifo_f...
Compiling module xil_defaultlib.design_1_axi_dma_0_1_axi_datamov...
Compiling module xil_defaultlib.design_1_axi_dma_0_1_cntr_incr_d...
Compiling module unisims_ver.SRL16E_default
Compiling module xil_defaultlib.design_1_axi_dma_0_1_dynshreg_f_...
Compiling module xil_defaultlib.design_1_axi_dma_0_1_srl_fifo_rb...
Compiling module xil_defaultlib.design_1_axi_dma_0_1_srl_fifo_f_...
Compiling module xil_defaultlib.design_1_axi_dma_0_1_axi_datamov...
Compiling module xil_defaultlib.design_1_axi_dma_0_1_axi_datamov...
Compiling module xil_defaultlib.design_1_axi_dma_0_1_cntr_incr_d...
Compiling module xil_defaultlib.design_1_axi_dma_0_1_dynshreg_f_...
Compiling module xil_defaultlib.design_1_axi_dma_0_1_srl_fifo_rb...
Compiling module xil_defaultlib.design_1_axi_dma_0_1_srl_fifo_f_...
Compiling module xil_defaultlib.design_1_axi_dma_0_1_axi_datamov...
Compiling module xil_defaultlib.design_1_axi_dma_0_1_axi_datamov...
Compiling module xil_defaultlib.design_1_axi_dma_0_1_axi_datamov...
Compiling module xil_defaultlib.design_1_axi_dma_0_1_axi_datamov...
Compiling module xil_defaultlib.design_1_axi_dma_0_1_axi_datamov...
Compiling module xil_defaultlib.design_1_axi_dma_0_1_axi_datamov...
Compiling module xil_defaultlib.design_1_axi_dma_0_1_cntr_incr_d...
Compiling module xil_defaultlib.design_1_axi_dma_0_1_dynshreg_f_...
Compiling module xil_defaultlib.design_1_axi_dma_0_1_srl_fifo_rb...
Compiling module xil_defaultlib.design_1_axi_dma_0_1_srl_fifo_f_...
Compiling module xil_defaultlib.design_1_axi_dma_0_1_axi_datamov...
Compiling module xil_defaultlib.design_1_axi_dma_0_1_axi_datamov...
Compiling module xil_defaultlib.design_1_axi_dma_0_1_axi_datamov...
Compiling module xil_defaultlib.design_1_axi_dma_0_1_axi_datamov...
Compiling module xil_defaultlib.design_1_axi_dma_0_1_axi_datamov...
Compiling module xil_defaultlib.design_1_axi_dma_0_1_axi_datamov...
Compiling module xil_defaultlib.design_1_axi_dma_0_1_axi_datamov...
Compiling module xil_defaultlib.design_1_axi_dma_0_1_rd_fwft
Compiling module xil_defaultlib.design_1_axi_dma_0_1_compare_7
Compiling module xil_defaultlib.design_1_axi_dma_0_1_compare_8
Compiling module xil_defaultlib.design_1_axi_dma_0_1_rd_status_f...
Compiling module xil_defaultlib.design_1_axi_dma_0_1_rd_bin_cntr
Compiling module xil_defaultlib.design_1_axi_dma_0_1_rd_logic
Compiling module xil_defaultlib.design_1_axi_dma_0_1_compare
Compiling module xil_defaultlib.design_1_axi_dma_0_1_compare_6
Compiling module xil_defaultlib.design_1_axi_dma_0_1_wr_status_f...
Compiling module xil_defaultlib.design_1_axi_dma_0_1_wr_bin_cntr
Compiling module xil_defaultlib.design_1_axi_dma_0_1_wr_logic
Compiling module unisims_ver.RB18_INTERNAL_VLOG(DOA_REG=1,DOB...
Compiling module unisims_ver.RAMB18E1(DOA_REG=1,DOB_REG=1,IS_...
Compiling module xil_defaultlib.design_1_axi_dma_0_1_blk_mem_gen...
Compiling module xil_defaultlib.design_1_axi_dma_0_1_blk_mem_gen...
Compiling module xil_defaultlib.design_1_axi_dma_0_1_blk_mem_gen...
Compiling module xil_defaultlib.design_1_axi_dma_0_1_blk_mem_gen...
Compiling module xil_defaultlib.design_1_axi_dma_0_1_blk_mem_gen...
Compiling module xil_defaultlib.design_1_axi_dma_0_1_blk_mem_gen...
Compiling module xil_defaultlib.design_1_axi_dma_0_1_blk_mem_gen...
Compiling module xil_defaultlib.design_1_axi_dma_0_1_blk_mem_gen...
Compiling module xil_defaultlib.design_1_axi_dma_0_1_blk_mem_gen...
Compiling module xil_defaultlib.design_1_axi_dma_0_1_blk_mem_gen...
Compiling module xil_defaultlib.design_1_axi_dma_0_1_memory__par...
Compiling module xil_defaultlib.design_1_axi_dma_0_1_fifo_genera...
Compiling module xil_defaultlib.design_1_axi_dma_0_1_fifo_genera...
Compiling module xil_defaultlib.design_1_axi_dma_0_1_fifo_genera...
Compiling module xil_defaultlib.design_1_axi_dma_0_1_fifo_genera...
Compiling module xil_defaultlib.design_1_axi_dma_0_1_sync_fifo_f...
Compiling module xil_defaultlib.design_1_axi_dma_0_1_axi_datamov...
Compiling module xil_defaultlib.design_1_axi_dma_0_1_rd_handshak...
Compiling module xil_defaultlib.design_1_axi_dma_0_1_updn_cntr__...
Compiling module xil_defaultlib.design_1_axi_dma_0_1_dc_ss__para...
Compiling module xil_defaultlib.design_1_axi_dma_0_1_rd_status_f...
Compiling module xil_defaultlib.design_1_axi_dma_0_1_rd_bin_cntr...
Compiling module xil_defaultlib.design_1_axi_dma_0_1_rd_logic__p...
Compiling module xil_defaultlib.design_1_axi_dma_0_1_wr_status_f...
Compiling module xil_defaultlib.design_1_axi_dma_0_1_wr_bin_cntr...
Compiling module xil_defaultlib.design_1_axi_dma_0_1_wr_logic__p...
Compiling module xil_defaultlib.design_1_axi_dma_0_1_dmem
Compiling module xil_defaultlib.design_1_axi_dma_0_1_memory__par...
Compiling module xil_defaultlib.design_1_axi_dma_0_1_fifo_genera...
Compiling module xil_defaultlib.design_1_axi_dma_0_1_fifo_genera...
Compiling module xil_defaultlib.design_1_axi_dma_0_1_fifo_genera...
Compiling module xil_defaultlib.design_1_axi_dma_0_1_fifo_genera...
Compiling module xil_defaultlib.design_1_axi_dma_0_1_sync_fifo_f...
Compiling module xil_defaultlib.design_1_axi_dma_0_1_axi_datamov...
Compiling module xil_defaultlib.design_1_axi_dma_0_1_axi_datamov...
Compiling module unisims_ver.MUXF7
Compiling module xil_defaultlib.design_1_axi_dma_0_1_axi_datamov...
Compiling module xil_defaultlib.design_1_axi_dma_0_1_axi_datamov...
Compiling module xil_defaultlib.design_1_axi_dma_0_1_axi_datamov...
Compiling module xil_defaultlib.design_1_axi_dma_0_1_cntr_incr_d...
Compiling module xil_defaultlib.design_1_axi_dma_0_1_dynshreg_f_...
Compiling module xil_defaultlib.design_1_axi_dma_0_1_srl_fifo_rb...
Compiling module xil_defaultlib.design_1_axi_dma_0_1_srl_fifo_f_...
Compiling module xil_defaultlib.design_1_axi_dma_0_1_axi_datamov...
Compiling module xil_defaultlib.design_1_axi_dma_0_1_axi_datamov...
Compiling module xil_defaultlib.design_1_axi_dma_0_1_axi_datamov...
Compiling module xil_defaultlib.design_1_axi_dma_0_1_cntr_incr_d...
Compiling module xil_defaultlib.design_1_axi_dma_0_1_dynshreg_f_...
Compiling module xil_defaultlib.design_1_axi_dma_0_1_srl_fifo_rb...
Compiling module xil_defaultlib.design_1_axi_dma_0_1_srl_fifo_f_...
Compiling module xil_defaultlib.design_1_axi_dma_0_1_axi_datamov...
Compiling module xil_defaultlib.design_1_axi_dma_0_1_axi_datamov...
Compiling module xil_defaultlib.design_1_axi_dma_0_1_cntr_incr_d...
Compiling module xil_defaultlib.design_1_axi_dma_0_1_dynshreg_f
Compiling module xil_defaultlib.design_1_axi_dma_0_1_srl_fifo_rb...
Compiling module xil_defaultlib.design_1_axi_dma_0_1_srl_fifo_f
Compiling module xil_defaultlib.design_1_axi_dma_0_1_axi_datamov...
Compiling module xil_defaultlib.design_1_axi_dma_0_1_axi_datamov...
Compiling module xil_defaultlib.design_1_axi_dma_0_1_axi_datamov...
Compiling module xil_defaultlib.design_1_axi_dma_0_1_axi_datamov...
Compiling module xil_defaultlib.design_1_axi_dma_0_1_axi_datamov...
Compiling module xil_defaultlib.design_1_axi_dma_0_1_axi_datamov...
Compiling module xil_defaultlib.design_1_axi_dma_0_1_axi_datamov...
Compiling module xil_defaultlib.design_1_axi_dma_0_1_cntr_incr_d...
Compiling module xil_defaultlib.design_1_axi_dma_0_1_dynshreg_f_...
Compiling module xil_defaultlib.design_1_axi_dma_0_1_srl_fifo_rb...
Compiling module xil_defaultlib.design_1_axi_dma_0_1_srl_fifo_f_...
Compiling module xil_defaultlib.design_1_axi_dma_0_1_axi_datamov...
Compiling module xil_defaultlib.design_1_axi_dma_0_1_axi_datamov...
Compiling module xil_defaultlib.design_1_axi_dma_0_1_cntr_incr_d...
Compiling module xil_defaultlib.design_1_axi_dma_0_1_dynshreg_f_...
Compiling module xil_defaultlib.design_1_axi_dma_0_1_srl_fifo_rb...
Compiling module xil_defaultlib.design_1_axi_dma_0_1_srl_fifo_f_...
Compiling module xil_defaultlib.design_1_axi_dma_0_1_axi_datamov...
Compiling module xil_defaultlib.design_1_axi_dma_0_1_cntr_incr_d...
Compiling module xil_defaultlib.design_1_axi_dma_0_1_dynshreg_f_...
Compiling module xil_defaultlib.design_1_axi_dma_0_1_srl_fifo_rb...
Compiling module xil_defaultlib.design_1_axi_dma_0_1_srl_fifo_f_...
Compiling module xil_defaultlib.design_1_axi_dma_0_1_axi_datamov...
Compiling module xil_defaultlib.design_1_axi_dma_0_1_axi_datamov...
Compiling module xil_defaultlib.design_1_axi_dma_0_1_axi_datamov...
Compiling module xil_defaultlib.design_1_axi_dma_0_1_axi_datamov...
Compiling module xil_defaultlib.design_1_axi_dma_0_1_axi_dma_res...
Compiling module xil_defaultlib.design_1_axi_dma_0_1_axi_dma_res...
Compiling module xil_defaultlib.design_1_axi_dma_0_1_cdc_sync
Compiling module xil_defaultlib.design_1_axi_dma_0_1_cdc_sync_2
Compiling module xil_defaultlib.design_1_axi_dma_0_1_axi_dma_rst...
Compiling module unisims_ver.VCC
Compiling module xil_defaultlib.design_1_axi_dma_0_1_axi_dma
Compiling module xil_defaultlib.design_1_axi_dma_0_1
Compiling module xil_defaultlib.design_1_axi_smc_0_cdc_sync
Compiling module xil_defaultlib.design_1_axi_smc_0_lpf
Compiling module xil_defaultlib.design_1_axi_smc_0_upcnt_n
Compiling module xil_defaultlib.design_1_axi_smc_0_sequence_psr
Compiling module xil_defaultlib.design_1_axi_smc_0_proc_sys_rese...
Compiling module xil_defaultlib.design_1_axi_smc_0_bd_afc3_psr_a...
Compiling module xil_defaultlib.design_1_axi_smc_0_clk_map_imp_5...
Compiling module xil_defaultlib.design_1_axi_smc_0_sc_util_v1_0_...
Compiling module xil_defaultlib.design_1_axi_smc_0_sc_util_v1_0_...
Compiling module xil_defaultlib.design_1_axi_smc_0_sc_util_v1_0_...
Compiling module xil_defaultlib.design_1_axi_smc_0_sc_util_v1_0_...
Compiling module unisims_ver.SRLC32E_default
Compiling module xil_defaultlib.design_1_axi_smc_0_sc_util_v1_0_...
Compiling module xil_defaultlib.design_1_axi_smc_0_sc_util_v1_0_...
Compiling module xil_defaultlib.design_1_axi_smc_0_sc_util_v1_0_...
Compiling module xil_defaultlib.design_1_axi_smc_0_sc_util_v1_0_...
Compiling module xil_defaultlib.design_1_axi_smc_0_sc_util_v1_0_...
Compiling module xil_defaultlib.design_1_axi_smc_0_sc_util_v1_0_...
Compiling module xil_defaultlib.design_1_axi_smc_0_sc_util_v1_0_...
Compiling module xil_defaultlib.design_1_axi_smc_0_sc_util_v1_0_...
Compiling module xil_defaultlib.design_1_axi_smc_0_sc_util_v1_0_...
Compiling module xil_defaultlib.design_1_axi_smc_0_sc_util_v1_0_...
Compiling module xil_defaultlib.design_1_axi_smc_0_sc_util_v1_0_...
Compiling module xil_defaultlib.design_1_axi_smc_0_sc_util_v1_0_...
Compiling module xil_defaultlib.design_1_axi_smc_0_sc_util_v1_0_...
Compiling module xil_defaultlib.design_1_axi_smc_0_sc_util_v1_0_...
Compiling module xil_defaultlib.design_1_axi_smc_0_sc_util_v1_0_...
Compiling module xil_defaultlib.design_1_axi_smc_0_sc_util_v1_0_...
Compiling module xil_defaultlib.design_1_axi_smc_0_sc_util_v1_0_...
Compiling module xil_defaultlib.design_1_axi_smc_0_sc_exit_v1_0_...
Compiling module xil_defaultlib.design_1_axi_smc_0_sc_util_v1_0_...
Compiling module xil_defaultlib.design_1_axi_smc_0_sc_util_v1_0_...
Compiling module xil_defaultlib.design_1_axi_smc_0_sc_util_v1_0_...
Compiling module xil_defaultlib.design_1_axi_smc_0_sc_exit_v1_0_...
Compiling module xil_defaultlib.design_1_axi_smc_0_sc_exit_v1_0_...
Compiling module xil_defaultlib.design_1_axi_smc_0_sc_util_v1_0_...
Compiling module xil_defaultlib.design_1_axi_smc_0_sc_util_v1_0_...
Compiling module xil_defaultlib.design_1_axi_smc_0_sc_util_v1_0_...
Compiling module xil_defaultlib.design_1_axi_smc_0_sc_util_v1_0_...
Compiling module xil_defaultlib.design_1_axi_smc_0_sc_util_v1_0_...
Compiling module xil_defaultlib.design_1_axi_smc_0_sc_util_v1_0_...
Compiling module xil_defaultlib.design_1_axi_smc_0_sc_util_v1_0_...
Compiling module xil_defaultlib.design_1_axi_smc_0_sc_util_v1_0_...
Compiling module xil_defaultlib.design_1_axi_smc_0_sc_util_v1_0_...
Compiling module xil_defaultlib.design_1_axi_smc_0_sc_util_v1_0_...
Compiling module xil_defaultlib.design_1_axi_smc_0_sc_util_v1_0_...
Compiling module xil_defaultlib.design_1_axi_smc_0_sc_exit_v1_0_...
Compiling module xil_defaultlib.design_1_axi_smc_0_sc_exit_v1_0_...
Compiling module xil_defaultlib.design_1_axi_smc_0_sc_exit_v1_0_...
Compiling module xil_defaultlib.design_1_axi_smc_0_sc_exit_v1_0_...
Compiling module xil_defaultlib.design_1_axi_smc_0_sc_util_v1_0_...
Compiling module xil_defaultlib.design_1_axi_smc_0_sc_exit_v1_0_...
Compiling module xil_defaultlib.design_1_axi_smc_0_bd_afc3_m00e_...
Compiling module xil_defaultlib.design_1_axi_smc_0_m00_exit_pipe...
Compiling module xil_defaultlib.design_1_axi_smc_0_sc_util_v1_0_...
Compiling module xil_defaultlib.design_1_axi_smc_0_sc_util_v1_0_...
Compiling module xil_defaultlib.design_1_axi_smc_0_sc_util_v1_0_...
Compiling module xil_defaultlib.design_1_axi_smc_0_sc_util_v1_0_...
Compiling module xil_defaultlib.design_1_axi_smc_0_sc_node_v1_0_...
Compiling module xil_defaultlib.design_1_axi_smc_0_sc_util_v1_0_...
Compiling module xil_defaultlib.design_1_axi_smc_0_sc_util_v1_0_...
Compiling module xil_defaultlib.design_1_axi_smc_0_xpm_memory_ba...
Compiling module xil_defaultlib.design_1_axi_smc_0_sc_util_v1_0_...
Compiling module xil_defaultlib.design_1_axi_smc_0_sc_util_v1_0_...
Compiling module xil_defaultlib.design_1_axi_smc_0_sc_node_v1_0_...
Compiling module xil_defaultlib.design_1_axi_smc_0_sc_util_v1_0_...
Compiling module xil_defaultlib.design_1_axi_smc_0_sc_node_v1_0_...
Compiling module xil_defaultlib.design_1_axi_smc_0_sc_node_v1_0_...
Compiling module xil_defaultlib.design_1_axi_smc_0_sc_node_v1_0_...
Compiling module xil_defaultlib.design_1_axi_smc_0_sc_util_v1_0_...
Compiling module xil_defaultlib.design_1_axi_smc_0_sc_node_v1_0_...
Compiling module xil_defaultlib.design_1_axi_smc_0_sc_node_v1_0_...
Compiling module xil_defaultlib.design_1_axi_smc_0_bd_afc3_m00ar...
Compiling module xil_defaultlib.design_1_axi_smc_0_sc_util_v1_0_...
Compiling module xil_defaultlib.design_1_axi_smc_0_sc_util_v1_0_...
Compiling module xil_defaultlib.design_1_axi_smc_0_sc_util_v1_0_...
Compiling module xil_defaultlib.design_1_axi_smc_0_sc_util_v1_0_...
Compiling module xil_defaultlib.design_1_axi_smc_0_sc_node_v1_0_...
Compiling module xil_defaultlib.design_1_axi_smc_0_sc_util_v1_0_...
Compiling module xil_defaultlib.design_1_axi_smc_0_sc_util_v1_0_...
Compiling module xil_defaultlib.design_1_axi_smc_0_xpm_memory_ba...
Compiling module xil_defaultlib.design_1_axi_smc_0_sc_util_v1_0_...
Compiling module xil_defaultlib.design_1_axi_smc_0_sc_util_v1_0_...
Compiling module xil_defaultlib.design_1_axi_smc_0_sc_node_v1_0_...
Compiling module xil_defaultlib.design_1_axi_smc_0_sc_util_v1_0_...
Compiling module xil_defaultlib.design_1_axi_smc_0_sc_util_v1_0_...
Compiling module xil_defaultlib.design_1_axi_smc_0_sc_node_v1_0_...
Compiling module xil_defaultlib.design_1_axi_smc_0_sc_node_v1_0_...
Compiling module xil_defaultlib.design_1_axi_smc_0_sc_util_v1_0_...
Compiling module xil_defaultlib.design_1_axi_smc_0_sc_util_v1_0_...
Compiling module xil_defaultlib.design_1_axi_smc_0_sc_node_v1_0_...
Compiling module xil_defaultlib.design_1_axi_smc_0_sc_util_v1_0_...
Compiling module xil_defaultlib.design_1_axi_smc_0_sc_node_v1_0_...
Compiling module xil_defaultlib.design_1_axi_smc_0_sc_node_v1_0_...
Compiling module xil_defaultlib.design_1_axi_smc_0_bd_afc3_m00aw...
Compiling module xil_defaultlib.design_1_axi_smc_0_sc_util_v1_0_...
Compiling module xil_defaultlib.design_1_axi_smc_0_sc_util_v1_0_...
Compiling module xil_defaultlib.design_1_axi_smc_0_xpm_memory_ba...
Compiling module xil_defaultlib.design_1_axi_smc_0_sc_util_v1_0_...
Compiling module xil_defaultlib.design_1_axi_smc_0_sc_util_v1_0_...
Compiling module xil_defaultlib.design_1_axi_smc_0_sc_node_v1_0_...
Compiling module xil_defaultlib.design_1_axi_smc_0_sc_util_v1_0_...
Compiling module xil_defaultlib.design_1_axi_smc_0_sc_util_v1_0_...
Compiling module xil_defaultlib.design_1_axi_smc_0_xpm_memory_ba...
Compiling module xil_defaultlib.design_1_axi_smc_0_sc_util_v1_0_...
Compiling module xil_defaultlib.design_1_axi_smc_0_sc_util_v1_0_...
Compiling module xil_defaultlib.design_1_axi_smc_0_sc_node_v1_0_...
Compiling module xil_defaultlib.design_1_axi_smc_0_sc_node_v1_0_...
Compiling module xil_defaultlib.design_1_axi_smc_0_sc_node_v1_0_...
Compiling module xil_defaultlib.design_1_axi_smc_0_sc_util_v1_0_...
Compiling module xil_defaultlib.design_1_axi_smc_0_sc_node_v1_0_...
Compiling module xil_defaultlib.design_1_axi_smc_0_sc_node_v1_0_...
Compiling module xil_defaultlib.design_1_axi_smc_0_bd_afc3_m00bn...
Compiling module xil_defaultlib.design_1_axi_smc_0_sc_util_v1_0_...
Compiling module xil_defaultlib.design_1_axi_smc_0_sc_util_v1_0_...
Compiling module xil_defaultlib.design_1_axi_smc_0_xpm_memory_ba...
Compiling module xil_defaultlib.design_1_axi_smc_0_sc_util_v1_0_...
Compiling module xil_defaultlib.design_1_axi_smc_0_sc_util_v1_0_...
Compiling module xil_defaultlib.design_1_axi_smc_0_sc_node_v1_0_...
Compiling module xil_defaultlib.design_1_axi_smc_0_sc_util_v1_0_...
Compiling module xil_defaultlib.design_1_axi_smc_0_sc_util_v1_0_...
Compiling module xil_defaultlib.design_1_axi_smc_0_xpm_memory_ba...
Compiling module xil_defaultlib.design_1_axi_smc_0_sc_util_v1_0_...
Compiling module xil_defaultlib.design_1_axi_smc_0_sc_util_v1_0_...
Compiling module xil_defaultlib.design_1_axi_smc_0_sc_node_v1_0_...
Compiling module xil_defaultlib.design_1_axi_smc_0_sc_node_v1_0_...
Compiling module xil_defaultlib.design_1_axi_smc_0_sc_node_v1_0_...
Compiling module xil_defaultlib.design_1_axi_smc_0_sc_util_v1_0_...
Compiling module xil_defaultlib.design_1_axi_smc_0_sc_node_v1_0_...
Compiling module xil_defaultlib.design_1_axi_smc_0_sc_node_v1_0_...
Compiling module xil_defaultlib.design_1_axi_smc_0_bd_afc3_m00rn...
Compiling module xil_defaultlib.design_1_axi_smc_0_sc_util_v1_0_...
Compiling module xil_defaultlib.design_1_axi_smc_0_sc_util_v1_0_...
Compiling module xil_defaultlib.design_1_axi_smc_0_sc_util_v1_0_...
Compiling module xil_defaultlib.design_1_axi_smc_0_sc_util_v1_0_...
Compiling module xil_defaultlib.design_1_axi_smc_0_sc_node_v1_0_...
Compiling module xil_defaultlib.design_1_axi_smc_0_sc_util_v1_0_...
Compiling module xil_defaultlib.design_1_axi_smc_0_sc_util_v1_0_...
Compiling module xil_defaultlib.design_1_axi_smc_0_xpm_memory_ba...
Compiling module xil_defaultlib.design_1_axi_smc_0_sc_util_v1_0_...
Compiling module xil_defaultlib.design_1_axi_smc_0_sc_util_v1_0_...
Compiling module xil_defaultlib.design_1_axi_smc_0_sc_node_v1_0_...
Compiling module xil_defaultlib.design_1_axi_smc_0_sc_util_v1_0_...
Compiling module xil_defaultlib.design_1_axi_smc_0_sc_node_v1_0_...
Compiling module xil_defaultlib.design_1_axi_smc_0_sc_node_v1_0_...
Compiling module xil_defaultlib.design_1_axi_smc_0_sc_util_v1_0_...
Compiling module xil_defaultlib.design_1_axi_smc_0_sc_util_v1_0_...
Compiling module xil_defaultlib.design_1_axi_smc_0_sc_util_v1_0_...
Compiling module unisims_ver.RAM32X1D
Compiling module xil_defaultlib.design_1_axi_smc_0_xpm_memory_ba...
Compiling module xil_defaultlib.design_1_axi_smc_0_sc_util_v1_0_...
Compiling module xil_defaultlib.design_1_axi_smc_0_sc_util_v1_0_...
Compiling module xil_defaultlib.design_1_axi_smc_0_sc_node_v1_0_...
Compiling module xil_defaultlib.design_1_axi_smc_0_sc_node_v1_0_...
Compiling module xil_defaultlib.design_1_axi_smc_0_sc_node_v1_0_...
Compiling module xil_defaultlib.design_1_axi_smc_0_bd_afc3_m00wn...
Compiling module xil_defaultlib.design_1_axi_smc_0_m00_nodes_imp...
Compiling module xil_defaultlib.design_1_axi_smc_0_sc_util_v1_0_...
Compiling module xil_defaultlib.design_1_axi_smc_0_sc_util_v1_0_...
Compiling module xil_defaultlib.design_1_axi_smc_0_sc_mmu_v1_0_4...
Compiling module xil_defaultlib.design_1_axi_smc_0_sc_util_v1_0_...
Compiling module xil_defaultlib.design_1_axi_smc_0_sc_mmu_v1_0_4...
Compiling module xil_defaultlib.design_1_axi_smc_0_bd_afc3_s00mm...
Compiling module xil_defaultlib.design_1_axi_smc_0_sc_si_convert...
Compiling module xil_defaultlib.design_1_axi_smc_0_bd_afc3_s00si...
Compiling module xil_defaultlib.design_1_axi_smc_0_sc_util_v1_0_...
Compiling module xil_defaultlib.design_1_axi_smc_0_sc_transactio...
Compiling module xil_defaultlib.design_1_axi_smc_0_sc_transactio...
Compiling module xil_defaultlib.design_1_axi_smc_0_bd_afc3_s00tr...
Compiling module xil_defaultlib.design_1_axi_smc_0_s00_entry_pip...
Compiling module xil_defaultlib.design_1_axi_smc_0_sc_util_v1_0_...
Compiling module xil_defaultlib.design_1_axi_smc_0_sc_util_v1_0_...
Compiling module xil_defaultlib.design_1_axi_smc_0_sc_util_v1_0_...
Compiling module xil_defaultlib.design_1_axi_smc_0_sc_util_v1_0_...
Compiling module xil_defaultlib.design_1_axi_smc_0_sc_node_v1_0_...
Compiling module xil_defaultlib.design_1_axi_smc_0_sc_util_v1_0_...
Compiling module xil_defaultlib.design_1_axi_smc_0_sc_util_v1_0_...
Compiling module xil_defaultlib.design_1_axi_smc_0_xpm_memory_ba...
Compiling module xil_defaultlib.design_1_axi_smc_0_sc_util_v1_0_...
Compiling module xil_defaultlib.design_1_axi_smc_0_sc_util_v1_0_...
Compiling module xil_defaultlib.design_1_axi_smc_0_sc_node_v1_0_...
Compiling module xil_defaultlib.design_1_axi_smc_0_sc_node_v1_0_...
Compiling module xil_defaultlib.design_1_axi_smc_0_sc_node_v1_0_...
Compiling module xil_defaultlib.design_1_axi_smc_0_sc_util_v1_0_...
Compiling module xil_defaultlib.design_1_axi_smc_0_sc_node_v1_0_...
Compiling module xil_defaultlib.design_1_axi_smc_0_sc_node_v1_0_...
Compiling module xil_defaultlib.design_1_axi_smc_0_bd_afc3_sarn_...
Compiling module xil_defaultlib.design_1_axi_smc_0_sc_node_v1_0_...
Compiling module xil_defaultlib.design_1_axi_smc_0_sc_util_v1_0_...
Compiling module xil_defaultlib.design_1_axi_smc_0_sc_util_v1_0_...
Compiling module xil_defaultlib.design_1_axi_smc_0_sc_util_v1_0_...
Compiling module xil_defaultlib.design_1_axi_smc_0_sc_node_v1_0_...
Compiling module xil_defaultlib.design_1_axi_smc_0_sc_util_v1_0_...
Compiling module xil_defaultlib.design_1_axi_smc_0_sc_util_v1_0_...
Compiling module xil_defaultlib.design_1_axi_smc_0_xpm_memory_ba...
Compiling module xil_defaultlib.design_1_axi_smc_0_sc_util_v1_0_...
Compiling module xil_defaultlib.design_1_axi_smc_0_sc_util_v1_0_...
Compiling module xil_defaultlib.design_1_axi_smc_0_sc_node_v1_0_...
Compiling module xil_defaultlib.design_1_axi_smc_0_sc_util_v1_0_...
Compiling module xil_defaultlib.design_1_axi_smc_0_sc_node_v1_0_...
Compiling module xil_defaultlib.design_1_axi_smc_0_sc_node_v1_0_...
Compiling module xil_defaultlib.design_1_axi_smc_0_sc_util_v1_0_...
Compiling module xil_defaultlib.design_1_axi_smc_0_sc_node_v1_0_...
Compiling module xil_defaultlib.design_1_axi_smc_0_sc_node_v1_0_...
Compiling module xil_defaultlib.design_1_axi_smc_0_bd_afc3_srn_0
Compiling module xil_defaultlib.design_1_axi_smc_0_s00_nodes_imp...
Compiling module xil_defaultlib.design_1_axi_smc_0_sc_util_v1_0_...
Compiling module xil_defaultlib.design_1_axi_smc_0_sc_util_v1_0_...
Compiling module xil_defaultlib.design_1_axi_smc_0_sc_util_v1_0_...
Compiling module xil_defaultlib.design_1_axi_smc_0_sc_mmu_v1_0_4...
Compiling module xil_defaultlib.design_1_axi_smc_0_sc_util_v1_0_...
Compiling module xil_defaultlib.design_1_axi_smc_0_sc_mmu_v1_0_4...
Compiling module xil_defaultlib.design_1_axi_smc_0_bd_afc3_s01mm...
Compiling module xil_defaultlib.design_1_axi_smc_0_sc_util_v1_0_...
Compiling module xil_defaultlib.design_1_axi_smc_0_sc_util_v1_0_...
Compiling module xil_defaultlib.design_1_axi_smc_0_sc_util_v1_0_...
Compiling module xil_defaultlib.design_1_axi_smc_0_sc_util_v1_0_...
Compiling module xil_defaultlib.design_1_axi_smc_0_sc_util_v1_0_...
Compiling module xil_defaultlib.design_1_axi_smc_0_sc_util_v1_0_...
Compiling module xil_defaultlib.design_1_axi_smc_0_sc_util_v1_0_...
Compiling module xil_defaultlib.design_1_axi_smc_0_sc_util_v1_0_...
Compiling module xil_defaultlib.design_1_axi_smc_0_sc_util_v1_0_...
Compiling module xil_defaultlib.design_1_axi_smc_0_sc_si_convert...
Compiling module xil_defaultlib.design_1_axi_smc_0_sc_si_convert...
Compiling module xil_defaultlib.design_1_axi_smc_0_bd_afc3_s01si...
Compiling module xil_defaultlib.design_1_axi_smc_0_sc_util_v1_0_...
Compiling module xil_defaultlib.design_1_axi_smc_0_sc_transactio...
Compiling module xil_defaultlib.design_1_axi_smc_0_sc_transactio...
Compiling module xil_defaultlib.design_1_axi_smc_0_bd_afc3_s01tr...
Compiling module xil_defaultlib.design_1_axi_smc_0_s01_entry_pip...
Compiling module xil_defaultlib.design_1_axi_smc_0_sc_util_v1_0_...
Compiling module xil_defaultlib.design_1_axi_smc_0_sc_util_v1_0_...
Compiling module xil_defaultlib.design_1_axi_smc_0_sc_util_v1_0_...
Compiling module xil_defaultlib.design_1_axi_smc_0_sc_util_v1_0_...
Compiling module xil_defaultlib.design_1_axi_smc_0_sc_node_v1_0_...
Compiling module xil_defaultlib.design_1_axi_smc_0_sc_util_v1_0_...
Compiling module xil_defaultlib.design_1_axi_smc_0_sc_util_v1_0_...
Compiling module xil_defaultlib.design_1_axi_smc_0_xpm_memory_ba...
Compiling module xil_defaultlib.design_1_axi_smc_0_sc_util_v1_0_...
Compiling module xil_defaultlib.design_1_axi_smc_0_sc_util_v1_0_...
Compiling module xil_defaultlib.design_1_axi_smc_0_sc_node_v1_0_...
Compiling module xil_defaultlib.design_1_axi_smc_0_sc_node_v1_0_...
Compiling module xil_defaultlib.design_1_axi_smc_0_sc_node_v1_0_...
Compiling module xil_defaultlib.design_1_axi_smc_0_sc_util_v1_0_...
Compiling module xil_defaultlib.design_1_axi_smc_0_sc_node_v1_0_...
Compiling module xil_defaultlib.design_1_axi_smc_0_sc_node_v1_0_...
Compiling module xil_defaultlib.design_1_axi_smc_0_bd_afc3_sawn_...
Compiling module xil_defaultlib.design_1_axi_smc_0_sc_util_v1_0_...
Compiling module xil_defaultlib.design_1_axi_smc_0_sc_util_v1_0_...
Compiling module xil_defaultlib.design_1_axi_smc_0_sc_util_v1_0_...
Compiling module xil_defaultlib.design_1_axi_smc_0_sc_util_v1_0_...
Compiling module xil_defaultlib.design_1_axi_smc_0_sc_node_v1_0_...
Compiling module xil_defaultlib.design_1_axi_smc_0_sc_util_v1_0_...
Compiling module xil_defaultlib.design_1_axi_smc_0_sc_util_v1_0_...
Compiling module xil_defaultlib.design_1_axi_smc_0_xpm_memory_ba...
Compiling module xil_defaultlib.design_1_axi_smc_0_sc_util_v1_0_...
Compiling module xil_defaultlib.design_1_axi_smc_0_sc_util_v1_0_...
Compiling module xil_defaultlib.design_1_axi_smc_0_sc_node_v1_0_...
Compiling module xil_defaultlib.design_1_axi_smc_0_sc_util_v1_0_...
Compiling module xil_defaultlib.design_1_axi_smc_0_sc_node_v1_0_...
Compiling module xil_defaultlib.design_1_axi_smc_0_sc_node_v1_0_...
Compiling module xil_defaultlib.design_1_axi_smc_0_sc_util_v1_0_...
Compiling module xil_defaultlib.design_1_axi_smc_0_sc_node_v1_0_...
Compiling module xil_defaultlib.design_1_axi_smc_0_sc_node_v1_0_...
Compiling module xil_defaultlib.design_1_axi_smc_0_bd_afc3_sbn_0
Compiling module xil_defaultlib.design_1_axi_smc_0_sc_node_v1_0_...
Compiling module xil_defaultlib.design_1_axi_smc_0_sc_util_v1_0_...
Compiling module xil_defaultlib.design_1_axi_smc_0_sc_util_v1_0_...
Compiling module xil_defaultlib.design_1_axi_smc_0_xpm_memory_ba...
Compiling module xil_defaultlib.design_1_axi_smc_0_sc_util_v1_0_...
Compiling module xil_defaultlib.design_1_axi_smc_0_sc_util_v1_0_...
Compiling module xil_defaultlib.design_1_axi_smc_0_sc_node_v1_0_...
Compiling module xil_defaultlib.design_1_axi_smc_0_sc_util_v1_0_...
Compiling module xil_defaultlib.design_1_axi_smc_0_sc_node_v1_0_...
Compiling module xil_defaultlib.design_1_axi_smc_0_sc_util_v1_0_...
Compiling module xil_defaultlib.design_1_axi_smc_0_sc_util_v1_0_...
Compiling module xil_defaultlib.design_1_axi_smc_0_xpm_memory_ba...
Compiling module xil_defaultlib.design_1_axi_smc_0_sc_util_v1_0_...
Compiling module xil_defaultlib.design_1_axi_smc_0_sc_util_v1_0_...
Compiling module xil_defaultlib.design_1_axi_smc_0_sc_node_v1_0_...
Compiling module xil_defaultlib.design_1_axi_smc_0_sc_node_v1_0_...
Compiling module xil_defaultlib.design_1_axi_smc_0_sc_node_v1_0_...
Compiling module xil_defaultlib.design_1_axi_smc_0_sc_util_v1_0_...
Compiling module xil_defaultlib.design_1_axi_smc_0_sc_node_v1_0_...
Compiling module xil_defaultlib.design_1_axi_smc_0_sc_node_v1_0_...
Compiling module xil_defaultlib.design_1_axi_smc_0_bd_afc3_swn_0
Compiling module xil_defaultlib.design_1_axi_smc_0_s01_nodes_imp...
Compiling module xil_defaultlib.design_1_axi_smc_0_sc_util_v1_0_...
Compiling module xil_defaultlib.design_1_axi_smc_0_sc_switchboar...
Compiling module xil_defaultlib.design_1_axi_smc_0_bd_afc3_arsw_...
Compiling module xil_defaultlib.design_1_axi_smc_0_sc_util_v1_0_...
Compiling module xil_defaultlib.design_1_axi_smc_0_sc_switchboar...
Compiling module xil_defaultlib.design_1_axi_smc_0_bd_afc3_awsw_...
Compiling module xil_defaultlib.design_1_axi_smc_0_sc_util_v1_0_...
Compiling module xil_defaultlib.design_1_axi_smc_0_sc_switchboar...
Compiling module xil_defaultlib.design_1_axi_smc_0_bd_afc3_bsw_0
Compiling module xil_defaultlib.design_1_axi_smc_0_sc_util_v1_0_...
Compiling module xil_defaultlib.design_1_axi_smc_0_sc_switchboar...
Compiling module xil_defaultlib.design_1_axi_smc_0_bd_afc3_rsw_0
Compiling module xil_defaultlib.design_1_axi_smc_0_sc_util_v1_0_...
Compiling module xil_defaultlib.design_1_axi_smc_0_sc_switchboar...
Compiling module xil_defaultlib.design_1_axi_smc_0_bd_afc3_wsw_0
Compiling module xil_defaultlib.design_1_axi_smc_0_switchboards_...
Compiling module xil_defaultlib.design_1_axi_smc_0_bd_afc3
Compiling module xil_defaultlib.design_1_axi_smc_0
Compiling module xil_defaultlib.design_1_axis_dwidth_converter_0...
Compiling module xil_defaultlib.design_1_axis_dwidth_converter_0...
Compiling module xil_defaultlib.design_1_axis_dwidth_converter_0...
Compiling module unisims_ver.BIBUF
Compiling module unisims_ver.PS7
Compiling module unisims_ver.BUFG
Compiling module xil_defaultlib.design_1_processing_system7_0_0_...
Compiling module xil_defaultlib.design_1_processing_system7_0_0
Compiling module xil_defaultlib.design_1_auto_pc_0_axi_protocol_...
Compiling module xil_defaultlib.design_1_auto_pc_0_axi_protocol_...
Compiling module xil_defaultlib.design_1_auto_pc_0_axi_protocol_...
Compiling module xil_defaultlib.design_1_auto_pc_0_axi_protocol_...
Compiling module xil_defaultlib.design_1_auto_pc_0_axi_protocol_...
Compiling module xil_defaultlib.design_1_auto_pc_0_axi_protocol_...
Compiling module xil_defaultlib.design_1_auto_pc_0_axi_protocol_...
Compiling module xil_defaultlib.design_1_auto_pc_0_axi_protocol_...
Compiling module xil_defaultlib.design_1_auto_pc_0_axi_register_...
Compiling module xil_defaultlib.design_1_auto_pc_0_axi_register_...
Compiling module xil_defaultlib.design_1_auto_pc_0_axi_register_...
Compiling module xil_defaultlib.design_1_auto_pc_0_axi_register_...
Compiling module xil_defaultlib.design_1_auto_pc_0_axi_register_...
Compiling module xil_defaultlib.design_1_auto_pc_0_axi_protocol_...
Compiling module xil_defaultlib.design_1_auto_pc_0_axi_protocol_...
Compiling module xil_defaultlib.design_1_auto_pc_0_axi_protocol_...
Compiling module xil_defaultlib.design_1_auto_pc_0_axi_protocol_...
Compiling module xil_defaultlib.design_1_auto_pc_0_axi_protocol_...
Compiling module xil_defaultlib.design_1_auto_pc_0_axi_protocol_...
Compiling module xil_defaultlib.design_1_auto_pc_0_axi_protocol_...
Compiling module xil_defaultlib.design_1_auto_pc_0_axi_protocol_...
Compiling module xil_defaultlib.design_1_auto_pc_0_axi_protocol_...
Compiling module xil_defaultlib.design_1_auto_pc_0_axi_protocol_...
Compiling module xil_defaultlib.design_1_auto_pc_0
Compiling module xil_defaultlib.s00_couplers_imp_UYSKKA
Compiling module xil_defaultlib.design_1_ps7_0_axi_periph_0
Compiling module xil_defaultlib.design_1_rst_ps7_0_100M_0_cdc_sy...
Compiling module xil_defaultlib.design_1_rst_ps7_0_100M_0_lpf
Compiling module xil_defaultlib.design_1_rst_ps7_0_100M_0_upcnt_...
Compiling module xil_defaultlib.design_1_rst_ps7_0_100M_0_sequen...
Compiling module xil_defaultlib.design_1_rst_ps7_0_100M_0_proc_s...
Compiling module xil_defaultlib.design_1_rst_ps7_0_100M_0
Compiling module xil_defaultlib.design_1_xlconcat_0_0
Compiling module xil_defaultlib.design_1
Compiling module xil_defaultlib.design_1_wrapper
Compiling module xil_defaultlib.glbl
Built simulation snapshot design_1_wrapper_func_impl
