
*** Running vivado
    with args -log design_1_auto_pc_0.vds -m64 -product Vivado -mode batch -messageDb vivado.pb -notrace -source design_1_auto_pc_0.tcl


****** Vivado v2017.1 (64-bit)
  **** SW Build 1846317 on Fri Apr 14 18:54:47 MDT 2017
  **** IP Build 1846188 on Fri Apr 14 20:52:08 MDT 2017
    ** Copyright 1986-2017 Xilinx, Inc. All Rights Reserved.

source design_1_auto_pc_0.tcl -notrace
Starting RTL Elaboration : Time (s): cpu = 00:00:11 ; elapsed = 00:00:11 . Memory (MB): peak = 1196.926 ; gain = 76.996 ; free physical = 3309 ; free virtual = 6186
INFO: [Synth 8-638] synthesizing module 'design_1_auto_pc_0' [/home/akshat/Documents/Horus_VPU/Basics/PS_to_PL/PS_to_PL.srcs/sources_1/bd/design_1/ip/design_1_auto_pc_0/synth/design_1_auto_pc_0.v:58]
INFO: [Synth 8-638] synthesizing module 'axi_protocol_converter_v2_1_12_axi_protocol_converter' [/home/akshat/Documents/Horus_VPU/Basics/PS_to_PL/PS_to_PL.srcs/sources_1/bd/design_1/ipshared/138d/hdl/axi_protocol_converter_v2_1_vl_rfs.v:4811]
INFO: [Synth 8-638] synthesizing module 'axi_protocol_converter_v2_1_12_b2s' [/home/akshat/Documents/Horus_VPU/Basics/PS_to_PL/PS_to_PL.srcs/sources_1/bd/design_1/ipshared/138d/hdl/axi_protocol_converter_v2_1_vl_rfs.v:4229]
INFO: [Synth 8-638] synthesizing module 'axi_protocol_converter_v2_1_12_b2s_aw_channel' [/home/akshat/Documents/Horus_VPU/Basics/PS_to_PL/PS_to_PL.srcs/sources_1/bd/design_1/ipshared/138d/hdl/axi_protocol_converter_v2_1_vl_rfs.v:3974]
INFO: [Synth 8-638] synthesizing module 'axi_protocol_converter_v2_1_12_b2s_cmd_translator' [/home/akshat/Documents/Horus_VPU/Basics/PS_to_PL/PS_to_PL.srcs/sources_1/bd/design_1/ipshared/138d/hdl/axi_protocol_converter_v2_1_vl_rfs.v:3467]
INFO: [Synth 8-638] synthesizing module 'axi_protocol_converter_v2_1_12_b2s_incr_cmd' [/home/akshat/Documents/Horus_VPU/Basics/PS_to_PL/PS_to_PL.srcs/sources_1/bd/design_1/ipshared/138d/hdl/axi_protocol_converter_v2_1_vl_rfs.v:3093]
INFO: [Synth 8-256] done synthesizing module 'axi_protocol_converter_v2_1_12_b2s_incr_cmd' (1#1) [/home/akshat/Documents/Horus_VPU/Basics/PS_to_PL/PS_to_PL.srcs/sources_1/bd/design_1/ipshared/138d/hdl/axi_protocol_converter_v2_1_vl_rfs.v:3093]
INFO: [Synth 8-638] synthesizing module 'axi_protocol_converter_v2_1_12_b2s_wrap_cmd' [/home/akshat/Documents/Horus_VPU/Basics/PS_to_PL/PS_to_PL.srcs/sources_1/bd/design_1/ipshared/138d/hdl/axi_protocol_converter_v2_1_vl_rfs.v:2903]
INFO: [Synth 8-256] done synthesizing module 'axi_protocol_converter_v2_1_12_b2s_wrap_cmd' (2#1) [/home/akshat/Documents/Horus_VPU/Basics/PS_to_PL/PS_to_PL.srcs/sources_1/bd/design_1/ipshared/138d/hdl/axi_protocol_converter_v2_1_vl_rfs.v:2903]
INFO: [Synth 8-256] done synthesizing module 'axi_protocol_converter_v2_1_12_b2s_cmd_translator' (3#1) [/home/akshat/Documents/Horus_VPU/Basics/PS_to_PL/PS_to_PL.srcs/sources_1/bd/design_1/ipshared/138d/hdl/axi_protocol_converter_v2_1_vl_rfs.v:3467]
INFO: [Synth 8-638] synthesizing module 'axi_protocol_converter_v2_1_12_b2s_wr_cmd_fsm' [/home/akshat/Documents/Horus_VPU/Basics/PS_to_PL/PS_to_PL.srcs/sources_1/bd/design_1/ipshared/138d/hdl/axi_protocol_converter_v2_1_vl_rfs.v:3225]
INFO: [Synth 8-256] done synthesizing module 'axi_protocol_converter_v2_1_12_b2s_wr_cmd_fsm' (4#1) [/home/akshat/Documents/Horus_VPU/Basics/PS_to_PL/PS_to_PL.srcs/sources_1/bd/design_1/ipshared/138d/hdl/axi_protocol_converter_v2_1_vl_rfs.v:3225]
INFO: [Synth 8-256] done synthesizing module 'axi_protocol_converter_v2_1_12_b2s_aw_channel' (5#1) [/home/akshat/Documents/Horus_VPU/Basics/PS_to_PL/PS_to_PL.srcs/sources_1/bd/design_1/ipshared/138d/hdl/axi_protocol_converter_v2_1_vl_rfs.v:3974]
INFO: [Synth 8-638] synthesizing module 'axi_protocol_converter_v2_1_12_b2s_b_channel' [/home/akshat/Documents/Horus_VPU/Basics/PS_to_PL/PS_to_PL.srcs/sources_1/bd/design_1/ipshared/138d/hdl/axi_protocol_converter_v2_1_vl_rfs.v:3609]
INFO: [Synth 8-638] synthesizing module 'axi_protocol_converter_v2_1_12_b2s_simple_fifo' [/home/akshat/Documents/Horus_VPU/Basics/PS_to_PL/PS_to_PL.srcs/sources_1/bd/design_1/ipshared/138d/hdl/axi_protocol_converter_v2_1_vl_rfs.v:2816]
INFO: [Synth 8-256] done synthesizing module 'axi_protocol_converter_v2_1_12_b2s_simple_fifo' (6#1) [/home/akshat/Documents/Horus_VPU/Basics/PS_to_PL/PS_to_PL.srcs/sources_1/bd/design_1/ipshared/138d/hdl/axi_protocol_converter_v2_1_vl_rfs.v:2816]
INFO: [Synth 8-638] synthesizing module 'axi_protocol_converter_v2_1_12_b2s_simple_fifo__parameterized0' [/home/akshat/Documents/Horus_VPU/Basics/PS_to_PL/PS_to_PL.srcs/sources_1/bd/design_1/ipshared/138d/hdl/axi_protocol_converter_v2_1_vl_rfs.v:2816]
INFO: [Synth 8-256] done synthesizing module 'axi_protocol_converter_v2_1_12_b2s_simple_fifo__parameterized0' (6#1) [/home/akshat/Documents/Horus_VPU/Basics/PS_to_PL/PS_to_PL.srcs/sources_1/bd/design_1/ipshared/138d/hdl/axi_protocol_converter_v2_1_vl_rfs.v:2816]
INFO: [Synth 8-256] done synthesizing module 'axi_protocol_converter_v2_1_12_b2s_b_channel' (7#1) [/home/akshat/Documents/Horus_VPU/Basics/PS_to_PL/PS_to_PL.srcs/sources_1/bd/design_1/ipshared/138d/hdl/axi_protocol_converter_v2_1_vl_rfs.v:3609]
INFO: [Synth 8-638] synthesizing module 'axi_protocol_converter_v2_1_12_b2s_ar_channel' [/home/akshat/Documents/Horus_VPU/Basics/PS_to_PL/PS_to_PL.srcs/sources_1/bd/design_1/ipshared/138d/hdl/axi_protocol_converter_v2_1_vl_rfs.v:4085]
INFO: [Synth 8-638] synthesizing module 'axi_protocol_converter_v2_1_12_b2s_rd_cmd_fsm' [/home/akshat/Documents/Horus_VPU/Basics/PS_to_PL/PS_to_PL.srcs/sources_1/bd/design_1/ipshared/138d/hdl/axi_protocol_converter_v2_1_vl_rfs.v:3336]
INFO: [Synth 8-256] done synthesizing module 'axi_protocol_converter_v2_1_12_b2s_rd_cmd_fsm' (8#1) [/home/akshat/Documents/Horus_VPU/Basics/PS_to_PL/PS_to_PL.srcs/sources_1/bd/design_1/ipshared/138d/hdl/axi_protocol_converter_v2_1_vl_rfs.v:3336]
INFO: [Synth 8-256] done synthesizing module 'axi_protocol_converter_v2_1_12_b2s_ar_channel' (9#1) [/home/akshat/Documents/Horus_VPU/Basics/PS_to_PL/PS_to_PL.srcs/sources_1/bd/design_1/ipshared/138d/hdl/axi_protocol_converter_v2_1_vl_rfs.v:4085]
INFO: [Synth 8-638] synthesizing module 'axi_protocol_converter_v2_1_12_b2s_r_channel' [/home/akshat/Documents/Horus_VPU/Basics/PS_to_PL/PS_to_PL.srcs/sources_1/bd/design_1/ipshared/138d/hdl/axi_protocol_converter_v2_1_vl_rfs.v:3814]
INFO: [Synth 8-638] synthesizing module 'axi_protocol_converter_v2_1_12_b2s_simple_fifo__parameterized1' [/home/akshat/Documents/Horus_VPU/Basics/PS_to_PL/PS_to_PL.srcs/sources_1/bd/design_1/ipshared/138d/hdl/axi_protocol_converter_v2_1_vl_rfs.v:2816]
INFO: [Synth 8-256] done synthesizing module 'axi_protocol_converter_v2_1_12_b2s_simple_fifo__parameterized1' (9#1) [/home/akshat/Documents/Horus_VPU/Basics/PS_to_PL/PS_to_PL.srcs/sources_1/bd/design_1/ipshared/138d/hdl/axi_protocol_converter_v2_1_vl_rfs.v:2816]
INFO: [Synth 8-638] synthesizing module 'axi_protocol_converter_v2_1_12_b2s_simple_fifo__parameterized2' [/home/akshat/Documents/Horus_VPU/Basics/PS_to_PL/PS_to_PL.srcs/sources_1/bd/design_1/ipshared/138d/hdl/axi_protocol_converter_v2_1_vl_rfs.v:2816]
INFO: [Synth 8-256] done synthesizing module 'axi_protocol_converter_v2_1_12_b2s_simple_fifo__parameterized2' (9#1) [/home/akshat/Documents/Horus_VPU/Basics/PS_to_PL/PS_to_PL.srcs/sources_1/bd/design_1/ipshared/138d/hdl/axi_protocol_converter_v2_1_vl_rfs.v:2816]
INFO: [Synth 8-256] done synthesizing module 'axi_protocol_converter_v2_1_12_b2s_r_channel' (10#1) [/home/akshat/Documents/Horus_VPU/Basics/PS_to_PL/PS_to_PL.srcs/sources_1/bd/design_1/ipshared/138d/hdl/axi_protocol_converter_v2_1_vl_rfs.v:3814]
INFO: [Synth 8-638] synthesizing module 'axi_register_slice_v2_1_12_axi_register_slice' [/home/akshat/Documents/Horus_VPU/Basics/PS_to_PL/PS_to_PL.srcs/sources_1/bd/design_1/ipshared/0e33/hdl/axi_register_slice_v2_1_vl_rfs.v:791]
INFO: [Synth 8-638] synthesizing module 'axi_infrastructure_v1_1_0_axi2vector' [/home/akshat/Documents/Horus_VPU/Basics/PS_to_PL/PS_to_PL.srcs/sources_1/bd/design_1/ipshared/7e3a/hdl/axi_infrastructure_v1_1_vl_rfs.v:60]
INFO: [Synth 8-256] done synthesizing module 'axi_infrastructure_v1_1_0_axi2vector' (11#1) [/home/akshat/Documents/Horus_VPU/Basics/PS_to_PL/PS_to_PL.srcs/sources_1/bd/design_1/ipshared/7e3a/hdl/axi_infrastructure_v1_1_vl_rfs.v:60]
INFO: [Synth 8-638] synthesizing module 'axi_register_slice_v2_1_12_axic_register_slice' [/home/akshat/Documents/Horus_VPU/Basics/PS_to_PL/PS_to_PL.srcs/sources_1/bd/design_1/ipshared/0e33/hdl/axi_register_slice_v2_1_vl_rfs.v:85]
INFO: [Synth 8-256] done synthesizing module 'axi_register_slice_v2_1_12_axic_register_slice' (12#1) [/home/akshat/Documents/Horus_VPU/Basics/PS_to_PL/PS_to_PL.srcs/sources_1/bd/design_1/ipshared/0e33/hdl/axi_register_slice_v2_1_vl_rfs.v:85]
INFO: [Synth 8-638] synthesizing module 'axi_register_slice_v2_1_12_axic_register_slice__parameterized0' [/home/akshat/Documents/Horus_VPU/Basics/PS_to_PL/PS_to_PL.srcs/sources_1/bd/design_1/ipshared/0e33/hdl/axi_register_slice_v2_1_vl_rfs.v:85]
INFO: [Synth 8-256] done synthesizing module 'axi_register_slice_v2_1_12_axic_register_slice__parameterized0' (12#1) [/home/akshat/Documents/Horus_VPU/Basics/PS_to_PL/PS_to_PL.srcs/sources_1/bd/design_1/ipshared/0e33/hdl/axi_register_slice_v2_1_vl_rfs.v:85]
INFO: [Synth 8-638] synthesizing module 'axi_register_slice_v2_1_12_axic_register_slice__parameterized1' [/home/akshat/Documents/Horus_VPU/Basics/PS_to_PL/PS_to_PL.srcs/sources_1/bd/design_1/ipshared/0e33/hdl/axi_register_slice_v2_1_vl_rfs.v:85]
INFO: [Synth 8-256] done synthesizing module 'axi_register_slice_v2_1_12_axic_register_slice__parameterized1' (12#1) [/home/akshat/Documents/Horus_VPU/Basics/PS_to_PL/PS_to_PL.srcs/sources_1/bd/design_1/ipshared/0e33/hdl/axi_register_slice_v2_1_vl_rfs.v:85]
INFO: [Synth 8-638] synthesizing module 'axi_register_slice_v2_1_12_axic_register_slice__parameterized2' [/home/akshat/Documents/Horus_VPU/Basics/PS_to_PL/PS_to_PL.srcs/sources_1/bd/design_1/ipshared/0e33/hdl/axi_register_slice_v2_1_vl_rfs.v:85]
INFO: [Synth 8-256] done synthesizing module 'axi_register_slice_v2_1_12_axic_register_slice__parameterized2' (12#1) [/home/akshat/Documents/Horus_VPU/Basics/PS_to_PL/PS_to_PL.srcs/sources_1/bd/design_1/ipshared/0e33/hdl/axi_register_slice_v2_1_vl_rfs.v:85]
INFO: [Synth 8-638] synthesizing module 'axi_infrastructure_v1_1_0_vector2axi' [/home/akshat/Documents/Horus_VPU/Basics/PS_to_PL/PS_to_PL.srcs/sources_1/bd/design_1/ipshared/7e3a/hdl/axi_infrastructure_v1_1_vl_rfs.v:474]
INFO: [Synth 8-256] done synthesizing module 'axi_infrastructure_v1_1_0_vector2axi' (13#1) [/home/akshat/Documents/Horus_VPU/Basics/PS_to_PL/PS_to_PL.srcs/sources_1/bd/design_1/ipshared/7e3a/hdl/axi_infrastructure_v1_1_vl_rfs.v:474]
INFO: [Synth 8-256] done synthesizing module 'axi_register_slice_v2_1_12_axi_register_slice' (14#1) [/home/akshat/Documents/Horus_VPU/Basics/PS_to_PL/PS_to_PL.srcs/sources_1/bd/design_1/ipshared/0e33/hdl/axi_register_slice_v2_1_vl_rfs.v:791]
INFO: [Synth 8-638] synthesizing module 'axi_register_slice_v2_1_12_axi_register_slice__parameterized0' [/home/akshat/Documents/Horus_VPU/Basics/PS_to_PL/PS_to_PL.srcs/sources_1/bd/design_1/ipshared/0e33/hdl/axi_register_slice_v2_1_vl_rfs.v:791]
INFO: [Synth 8-638] synthesizing module 'axi_infrastructure_v1_1_0_axi2vector__parameterized0' [/home/akshat/Documents/Horus_VPU/Basics/PS_to_PL/PS_to_PL.srcs/sources_1/bd/design_1/ipshared/7e3a/hdl/axi_infrastructure_v1_1_vl_rfs.v:60]
INFO: [Synth 8-256] done synthesizing module 'axi_infrastructure_v1_1_0_axi2vector__parameterized0' (14#1) [/home/akshat/Documents/Horus_VPU/Basics/PS_to_PL/PS_to_PL.srcs/sources_1/bd/design_1/ipshared/7e3a/hdl/axi_infrastructure_v1_1_vl_rfs.v:60]
INFO: [Synth 8-638] synthesizing module 'axi_register_slice_v2_1_12_axic_register_slice__parameterized3' [/home/akshat/Documents/Horus_VPU/Basics/PS_to_PL/PS_to_PL.srcs/sources_1/bd/design_1/ipshared/0e33/hdl/axi_register_slice_v2_1_vl_rfs.v:85]
INFO: [Synth 8-256] done synthesizing module 'axi_register_slice_v2_1_12_axic_register_slice__parameterized3' (14#1) [/home/akshat/Documents/Horus_VPU/Basics/PS_to_PL/PS_to_PL.srcs/sources_1/bd/design_1/ipshared/0e33/hdl/axi_register_slice_v2_1_vl_rfs.v:85]
INFO: [Synth 8-638] synthesizing module 'axi_register_slice_v2_1_12_axic_register_slice__parameterized4' [/home/akshat/Documents/Horus_VPU/Basics/PS_to_PL/PS_to_PL.srcs/sources_1/bd/design_1/ipshared/0e33/hdl/axi_register_slice_v2_1_vl_rfs.v:85]
INFO: [Synth 8-256] done synthesizing module 'axi_register_slice_v2_1_12_axic_register_slice__parameterized4' (14#1) [/home/akshat/Documents/Horus_VPU/Basics/PS_to_PL/PS_to_PL.srcs/sources_1/bd/design_1/ipshared/0e33/hdl/axi_register_slice_v2_1_vl_rfs.v:85]
INFO: [Synth 8-638] synthesizing module 'axi_register_slice_v2_1_12_axic_register_slice__parameterized5' [/home/akshat/Documents/Horus_VPU/Basics/PS_to_PL/PS_to_PL.srcs/sources_1/bd/design_1/ipshared/0e33/hdl/axi_register_slice_v2_1_vl_rfs.v:85]
INFO: [Synth 8-256] done synthesizing module 'axi_register_slice_v2_1_12_axic_register_slice__parameterized5' (14#1) [/home/akshat/Documents/Horus_VPU/Basics/PS_to_PL/PS_to_PL.srcs/sources_1/bd/design_1/ipshared/0e33/hdl/axi_register_slice_v2_1_vl_rfs.v:85]
INFO: [Synth 8-638] synthesizing module 'axi_register_slice_v2_1_12_axic_register_slice__parameterized6' [/home/akshat/Documents/Horus_VPU/Basics/PS_to_PL/PS_to_PL.srcs/sources_1/bd/design_1/ipshared/0e33/hdl/axi_register_slice_v2_1_vl_rfs.v:85]
INFO: [Synth 8-256] done synthesizing module 'axi_register_slice_v2_1_12_axic_register_slice__parameterized6' (14#1) [/home/akshat/Documents/Horus_VPU/Basics/PS_to_PL/PS_to_PL.srcs/sources_1/bd/design_1/ipshared/0e33/hdl/axi_register_slice_v2_1_vl_rfs.v:85]
INFO: [Synth 8-638] synthesizing module 'axi_infrastructure_v1_1_0_vector2axi__parameterized0' [/home/akshat/Documents/Horus_VPU/Basics/PS_to_PL/PS_to_PL.srcs/sources_1/bd/design_1/ipshared/7e3a/hdl/axi_infrastructure_v1_1_vl_rfs.v:474]
INFO: [Synth 8-256] done synthesizing module 'axi_infrastructure_v1_1_0_vector2axi__parameterized0' (14#1) [/home/akshat/Documents/Horus_VPU/Basics/PS_to_PL/PS_to_PL.srcs/sources_1/bd/design_1/ipshared/7e3a/hdl/axi_infrastructure_v1_1_vl_rfs.v:474]
INFO: [Synth 8-256] done synthesizing module 'axi_register_slice_v2_1_12_axi_register_slice__parameterized0' (14#1) [/home/akshat/Documents/Horus_VPU/Basics/PS_to_PL/PS_to_PL.srcs/sources_1/bd/design_1/ipshared/0e33/hdl/axi_register_slice_v2_1_vl_rfs.v:791]
INFO: [Synth 8-256] done synthesizing module 'axi_protocol_converter_v2_1_12_b2s' (15#1) [/home/akshat/Documents/Horus_VPU/Basics/PS_to_PL/PS_to_PL.srcs/sources_1/bd/design_1/ipshared/138d/hdl/axi_protocol_converter_v2_1_vl_rfs.v:4229]
INFO: [Synth 8-256] done synthesizing module 'axi_protocol_converter_v2_1_12_axi_protocol_converter' (16#1) [/home/akshat/Documents/Horus_VPU/Basics/PS_to_PL/PS_to_PL.srcs/sources_1/bd/design_1/ipshared/138d/hdl/axi_protocol_converter_v2_1_vl_rfs.v:4811]
INFO: [Synth 8-256] done synthesizing module 'design_1_auto_pc_0' (17#1) [/home/akshat/Documents/Horus_VPU/Basics/PS_to_PL/PS_to_PL.srcs/sources_1/bd/design_1/ip/design_1_auto_pc_0/synth/design_1_auto_pc_0.v:58]
Finished RTL Elaboration : Time (s): cpu = 00:01:03 ; elapsed = 00:01:04 . Memory (MB): peak = 1318.426 ; gain = 198.496 ; free physical = 3771 ; free virtual = 6700
Finished RTL Optimization Phase 1 : Time (s): cpu = 00:01:03 ; elapsed = 00:01:04 . Memory (MB): peak = 1318.426 ; gain = 198.496 ; free physical = 3772 ; free virtual = 6701
INFO: [Device 21-403] Loading part xc7z020clg484-1
Constraint Validation Runtime : Time (s): cpu = 00:00:00.16 ; elapsed = 00:00:00.13 . Memory (MB): peak = 1617.527 ; gain = 0.000 ; free physical = 3297 ; free virtual = 6225
Finished Constraint Validation : Time (s): cpu = 00:01:25 ; elapsed = 00:01:28 . Memory (MB): peak = 1617.527 ; gain = 497.598 ; free physical = 3197 ; free virtual = 6125
Finished Loading Part and Timing Information : Time (s): cpu = 00:01:25 ; elapsed = 00:01:28 . Memory (MB): peak = 1617.527 ; gain = 497.598 ; free physical = 3197 ; free virtual = 6125
Finished applying 'set_property' XDC Constraints : Time (s): cpu = 00:01:25 ; elapsed = 00:01:28 . Memory (MB): peak = 1617.527 ; gain = 497.598 ; free physical = 3196 ; free virtual = 6124
Finished RTL Optimization Phase 2 : Time (s): cpu = 00:01:26 ; elapsed = 00:01:30 . Memory (MB): peak = 1617.527 ; gain = 497.598 ; free physical = 3130 ; free virtual = 6058
Finished Cross Boundary and Area Optimization : Time (s): cpu = 00:01:30 ; elapsed = 00:01:34 . Memory (MB): peak = 1617.527 ; gain = 497.598 ; free physical = 3049 ; free virtual = 5978
Finished Applying XDC Timing Constraints : Time (s): cpu = 00:01:48 ; elapsed = 00:01:52 . Memory (MB): peak = 1617.527 ; gain = 497.598 ; free physical = 2623 ; free virtual = 5552
Finished Timing Optimization : Time (s): cpu = 00:01:51 ; elapsed = 00:01:55 . Memory (MB): peak = 1641.137 ; gain = 521.207 ; free physical = 2566 ; free virtual = 5494
Finished Technology Mapping : Time (s): cpu = 00:01:52 ; elapsed = 00:01:56 . Memory (MB): peak = 1649.145 ; gain = 529.215 ; free physical = 2552 ; free virtual = 5481
Finished IO Insertion : Time (s): cpu = 00:01:53 ; elapsed = 00:01:58 . Memory (MB): peak = 1649.145 ; gain = 529.215 ; free physical = 2546 ; free virtual = 5474
Finished Renaming Generated Instances : Time (s): cpu = 00:01:53 ; elapsed = 00:01:58 . Memory (MB): peak = 1649.145 ; gain = 529.215 ; free physical = 2546 ; free virtual = 5474
Finished Rebuilding User Hierarchy : Time (s): cpu = 00:01:54 ; elapsed = 00:01:58 . Memory (MB): peak = 1649.145 ; gain = 529.215 ; free physical = 2546 ; free virtual = 5474
Finished Renaming Generated Ports : Time (s): cpu = 00:01:54 ; elapsed = 00:01:58 . Memory (MB): peak = 1649.145 ; gain = 529.215 ; free physical = 2546 ; free virtual = 5474
Finished Handling Custom Attributes : Time (s): cpu = 00:01:54 ; elapsed = 00:01:58 . Memory (MB): peak = 1649.145 ; gain = 529.215 ; free physical = 2545 ; free virtual = 5474
Finished Renaming Generated Nets : Time (s): cpu = 00:01:54 ; elapsed = 00:01:58 . Memory (MB): peak = 1649.145 ; gain = 529.215 ; free physical = 2545 ; free virtual = 5474

Report Cell Usage: 
+------+--------+------+
|      |Cell    |Count |
+------+--------+------+
|1     |CARRY4  |    18|
|2     |LUT1    |    38|
|3     |LUT2    |    18|
|4     |LUT3    |   236|
|5     |LUT4    |    48|
|6     |LUT5    |    73|
|7     |LUT6    |   103|
|8     |SRL16E  |    18|
|9     |SRLC32E |    47|
|10    |FDRE    |   550|
|11    |FDSE    |    48|
+------+--------+------+
Finished Writing Synthesis Report : Time (s): cpu = 00:01:54 ; elapsed = 00:01:58 . Memory (MB): peak = 1649.145 ; gain = 529.215 ; free physical = 2545 ; free virtual = 5473
synth_design: Time (s): cpu = 00:01:58 ; elapsed = 00:02:02 . Memory (MB): peak = 1649.152 ; gain = 541.809 ; free physical = 2620 ; free virtual = 5563
